
Gurobi 8.1.1 (linux64) logging started Fri Apr  9 18:15:02 2021

Academic license - for non-commercial use only
Presolve added 4020 rows and 0 columns
Presolve removed 0 rows and 518 columns
Presolve time: 0.05s
Optimize a model with 598 rows, 2296 columns and 2839 nonzeros
Model has 1495 general constraints
Variable types: 114 continuous, 2182 integer (2074 binary)
Coefficient statistics:
  Matrix range     [1e-07, 1e+00]
  Objective range  [1e+00, 1e+00]
  Bounds range     [1e+00, 2e+02]
  RHS range        [1e+00, 2e+01]
Presolve added 4020 rows and 0 columns
Presolve removed 0 rows and 518 columns
Presolve time: 0.05s
Presolved: 4618 rows, 1778 columns, 12741 nonzeros
Presolved model has 102 SOS constraint(s)
Variable types: 104 continuous, 1674 integer (1674 binary)

Root relaxation: objective 2.474937e-01, 940 iterations, 0.04 seconds

    Nodes    |    Current Node    |     Objective Bounds      |     Work
 Expl Unexpl |  Obj  Depth IntInf | Incumbent    BestBd   Gap | It/Node Time

     0     0    0.24749    0   70          -    0.24749      -     -    0s
H    0     0                       0.3183969    0.24749  22.3%     -    0s
H    0     0                       0.3182253    0.24749  22.2%     -    0s
     0     0     cutoff    0         0.31823    0.31823  0.00%     -    0s

Cutting planes:
  Gomory: 1
  Implied bound: 4
  MIR: 96
  Zero half: 1

Explored 1 nodes (2301 simplex iterations) in 0.22 seconds
Thread count was 8 (of 8 available processors)

Solution count 2: 0.318225 0.318397 

Optimal solution found (tolerance 1.00e-04)
Best objective 3.182253017199e-01, best bound 3.182253017199e-01, gap 0.0000%

Gurobi 8.1.1 (linux64) logging started Fri Apr  9 18:15:03 2021

Academic license - for non-commercial use only
Presolve added 5472 rows and 0 columns
Presolve removed 0 rows and 551 columns
Presolve time: 0.04s
Optimize a model with 602 rows, 3453 columns and 4205 nonzeros
Model has 2545 general constraints
Variable types: 116 continuous, 3337 integer (3228 binary)
Coefficient statistics:
  Matrix range     [1e-07, 1e+00]
  Objective range  [1e+00, 1e+00]
  Bounds range     [1e+00, 2e+02]
  RHS range        [1e+00, 2e+01]
Presolve added 5472 rows and 0 columns
Presolve removed 0 rows and 551 columns
Presolve time: 0.04s
Presolved: 6074 rows, 2902 columns, 16988 nonzeros
Presolved model has 102 SOS constraint(s)
Variable types: 105 continuous, 2797 integer (2797 binary)

Root relaxation: objective 2.080434e-01, 264 iterations, 0.01 seconds

    Nodes    |    Current Node    |     Objective Bounds      |     Work
 Expl Unexpl |  Obj  Depth IntInf | Incumbent    BestBd   Gap | It/Node Time

     0     0    0.20804    0   85          -    0.20804      -     -    0s
H    0     0                       0.3202370    0.20804  35.0%     -    0s
H    0     0                       0.3185895    0.20804  34.7%     -    0s
     0     0    0.24343    0  197    0.31859    0.24343  23.6%     -    0s
H    0     0                       0.3185894    0.24343  23.6%     -    0s
     0     0    0.24770    0  192    0.31859    0.24770  22.3%     -    0s
     0     0    0.25255    0  185    0.31859    0.25255  20.7%     -    0s
H    0     0                       0.3183992    0.25255  20.7%     -    0s
     0     0    0.25257    0  184    0.31840    0.25257  20.7%     -    0s
     0     0    0.26029    0  218    0.31840    0.26029  18.2%     -    0s
     0     0    0.26045    0  219    0.31840    0.26045  18.2%     -    0s
H    0     0                       0.3183177    0.26045  18.2%     -    0s
     0     0    0.27502    0  225    0.31832    0.27502  13.6%     -    0s
H    0     0                       0.3182300    0.27502  13.6%     -    0s
     0     0    0.27546    0  256    0.31823    0.27546  13.4%     -    0s
H    0     0                       0.3182276    0.27546  13.4%     -    0s
     0     0    0.28075    0  223    0.31823    0.28075  11.8%     -    0s
     0     0    0.28087    0  228    0.31823    0.28087  11.7%     -    0s
     0     0    0.28087    0  229    0.31823    0.28087  11.7%     -    0s
     0     0    0.28107    0  143    0.31823    0.28107  11.7%     -    0s
     0     0    0.28177    0  139    0.31823    0.28177  11.5%     -    0s
     0     0    0.28177    0  142    0.31823    0.28177  11.5%     -    0s
H    0     0                       0.3106620    0.28177  9.30%     -    0s
     0     0    0.28178    0  127    0.31066    0.28178  9.30%     -    0s
     0     0    0.28178    0   63    0.31066    0.28178  9.30%     -    0s
     0     0    0.28737    0   75    0.31066    0.28737  7.50%     -    0s
     0     0    0.28845    0   93    0.31066    0.28845  7.15%     -    0s
     0     0    0.28925    0   93    0.31066    0.28925  6.89%     -    0s
H    0     0                       0.3098332    0.28925  6.64%     -    0s
     0     0    0.28937    0  102    0.30983    0.28937  6.60%     -    0s
     0     0    0.29310    0   88    0.30983    0.29310  5.40%     -    0s
     0     0    0.29355    0   92    0.30983    0.29355  5.26%     -    0s
     0     0    0.30309    0   91    0.30983    0.30309  2.18%     -    0s
H    0     0                       0.3064095    0.30309  1.08%     -    0s
H    0     0                       0.3062092    0.30309  1.02%     -    0s
     0     0    0.30563    0   95    0.30621    0.30563  0.19%     -    0s
     0     0    0.30563    0   53    0.30621    0.30563  0.19%     -    0s
H    0     0                       0.3062089    0.30563  0.19%     -    0s
     0     0    0.30563    0   76    0.30621    0.30563  0.19%     -    0s
     0     0    0.30563    0   89    0.30621    0.30563  0.19%     -    0s
     0     0    0.30563    0   73    0.30621    0.30563  0.19%     -    0s
     0     0    0.30563    0   74    0.30621    0.30563  0.19%     -    0s
     0     0    0.30563    0   81    0.30621    0.30563  0.19%     -    0s
     0     0    0.30587    0   82    0.30621    0.30587  0.11%     -    0s
     0     0    0.30587    0   90    0.30621    0.30587  0.11%     -    0s
     0     0    0.30587    0   64    0.30621    0.30587  0.11%     -    0s
     0     0    0.30587    0   64    0.30621    0.30587  0.11%     -    0s
     0     0    0.30587    0   38    0.30621    0.30587  0.11%     -    0s
     0     0     cutoff    0         0.30621    0.30621  0.00%     -    0s

Cutting planes:
  Gomory: 2
  Implied bound: 10
  MIR: 8

Explored 1 nodes (2720 simplex iterations) in 0.71 seconds
Thread count was 8 (of 8 available processors)

Solution count 10: 0.306209 0.306209 0.306409 ... 0.318589

Optimal solution found (tolerance 1.00e-04)
Best objective 3.062088749791e-01, best bound 3.062088749791e-01, gap 0.0000%

Gurobi 8.1.1 (linux64) logging started Fri Apr  9 18:15:04 2021

Academic license - for non-commercial use only
Presolve added 7156 rows and 0 columns
Presolve removed 0 rows and 759 columns
Presolve time: 0.05s
Optimize a model with 606 rows, 5030 columns and 5991 nonzeros
Model has 4015 general constraints
Variable types: 118 continuous, 4912 integer (4802 binary)
Coefficient statistics:
  Matrix range     [1e-07, 1e+00]
  Objective range  [1e+00, 1e+00]
  Bounds range     [1e+00, 2e+02]
  RHS range        [1e+00, 2e+01]
Presolve added 7156 rows and 0 columns
Presolve removed 0 rows and 759 columns
Presolve time: 0.05s
Presolved: 7762 rows, 4271 columns, 22145 nonzeros
Presolved model has 102 SOS constraint(s)
Variable types: 105 continuous, 4166 integer (4166 binary)

Root relaxation: objective 1.934742e-01, 867 iterations, 0.04 seconds

    Nodes    |    Current Node    |     Objective Bounds      |     Work
 Expl Unexpl |  Obj  Depth IntInf | Incumbent    BestBd   Gap | It/Node Time

     0     0    0.19347    0  127          -    0.19347      -     -    0s
H    0     0                       0.3204820    0.19347  39.6%     -    0s
     0     0    0.21995    0  148    0.32048    0.21995  31.4%     -    0s
H    0     0                       0.3185948    0.21995  31.0%     -    0s
H    0     0                       0.3182314    0.21995  30.9%     -    0s
     0     0    0.24535    0  160    0.31823    0.24535  22.9%     -    0s
     0     0    0.24575    0  160    0.31823    0.24575  22.8%     -    0s
     0     0    0.25654    0  172    0.31823    0.25654  19.4%     -    0s
     0     0    0.25654    0  179    0.31823    0.25654  19.4%     -    0s
     0     0    0.25813    0  154    0.31823    0.25813  18.9%     -    0s
     0     0    0.25831    0  139    0.31823    0.25831  18.8%     -    0s
     0     0    0.25854    0  135    0.31823    0.25854  18.8%     -    0s
H    0     0                       0.3165764    0.25854  18.3%     -    0s
     0     0    0.25854    0  134    0.31658    0.25854  18.3%     -    0s
     0     0    0.25946    0  141    0.31658    0.25946  18.0%     -    0s
H    0     0                       0.3161656    0.25946  17.9%     -    0s
H    0     0                       0.3161138    0.25946  17.9%     -    0s
     0     0    0.25946    0  142    0.31611    0.25946  17.9%     -    0s
H    0     0                       0.3139304    0.25946  17.3%     -    0s
     0     0    0.25946    0  148    0.31393    0.25946  17.3%     -    0s
     0     0    0.25946    0  149    0.31393    0.25946  17.3%     -    0s
H    0     0                       0.3070012    0.25946  15.5%     -    0s
     0     0    0.25946    0  148    0.30700    0.25946  15.5%     -    0s
     0     0    0.25946    0  137    0.30700    0.25946  15.5%     -    0s
H    0     0                       0.3062099    0.25946  15.3%     -    0s
     0     2    0.25946    0  137    0.30621    0.25946  15.3%     -    0s
H   31    25                       0.3001854    0.28738  4.26%  80.9    0s
H   74    34                       0.2983094    0.28991  2.82%  54.2    0s
H   76    33                       0.2973895    0.28991  2.51%  53.2    0s
H   77    28                       0.2944159    0.28991  1.53%  52.6    0s

Cutting planes:
  Gomory: 1
  Cover: 3
  Implied bound: 65
  Clique: 178
  MIR: 26
  Zero half: 19

Explored 136 nodes (8264 simplex iterations) in 0.91 seconds
Thread count was 8 (of 8 available processors)

Solution count 10: 0.294416 0.297389 0.298309 ... 0.316576

Optimal solution found (tolerance 1.00e-04)
Best objective 2.944158695562e-01, best bound 2.944158695562e-01, gap 0.0000%

Gurobi 8.1.1 (linux64) logging started Fri Apr  9 18:15:05 2021

Academic license - for non-commercial use only
Presolve added 9190 rows and 0 columns
Presolve removed 0 rows and 1037 columns
Presolve time: 0.06s
Optimize a model with 610 rows, 7027 columns and 8197 nonzeros
Model has 5905 general constraints
Variable types: 120 continuous, 6907 integer (6796 binary)
Coefficient statistics:
  Matrix range     [1e-07, 1e+00]
  Objective range  [1e+00, 1e+00]
  Bounds range     [1e+00, 2e+02]
  RHS range        [1e+00, 2e+01]
Presolve added 9190 rows and 0 columns
Presolve removed 0 rows and 1037 columns
Presolve time: 0.06s
Presolved: 9800 rows, 5990 columns, 28354 nonzeros
Presolved model has 102 SOS constraint(s)
Variable types: 105 continuous, 5885 integer (5885 binary)

Root relaxation: objective 1.875959e-01, 2226 iterations, 0.12 seconds

    Nodes    |    Current Node    |     Objective Bounds      |     Work
 Expl Unexpl |  Obj  Depth IntInf | Incumbent    BestBd   Gap | It/Node Time

     0     0    0.18760    0  113          -    0.18760      -     -    0s
H    0     0                       0.5039261    0.18760  62.8%     -    0s
     0     0    0.20626    0  157    0.50393    0.20626  59.1%     -    0s
H    0     0                       0.4561498    0.20626  54.8%     -    0s
     0     0    0.23264    0  135    0.45615    0.23264  49.0%     -    0s
H    0     0                       0.4499163    0.23264  48.3%     -    0s
     0     0    0.23265    0  141    0.44992    0.23265  48.3%     -    0s
     0     0    0.23347    0  233    0.44992    0.23347  48.1%     -    0s
     0     0    0.23347    0  226    0.44992    0.23347  48.1%     -    0s
     0     0    0.23376    0  159    0.44992    0.23376  48.0%     -    0s
H    0     0                       0.3183295    0.23376  26.6%     -    0s
     0     0    0.23384    0  161    0.31833    0.23384  26.5%     -    0s
H    0     0                       0.3182531    0.23384  26.5%     -    0s
     0     0    0.23441    0  177    0.31825    0.23441  26.3%     -    0s
     0     0    0.23441    0  179    0.31825    0.23441  26.3%     -    0s
     0     0    0.24106    0  181    0.31825    0.24106  24.3%     -    0s
     0     0    0.24144    0  177    0.31825    0.24144  24.1%     -    0s
     0     0    0.24319    0  174    0.31825    0.24319  23.6%     -    0s
     0     0    0.24319    0  192    0.31825    0.24319  23.6%     -    0s
     0     0    0.24319    0  185    0.31825    0.24319  23.6%     -    0s
H    0     0                       0.2930903    0.24319  17.0%     -    0s
     0     0    0.24319    0  154    0.29309    0.24319  17.0%     -    0s
     0     0    0.24347    0  157    0.29309    0.24347  16.9%     -    0s
     0     0    0.24347    0  151    0.29309    0.24347  16.9%     -    0s
     0     0    0.24347    0  111    0.29309    0.24347  16.9%     -    0s
     0     0    0.24347    0  133    0.29309    0.24347  16.9%     -    0s
     0     0    0.24368    0  101    0.29309    0.24368  16.9%     -    0s
     0     0    0.24872    0  106    0.29309    0.24872  15.1%     -    0s
     0     0    0.24872    0  110    0.29309    0.24872  15.1%     -    1s
H    0     0                       0.2929412    0.24872  15.1%     -    1s
     0     0    0.24872    0  112    0.29294    0.24872  15.1%     -    1s
     0     0    0.24872    0  127    0.29294    0.24872  15.1%     -    1s
     0     0    0.24872    0  119    0.29294    0.24872  15.1%     -    1s
H    0     0                       0.2929410    0.24872  15.1%     -    1s
     0     2    0.24872    0  111    0.29294    0.24872  15.1%     -    1s
H   69    39                       0.2857601    0.25572  10.5%   140    1s
H  300    95                       0.2823041    0.26343  6.69%  98.0    2s
H  516   138                       0.2804442    0.26638  5.01%  75.0    3s

Cutting planes:
  Gomory: 1
  Cover: 8
  Implied bound: 198
  Clique: 357
  MIR: 59
  Inf proof: 10
  Zero half: 58

Explored 1771 nodes (97765 simplex iterations) in 4.37 seconds
Thread count was 8 (of 8 available processors)

Solution count 10: 0.280444 0.282304 0.28576 ... 0.45615

Optimal solution found (tolerance 1.00e-04)
Best objective 2.804442204540e-01, best bound 2.804442204540e-01, gap 0.0000%

Gurobi 8.1.1 (linux64) logging started Fri Apr  9 18:15:09 2021

Academic license - for non-commercial use only
Presolve added 11576 rows and 0 columns
Presolve removed 0 rows and 1383 columns
Presolve time: 0.06s
Optimize a model with 614 rows, 9444 columns and 10823 nonzeros
Model has 8215 general constraints
Variable types: 122 continuous, 9322 integer (9210 binary)
Coefficient statistics:
  Matrix range     [1e-07, 1e+00]
  Objective range  [1e+00, 1e+00]
  Bounds range     [1e+00, 2e+02]
  RHS range        [1e+00, 2e+01]
Presolve added 11576 rows and 0 columns
Presolve removed 0 rows and 1383 columns
Presolve time: 0.07s
Presolved: 12190 rows, 8061 columns, 35619 nonzeros
Presolved model has 102 SOS constraint(s)
Variable types: 105 continuous, 7956 integer (7956 binary)

Root relaxation: objective 1.831133e-01, 3593 iterations, 0.29 seconds

    Nodes    |    Current Node    |     Objective Bounds      |     Work
 Expl Unexpl |  Obj  Depth IntInf | Incumbent    BestBd   Gap | It/Node Time

     0     0    0.18311    0  301          -    0.18311      -     -    0s
     0     0    0.19856    0  147          -    0.19856      -     -    0s
H    0     0                       0.4723978    0.19856  58.0%     -    0s
H    0     0                       0.3434617    0.19856  42.2%     -    0s
H    0     0                       0.3186133    0.19856  37.7%     -    0s
     0     0    0.19856    0  142    0.31861    0.19856  37.7%     -    0s
     0     0    0.22262    0  189    0.31861    0.22262  30.1%     -    0s
     0     0    0.22274    0  182    0.31861    0.22274  30.1%     -    0s
     0     0    0.22338    0  401    0.31861    0.22338  29.9%     -    0s
     0     0    0.22338    0  402    0.31861    0.22338  29.9%     -    0s
     0     0    0.22343    0  418    0.31861    0.22343  29.9%     -    1s
     0     0    0.22343    0  418    0.31861    0.22343  29.9%     -    1s
H    0     0                       0.2791526    0.22343  20.0%     -    1s
     0     0    0.22640    0  128    0.27915    0.22640  18.9%     -    1s
     0     0    0.22640    0  116    0.27915    0.22640  18.9%     -    1s
     0     0    0.22733    0  121    0.27915    0.22733  18.6%     -    1s
     0     0    0.22733    0  118    0.27915    0.22733  18.6%     -    1s
     0     0    0.22824    0  119    0.27915    0.22824  18.2%     -    1s
     0     0    0.22824    0  120    0.27915    0.22824  18.2%     -    1s
     0     0    0.22892    0  179    0.27915    0.22892  18.0%     -    1s
     0     0    0.22893    0  179    0.27915    0.22893  18.0%     -    1s
H    0     0                       0.2550511    0.22893  10.2%     -    1s
     0     0    0.22895    0  109    0.25505    0.22895  10.2%     -    1s
     0     0    0.22901    0  169    0.25505    0.22901  10.2%     -    1s
     0     0    0.22912    0  171    0.25505    0.22912  10.2%     -    1s
     0     0    0.22912    0  111    0.25505    0.22912  10.2%     -    1s
     0     0    0.22912    0  100    0.25505    0.22912  10.2%     -    1s
     0     0    0.22912    0  101    0.25505    0.22912  10.2%     -    1s
     0     0    0.22936    0   86    0.25505    0.22936  10.1%     -    1s
     0     0    0.22937    0   92    0.25505    0.22937  10.1%     -    1s
     0     0    0.22941    0  118    0.25505    0.22941  10.1%     -    1s
     0     0    0.22947    0   95    0.25505    0.22947  10.0%     -    1s
     0     0    0.22951    0  105    0.25505    0.22951  10.0%     -    1s
     0     0    0.22952    0  124    0.25505    0.22952  10.0%     -    1s
     0     0    0.22956    0  122    0.25505    0.22956  10.0%     -    1s
     0     0    0.22956    0  112    0.25505    0.22956  10.0%     -    1s
     0     0    0.22956    0  133    0.25505    0.22956  10.0%     -    1s
     0     0    0.22956    0  142    0.25505    0.22956  10.0%     -    1s
     0     0    0.22956    0  133    0.25505    0.22956  10.0%     -    1s
     0     0    0.22956    0  117    0.25505    0.22956  10.0%     -    1s
     0     0    0.22956    0  120    0.25505    0.22956  10.0%     -    1s
     0     0    0.22956    0  119    0.25505    0.22956  10.0%     -    1s
H    0     0                       0.2538386    0.22956  9.56%     -    2s
     0     0    0.22956    0  117    0.25384    0.22956  9.56%     -    2s
     0     0    0.22956    0  127    0.25384    0.22956  9.56%     -    2s
     0     0    0.22956    0  118    0.25384    0.22956  9.56%     -    2s
     0     0    0.22956    0  118    0.25384    0.22956  9.56%     -    2s
     0     2    0.22956    0  117    0.25384    0.22956  9.56%     -    2s
H   32    34                       0.2510832    0.23017  8.33%   129    2s
  1715   959    0.23959    8  219    0.25108    0.23562  6.16%  45.9    5s
H 1744   928                       0.2510832    0.23655  5.79%  45.1    5s

Cutting planes:
  Gomory: 1
  Implied bound: 1
  Clique: 5
  MIR: 22
  StrongCG: 1
  Flow cover: 102
  Zero half: 25

Explored 4384 nodes (180742 simplex iterations) in 8.25 seconds
Thread count was 8 (of 8 available processors)

Solution count 9: 0.251083 0.251083 0.251083 ... 0.472398

Optimal solution found (tolerance 1.00e-04)
Best objective 2.510831527125e-01, best bound 2.510831527125e-01, gap 0.0000%

Gurobi 8.1.1 (linux64) logging started Fri Apr  9 18:15:18 2021

Academic license - for non-commercial use only
Presolve added 14314 rows and 0 columns
Presolve removed 0 rows and 1797 columns
Presolve time: 0.08s
Optimize a model with 618 rows, 12281 columns and 13869 nonzeros
Model has 10945 general constraints
Variable types: 124 continuous, 12157 integer (12044 binary)
Coefficient statistics:
  Matrix range     [1e-07, 1e+00]
  Objective range  [1e+00, 1e+00]
  Bounds range     [1e+00, 2e+02]
  RHS range        [1e+00, 2e+01]
Presolve added 14314 rows and 0 columns
Presolve removed 0 rows and 1797 columns
Presolve time: 0.08s
Presolved: 14932 rows, 10484 columns, 43940 nonzeros
Presolved model has 102 SOS constraint(s)
Variable types: 105 continuous, 10379 integer (10379 binary)

Root relaxation: objective 1.790776e-01, 5920 iterations, 0.39 seconds

    Nodes    |    Current Node    |     Objective Bounds      |     Work
 Expl Unexpl |  Obj  Depth IntInf | Incumbent    BestBd   Gap | It/Node Time

     0     0    0.17908    0  309          -    0.17908      -     -    0s
H    0     0                       0.3483404    0.17908  48.6%     -    0s
     0     0    0.19374    0  483    0.34834    0.19374  44.4%     -    0s
H    0     0                       0.3177559    0.19374  39.0%     -    1s
     0     0    0.19374    0  476    0.31776    0.19374  39.0%     -    1s
     0     0    0.21465    0  385    0.31776    0.21465  32.4%     -    1s
H    0     0                       0.2458357    0.21465  12.7%     -    1s
     0     0    0.21608    0  130    0.24584    0.21608  12.1%     -    1s
     0     0    0.21671    0  162    0.24584    0.21671  11.8%     -    1s
     0     0    0.21671    0  152    0.24584    0.21671  11.8%     -    1s
     0     0    0.21721    0  230    0.24584    0.21721  11.6%     -    1s
     0     0    0.21721    0  225    0.24584    0.21721  11.6%     -    1s
     0     0    0.21750    0  227    0.24584    0.21750  11.5%     -    1s
     0     0    0.21758    0  147    0.24584    0.21758  11.5%     -    1s
     0     0    0.21781    0  145    0.24584    0.21781  11.4%     -    1s
     0     0    0.21781    0  150    0.24584    0.21781  11.4%     -    1s
     0     0    0.21782    0  152    0.24584    0.21782  11.4%     -    1s
     0     0    0.21783    0  159    0.24584    0.21783  11.4%     -    1s
     0     0    0.21792    0  147    0.24584    0.21792  11.4%     -    1s
     0     0    0.21793    0  150    0.24584    0.21793  11.4%     -    2s
     0     0    0.21798    0  165    0.24584    0.21798  11.3%     -    2s
     0     0    0.21798    0  159    0.24584    0.21798  11.3%     -    2s
     0     0    0.21800    0  182    0.24584    0.21800  11.3%     -    2s
     0     0    0.21800    0  163    0.24584    0.21800  11.3%     -    2s
     0     2    0.21800    0  163    0.24584    0.21800  11.3%     -    2s
     7    16    0.22595    3  186    0.24584    0.21826  11.2%   215    6s
H  116   108                       0.2449127    0.21908  10.5%   160    9s
H  117   109                       0.2403642    0.21908  8.86%   159    9s
   160   145    0.23502   22   76    0.24036    0.21908  8.86%   140   10s
H  166   152                       0.2390621    0.21908  8.36%   136   10s
H  213   191                       0.2381989    0.22025  7.53%   125   12s
H  214   191                       0.2381729    0.22025  7.52%   126   12s
   782   525 infeasible   25         0.23817    0.22310  6.33%  78.9   15s
  1451   865    0.23357   18  162    0.23817    0.22427  5.84%  75.5   20s
  6340  3390    0.23146   68   56    0.23817    0.22427  5.84%  59.9   25s
 17896 10125    0.23723   67   67    0.23817    0.22613  5.06%  64.1   30s
 30076 15562    0.23793   79   16    0.23817    0.22902  3.84%  64.9   39s
 31209 16124    0.22925   61   69    0.23817    0.22918  3.78%  64.4   40s
 40483 19415    0.23811   67   65    0.23817    0.23025  3.33%  68.7   45s
 51269 22545    0.23464   65  120    0.23817    0.23130  2.88%  70.6   50s
 61490 24843    0.23710   63   10    0.23817    0.23210  2.55%  72.2   55s
 71277 26865    0.23647   58   85    0.23817    0.23266  2.31%  74.5   60s
 80029 28052    0.23804   54   62    0.23817    0.23313  2.12%  76.7   65s
 89792 29083     cutoff   55         0.23817    0.23358  1.93%  78.6   70s
 100899 30307     cutoff   65         0.23817    0.23408  1.72%  79.5   75s
 111485 31440     cutoff   76         0.23817    0.23454  1.53%  79.7   80s
 122348 32058     cutoff   66         0.23817    0.23491  1.37%  80.1   85s
 133833 32291    0.23809   63   66    0.23817    0.23533  1.20%  80.6   90s
 146128 33384    0.23719   74   52    0.23817    0.23556  1.10%  79.7   95s
 164031 35476     cutoff   72         0.23817    0.23573  1.03%  76.1  100s
 176545 34297     cutoff   58         0.23817    0.23599  0.92%  75.7  105s
 189139 33336     cutoff   69         0.23817    0.23624  0.81%  75.0  110s
 204306 33112    0.23773   61   87    0.23817    0.23640  0.74%  73.4  115s
 220139 31761     cutoff   84         0.23817    0.23660  0.66%  71.8  120s
 233746 28228     cutoff   53         0.23817    0.23682  0.57%  70.9  125s
 244710 25898     cutoff   71         0.23817    0.23701  0.49%  70.4  130s
 256307 24993    0.23710   69   52    0.23817    0.23710  0.45%  69.5  135s
 269814 21095     cutoff   81         0.23817    0.23729  0.37%  68.7  140s
 284081 16910    0.23746   64  111    0.23817    0.23746  0.30%  67.5  145s
 297131 11234     cutoff   85         0.23817    0.23775  0.18%  66.7  150s
 311381  5274     cutoff   57         0.23817    0.23798  0.08%  65.7  155s

Cutting planes:
  Gomory: 17
  Cover: 2
  Implied bound: 66
  Clique: 1
  MIR: 17
  StrongCG: 2
  Flow cover: 212
  Zero half: 80

Explored 320330 nodes (20997044 simplex iterations) in 157.81 seconds
Thread count was 8 (of 8 available processors)

Solution count 8: 0.238173 0.238199 0.239062 ... 0.34834

Optimal solution found (tolerance 1.00e-04)
Best objective 2.381728933724e-01, best bound 2.381496100012e-01, gap 0.0098%

Gurobi 8.1.1 (linux64) logging started Fri Apr  9 18:17:56 2021

Academic license - for non-commercial use only
Presolve added 17404 rows and 0 columns
Presolve removed 0 rows and 2279 columns
Presolve time: 0.10s
Optimize a model with 622 rows, 15538 columns and 17335 nonzeros
Model has 14095 general constraints
Variable types: 126 continuous, 15412 integer (15298 binary)
Coefficient statistics:
  Matrix range     [1e-07, 1e+00]
  Objective range  [1e+00, 1e+00]
  Bounds range     [1e+00, 2e+02]
  RHS range        [1e+00, 2e+01]
Presolve added 17404 rows and 0 columns
Presolve removed 0 rows and 2279 columns
Presolve time: 0.10s
Presolved: 18026 rows, 13259 columns, 53317 nonzeros
Presolved model has 102 SOS constraint(s)
Variable types: 105 continuous, 13154 integer (13154 binary)

Root relaxation: objective 1.751315e-01, 6968 iterations, 0.34 seconds

    Nodes    |    Current Node    |     Objective Bounds      |     Work
 Expl Unexpl |  Obj  Depth IntInf | Incumbent    BestBd   Gap | It/Node Time

     0     0    0.17513    0  312          -    0.17513      -     -    0s
H    0     0                       0.4920079    0.17513  64.4%     -    0s
     0     0    0.18908    0  463    0.49201    0.18908  61.6%     -    0s
H    0     0                       0.4917156    0.18908  61.5%     -    1s
     0     0    0.19110    0  458    0.49172    0.19110  61.1%     -    1s
H    0     0                       0.4210987    0.19110  54.6%     -    1s
H    0     0                       0.4209061    0.19110  54.6%     -    1s
H    0     0                       0.4141052    0.19110  53.9%     -    1s
H    0     0                       0.2920358    0.19110  34.6%     -    1s
     0     0    0.20761    0  369    0.29204    0.20761  28.9%     -    1s
     0     0    0.20762    0  368    0.29204    0.20762  28.9%     -    1s
H    0     0                       0.2704386    0.20762  23.2%     -    1s
     0     0    0.20956    0  380    0.27044    0.20956  22.5%     -    1s
     0     0    0.20956    0  385    0.27044    0.20956  22.5%     -    1s
     0     0    0.20982    0  419    0.27044    0.20982  22.4%     -    1s
     0     0    0.20988    0  392    0.27044    0.20988  22.4%     -    1s
     0     0    0.20997    0  384    0.27044    0.20997  22.4%     -    2s
     0     0    0.21004    0  397    0.27044    0.21004  22.3%     -    2s
     0     0    0.21034    0  438    0.27044    0.21034  22.2%     -    2s
H    0     0                       0.2395491    0.21034  12.2%     -    2s
     0     0    0.21045    0  137    0.23955    0.21045  12.1%     -    2s
     0     0    0.21049    0  149    0.23955    0.21049  12.1%     -    2s
     0     0    0.21058    0  141    0.23955    0.21058  12.1%     -    2s
     0     0    0.21067    0  139    0.23955    0.21067  12.1%     -    2s
     0     0    0.21067    0  134    0.23955    0.21067  12.1%     -    2s
     0     0    0.21074    0  143    0.23955    0.21074  12.0%     -    2s
     0     0    0.21075    0  126    0.23955    0.21075  12.0%     -    2s
     0     0    0.21098    0  147    0.23955    0.21098  11.9%     -    2s
     0     0    0.21106    0  134    0.23955    0.21106  11.9%     -    2s
     0     0    0.21130    0  165    0.23955    0.21130  11.8%     -    3s
     0     0    0.21141    0  157    0.23955    0.21141  11.7%     -    3s
     0     0    0.21149    0  155    0.23955    0.21149  11.7%     -    3s
     0     0    0.21149    0  151    0.23955    0.21149  11.7%     -    3s
     0     0    0.21151    0  141    0.23955    0.21151  11.7%     -    3s
     0     0    0.21151    0  148    0.23955    0.21151  11.7%     -    3s
H    0     0                       0.2395483    0.21151  11.7%     -    3s
     0     0    0.21151    0  147    0.23955    0.21151  11.7%     -    3s
     0     0    0.21151    0  134    0.23955    0.21151  11.7%     -    3s
     0     2    0.21151    0  134    0.23955    0.21151  11.7%     -    4s
     3     8    0.21257    2  121    0.23955    0.21183  11.6%   173    6s
H   31    28                       0.2364808    0.21242  10.2%   201    7s
H   33    29                       0.2362840    0.21242  10.1%   189    7s
H   68    59                       0.2362837    0.21304  9.84%   149    8s
   256   211    0.22213   28   96    0.23628    0.21304  9.84%   106   10s
H  400   311                       0.2356133    0.21304  9.58%  95.8   11s
H  527   384                       0.2355623    0.21350  9.37%  90.0   12s
H  543   398                       0.2347168    0.21350  9.04%  89.8   12s
   976   693    0.22702   28   79    0.23472    0.21350  9.04%  83.3   15s
H  980   695                       0.2347166    0.21402  8.82%  83.6   15s
  1549  1074    0.22626   49  136    0.23472    0.21430  8.70%  80.7   20s
  1574  1094    0.22110   13  165    0.23472    0.21562  8.14%  15.3   27s
  1620  1123    0.23358   18  136    0.23472    0.22144  5.66%  25.5   30s
  2068  1198    0.23327   52   35    0.23472    0.22144  5.66%  51.8   35s
  2956  1308     cutoff   31         0.23472    0.22676  3.39%  72.8   41s
  3772  1353     cutoff   32         0.23472    0.22813  2.81%  83.0   45s
  5028  1298     cutoff   33         0.23472    0.22952  2.21%  92.6   50s
  6444  1651    0.23288   31  120    0.23472    0.23048  1.81%  92.8   55s
  8006  1897    0.23463   27   82    0.23472    0.23130  1.45%  92.9   60s
  9929  1932    0.23364   38   94    0.23472    0.23213  1.10%  91.7   65s
 11847  1803     cutoff   27         0.23472    0.23272  0.85%  90.7   71s
 13558  1641     cutoff   20         0.23472    0.23314  0.67%  90.2   75s
 14695  1410    0.23454   39   74    0.23472    0.23337  0.57%  89.6   80s
 16943   705    0.23414   32   99    0.23472    0.23400  0.31%  89.0   85s

Cutting planes:
  Gomory: 7
  Cover: 40
  Implied bound: 260
  MIR: 33
  Flow cover: 362
  Inf proof: 1
  Zero half: 140

Explored 18426 nodes (1767563 simplex iterations) in 89.08 seconds
Thread count was 8 (of 8 available processors)

Solution count 10: 0.234717 0.234717 0.235562 ... 0.270439

Optimal solution found (tolerance 1.00e-04)
Best objective 2.347166052506e-01, best bound 2.347166052506e-01, gap 0.0000%

Gurobi 8.1.1 (linux64) logging started Fri Apr  9 18:19:25 2021

Academic license - for non-commercial use only
Presolve added 20846 rows and 0 columns
Presolve removed 0 rows and 2829 columns
Presolve time: 0.12s
Optimize a model with 626 rows, 19215 columns and 21221 nonzeros
Model has 17665 general constraints
Variable types: 128 continuous, 19087 integer (18972 binary)
Coefficient statistics:
  Matrix range     [1e-07, 1e+00]
  Objective range  [1e+00, 1e+00]
  Bounds range     [1e+00, 2e+02]
  RHS range        [1e+00, 2e+01]
Presolve added 20846 rows and 0 columns
Presolve removed 0 rows and 2829 columns
Presolve time: 0.12s
Presolved: 21472 rows, 16386 columns, 63750 nonzeros
Presolved model has 102 SOS constraint(s)
Variable types: 105 continuous, 16281 integer (16281 binary)

Root relaxation: objective 1.715600e-01, 5117 iterations, 0.28 seconds

    Nodes    |    Current Node    |     Objective Bounds      |     Work
 Expl Unexpl |  Obj  Depth IntInf | Incumbent    BestBd   Gap | It/Node Time

     0     0    0.17156    0  307          -    0.17156      -     -    0s
H    0     0                       0.4765270    0.17156  64.0%     -    0s
     0     0    0.18461    0  378    0.47653    0.18461  61.3%     -    0s
H    0     0                       0.4024597    0.18461  54.1%     -    1s
     0     0    0.18461    0  375    0.40246    0.18461  54.1%     -    1s
H    0     0                       0.3371430    0.18461  45.2%     -    1s
H    0     0                       0.2918177    0.18461  36.7%     -    1s
     0     0    0.20150    0  502    0.29182    0.20150  31.0%     -    1s
     0     0    0.20150    0  511    0.29182    0.20150  31.0%     -    1s
     0     0    0.20321    0  354    0.29182    0.20321  30.4%     -    1s
     0     0    0.20324    0  337    0.29182    0.20324  30.4%     -    2s
     0     0    0.20388    0  398    0.29182    0.20388  30.1%     -    2s
     0     0    0.20391    0  383    0.29182    0.20391  30.1%     -    2s
     0     0    0.20398    0  406    0.29182    0.20398  30.1%     -    2s
     0     0    0.20401    0  401    0.29182    0.20401  30.1%     -    2s
     0     0    0.20403    0  430    0.29182    0.20403  30.1%     -    2s
     0     0    0.20403    0  404    0.29182    0.20403  30.1%     -    2s
H    0     0                       0.2830040    0.20403  27.9%     -    2s
H    0     0                       0.2413477    0.20403  15.5%     -    2s
     0     0    0.20411    0  410    0.24135    0.20411  15.4%     -    2s
     0     0    0.20412    0  393    0.24135    0.20412  15.4%     -    3s
     0     0    0.20475    0  404    0.24135    0.20475  15.2%     -    3s
     0     0    0.20475    0  396    0.24135    0.20475  15.2%     -    3s
     0     0    0.20475    0  435    0.24135    0.20475  15.2%     -    3s
     0     0    0.20475    0  393    0.24135    0.20475  15.2%     -    3s
     0     0    0.20480    0  436    0.24135    0.20480  15.1%     -    3s
H    0     0                       0.2335276    0.20480  12.3%     -    3s
H    0     0                       0.2327531    0.20480  12.0%     -    3s
     0     0    0.20486    0  372    0.23275    0.20486  12.0%     -    3s
     0     0    0.20499    0  409    0.23275    0.20499  11.9%     -    3s
H    0     0                       0.2327484    0.20499  11.9%     -    3s
     0     0    0.20501    0  364    0.23275    0.20501  11.9%     -    3s
     0     0    0.20502    0  158    0.23275    0.20502  11.9%     -    4s
     0     0    0.20502    0  151    0.23275    0.20502  11.9%     -    4s
     0     0    0.20502    0  143    0.23275    0.20502  11.9%     -    4s
     0     0    0.20503    0  142    0.23275    0.20503  11.9%     -    4s
     0     0    0.20504    0  144    0.23275    0.20504  11.9%     -    4s
     0     0    0.20504    0  144    0.23275    0.20504  11.9%     -    4s
     0     2    0.20504    0  144    0.23275    0.20504  11.9%     -    5s
    21    18    0.21417    5  461    0.23275    0.20653  11.3%   326   10s
H   68    44                       0.2311449    0.20669  10.6%   290   13s
    99    67    0.20859    8  119    0.23114    0.20669  10.6%   252   15s
H  104    68                       0.2282733    0.20669  9.45%   253   15s
   381   238    0.22635   26  141    0.22827    0.20678  9.42%   170   20s
H  382   238                       0.2282728    0.20678  9.42%   169   20s
  1085   730    0.22106   35  135    0.22827    0.20691  9.36%   108   25s
  1481  1050    0.20964   31  118    0.22827    0.20964  8.16%   6.9   30s
  6715  3823    0.22373   61   81    0.22827    0.21182  7.21%  66.3   35s
 13592  8218    0.22255   44  117    0.22827    0.21342  6.51%  78.0   40s
 21746 12565    0.21988   48  101    0.22827    0.21470  5.95%  80.9   45s
 29418 16320    0.22255   57  142    0.22827    0.21537  5.65%  81.6   56s
 29436 16332    0.22813   55  166    0.22827    0.21537  5.65%  81.6   60s
 29455 16345    0.22658   55  247    0.22827    0.21537  5.65%  81.5   65s
 29470 16355    0.22495   57  288    0.22827    0.21537  5.65%  81.5   70s
 29486 16365    0.22555   47  345    0.22827    0.21537  5.65%  81.5   75s
 29500 16375    0.22541   50  390    0.22827    0.21537  5.65%  81.4   80s
 29514 16384    0.22212   40  451    0.22827    0.21537  5.65%  81.4   85s
 29528 16393    0.22572   49  447    0.22827    0.21537  5.65%  81.3   90s
 29542 16403    0.22611   73  449    0.22827    0.21537  5.65%  81.3   95s
 29547 16409    0.21537   45  428    0.22827    0.21537  5.65%  82.2  103s
 29549 16412    0.21537   46  397    0.22827    0.21537  5.65%  82.3  107s
 29553 16419    0.21537   47  385    0.22827    0.21537  5.65%  82.3  112s
 29577 16435    0.21537   49  382    0.22827    0.21537  5.65%  82.6  115s
 30029 16622    0.22494   70  107    0.22827    0.21537  5.65%  85.3  120s
 31454 17072    0.22213   52  149    0.22827    0.21669  5.07%  91.0  125s
 33081 17618    0.22555   55  219    0.22827    0.21870  4.19%  97.2  130s
 35187 18093     cutoff   64         0.22827    0.21932  3.92%   103  135s
 37427 18384    0.22453   56  172    0.22827    0.22014  3.56%   108  140s
 39189 18584     cutoff   66         0.22827    0.22060  3.36%   113  145s
 41228 18752    0.22724   61  187    0.22827    0.22089  3.24%   117  150s
 43825 18917    0.22752   59  150    0.22827    0.22125  3.08%   121  155s
 45573 18974    0.22653   62  118    0.22827    0.22152  2.96%   125  160s
 47887 19046    0.22805   70  118    0.22827    0.22178  2.84%   128  165s
 50384 18991    0.22742   66  112    0.22827    0.22207  2.72%   132  171s
 53128 18797    0.22627   59  166    0.22827    0.22226  2.63%   135  176s
 54818 18674    0.22629   64   93    0.22827    0.22245  2.55%   137  180s
 56854 18471    0.22785   63  117    0.22827    0.22270  2.44%   140  186s
 59344 18243    0.22551   59  127    0.22827    0.22295  2.33%   143  191s
 61008 18072    0.22825   72  105    0.22827    0.22309  2.27%   145  195s
 63556 17817    0.22810   69  144    0.22827    0.22327  2.19%   147  201s
 65005 17667     cutoff   71         0.22827    0.22340  2.14%   149  205s
 66978 17293     cutoff   67         0.22827    0.22351  2.09%   151  210s
 69532 16912    0.22511   60  118    0.22827    0.22367  2.02%   153  216s
 72051 16740    0.22753   68  106    0.22827    0.22372  1.99%   154  220s
 74510 16279    0.22660   58   76    0.22827    0.22385  1.94%   155  226s
 77129 15835    0.22750   67   76    0.22827    0.22404  1.86%   157  231s
 79307 15561    0.22680   61  195    0.22827    0.22416  1.80%   158  236s
 81065 15860     cutoff   69         0.22827    0.22424  1.77%   159  240s
 83068 16271    0.22598   58  133    0.22827    0.22435  1.72%   159  245s
 86654 17005     cutoff   56         0.22827    0.22441  1.69%   159  250s
 88652 17183    0.22799   58  162    0.22827    0.22458  1.62%   160  256s
 90900 17444     cutoff   71         0.22827    0.22474  1.55%   161  260s
 93214 17671     cutoff   63         0.22827    0.22484  1.50%   162  265s
 95307 17809     cutoff   62         0.22827    0.22499  1.44%   163  270s
 98103 18140     cutoff   65         0.22827    0.22507  1.40%   163  275s
 101165 18252    0.22769   59  248    0.22827    0.22523  1.33%   165  281s
 102717 18294     cutoff   64         0.22827    0.22536  1.28%   165  285s
 105196 18337    0.22752   69  118    0.22827    0.22547  1.23%   166  290s
 107715 18418     cutoff   64         0.22827    0.22559  1.17%   167  295s
 110221 18570     cutoff   73         0.22827    0.22572  1.12%   167  300s

Cutting planes:
  Gomory: 23
  Cover: 1
  Implied bound: 110
  Clique: 1
  MIR: 19
  Flow cover: 588
  Zero half: 300

Explored 110778 nodes (18690083 simplex iterations) in 300.02 seconds
Thread count was 8 (of 8 available processors)

Solution count 10: 0.228273 0.228273 0.228273 ... 0.291818

Time limit reached
Best objective 2.282727981158e-01, best bound 2.257474928453e-01, gap 1.1063%
