
Gurobi 8.1.1 (linux64) logging started Fri Apr  9 18:33:02 2021

Academic license - for non-commercial use only
Presolve added 1394 rows and 0 columns
Presolve removed 0 rows and 391 columns
Presolve time: 0.01s
Optimize a model with 215 rows, 1264 columns and 1473 nonzeros
Model has 1154 general constraints
Variable types: 8 continuous, 1256 integer (1048 binary)
Coefficient statistics:
  Matrix range     [1e-07, 1e+00]
  Objective range  [1e+00, 1e+00]
  Bounds range     [3e-01, 1e+00]
  RHS range        [1e+00, 1e+00]
Presolve added 1394 rows and 0 columns
Presolve removed 0 rows and 391 columns
Presolve time: 0.01s
Presolved: 1609 rows, 873 columns, 4708 nonzeros
Variable types: 2 continuous, 871 integer (871 binary)
Found heuristic solution: objective 5.3937893
Found heuristic solution: objective 4.7578215

Root relaxation: objective 4.339660e+00, 1529 iterations, 0.04 seconds

    Nodes    |    Current Node    |     Objective Bounds      |     Work
 Expl Unexpl |  Obj  Depth IntInf | Incumbent    BestBd   Gap | It/Node Time

     0     0    4.33966    0  322    4.75782    4.33966  8.79%     -    0s
H    0     0                       4.6866879    4.33966  7.40%     -    0s
H    0     0                       4.6283001    4.33966  6.24%     -    0s
     0     0    4.48486    0  467    4.62830    4.48486  3.10%     -    0s
H    0     0                       4.5900867    4.48486  2.29%     -    0s
H    0     0                       4.5855614    4.48486  2.20%     -    0s
     0     0    4.48604    0  461    4.58556    4.48604  2.17%     -    0s
H    0     0                       4.5480822    4.48604  1.36%     -    0s
     0     0    4.49265    0  524    4.54808    4.49265  1.22%     -    0s
H    0     0                       4.5407447    4.49265  1.06%     -    0s
     0     0    4.49266    0  531    4.54074    4.49266  1.06%     -    0s
H    0     0                       4.5354021    4.49266  0.94%     -    0s
H    0     0                       4.5344324    4.49266  0.92%     -    0s
     0     0    4.49339    0  529    4.53443    4.49339  0.91%     -    0s
     0     0    4.49339    0  529    4.53443    4.49339  0.91%     -    0s
H    0     0                       4.5236181    4.49339  0.67%     -    0s
     0     2    4.49339    0  529    4.52362    4.49339  0.67%     -    0s
H  104   104                       4.5211349    4.49739  0.53%  38.3    0s
H  155   157                       4.5127748    4.49739  0.34%  32.4    0s
H  283   246                       4.5088853    4.49739  0.25%  25.1    0s
H  541   408                       4.5069838    4.49777  0.20%  20.8    0s
H 1440   446                       4.5043667    4.49901  0.12%  23.7    0s
H 2308   511                       4.5043662    4.49955  0.11%  26.1    2s
H 2975   517                       4.5043660    4.50028  0.09%  26.7    2s
H 5119   887                       4.5042456    4.50151  0.06%  25.4    3s
H 6129   762                       4.5041789    4.50231  0.04%  26.3    3s
H 6318   620                       4.5037950    4.50231  0.03%  26.1    3s
H 8286   437                       4.5033344    4.50262  0.02%  23.0    4s
H 8973   169                       4.5032033    4.50280  0.01%  22.2    4s

Cutting planes:
  Gomory: 1
  Implied bound: 424
  Clique: 5
  MIR: 13
  Flow cover: 2
  Zero half: 281

Explored 9528 nodes (212586 simplex iterations) in 4.20 seconds
Thread count was 8 (of 8 available processors)

Solution count 10: 4.5032 4.50333 4.5038 ... 4.50889

Optimal solution found (tolerance 1.00e-04)
Best objective 4.503203338188e+00, best bound 4.502960673117e+00, gap 0.0054%

Gurobi 8.1.1 (linux64) logging started Fri Apr  9 18:33:06 2021

Academic license - for non-commercial use only
Presolve added 14029 rows and 10368 columns
Presolve time: 0.19s
Optimize a model with 217 rows, 2420 columns and 2733 nonzeros
Model has 2308 general constraints
Variable types: 10 continuous, 2410 integer (2202 binary)
Coefficient statistics:
  Matrix range     [1e-07, 1e+00]
  Objective range  [1e+00, 1e+00]
  Bounds range     [3e-01, 2e+00]
  RHS range        [1e+00, 2e+00]
Presolve added 14029 rows and 10368 columns
Presolve time: 0.19s
Presolved: 14246 rows, 12788 columns, 43143 nonzeros
Variable types: 2 continuous, 12786 integer (7332 binary)
Found heuristic solution: objective 8.7999925
Found heuristic solution: objective 7.6267302
Found heuristic solution: objective 4.4572651
Found heuristic solution: objective 3.5229954

Root relaxation: objective 2.893138e+00, 4313 iterations, 0.50 seconds

    Nodes    |    Current Node    |     Objective Bounds      |     Work
 Expl Unexpl |  Obj  Depth IntInf | Incumbent    BestBd   Gap | It/Node Time

     0     0    2.89314    0 1471    3.52300    2.89314  17.9%     -    1s
H    0     0                       3.5222118    2.89314  17.9%     -    1s
H    0     0                       3.5211092    2.89314  17.8%     -    1s
H    0     0                       3.5205245    2.89314  17.8%     -    1s
H    0     0                       3.1620430    2.89314  8.50%     -    2s
     0     0    2.89351    0 5004    3.16204    2.89351  8.49%     -    2s
     0     0    2.89363    0 5161    3.16204    2.89363  8.49%     -    2s
H    0     0                       3.1497670    2.89363  8.13%     -    2s
H    0     0                       3.1171155    2.89363  7.17%     -    5s
H    0     0                       3.1064828    2.89363  6.85%     -    5s
H    0     0                       3.1062878    2.89363  6.85%     -    5s
H    0     0                       3.1062876    2.89363  6.85%     -    5s
     0     0    2.90493    0 4165    3.10629    2.90493  6.48%     -    5s
     0     0    2.90991    0 5499    3.10629    2.90991  6.32%     -    5s
H    0     0                       3.1042964    2.90991  6.26%     -    6s
     0     0    2.93104    0 4749    3.10430    2.93104  5.58%     -    6s
     0     0    2.93707    0 3009    3.10430    2.93707  5.39%     -    6s
     0     0    2.95084    0 2508    3.10430    2.95084  4.94%     -    6s
     0     0    2.95246    0 2351    3.10430    2.95246  4.89%     -    7s
     0     0    2.96017    0 3871    3.10430    2.96017  4.64%     -    7s
     0     0    2.96254    0 3453    3.10430    2.96254  4.57%     -    7s
     0     0    2.96791    0 4258    3.10430    2.96791  4.39%     -    7s
     0     0    2.97047    0 3655    3.10430    2.97047  4.31%     -    7s
H    0     0                       3.1042113    2.97047  4.31%     -    7s
     0     0    2.97421    0 2681    3.10421    2.97421  4.19%     -    8s
     0     0    2.97576    0 5241    3.10421    2.97576  4.14%     -    8s
     0     0    2.97800    0 5751    3.10421    2.97800  4.07%     -    8s
H    0     0                       3.0961366    2.97800  3.82%     -    8s
     0     0    2.97816    0 5635    3.09614    2.97816  3.81%     -    8s
     0     0    2.97943    0 5870    3.09614    2.97943  3.77%     -    8s
H    0     0                       3.0744144    2.97943  3.09%     -    9s
     0     0    2.97956    0 5352    3.07441    2.97956  3.09%     -    9s
     0     0    2.98050    0 5743    3.07441    2.98050  3.05%     -    9s
     0     0    2.98051    0 5835    3.07441    2.98051  3.05%     -    9s
     0     0    2.98088    0 3977    3.07441    2.98088  3.04%     -   10s
     0     0    2.98102    0 5708    3.07441    2.98102  3.04%     -   10s
     0     0    2.98141    0 5958    3.07441    2.98141  3.03%     -   10s
     0     0    2.98142    0 5747    3.07441    2.98142  3.02%     -   10s
     0     0    2.98296    0 5336    3.07441    2.98296  2.97%     -   11s
H    0     0                       3.0744143    2.98296  2.97%     -   11s
     0     0    2.98340    0 5043    3.07441    2.98340  2.96%     -   11s
     0     0    2.98390    0 4380    3.07441    2.98390  2.94%     -   11s
     0     0    2.98398    0 4833    3.07441    2.98398  2.94%     -   11s
     0     0    2.98435    0 6322    3.07441    2.98435  2.93%     -   12s
     0     0    2.98441    0 6311    3.07441    2.98441  2.93%     -   12s
     0     0    2.98529    0 6289    3.07441    2.98529  2.90%     -   12s
     0     0    2.98545    0 6314    3.07441    2.98545  2.89%     -   12s
     0     0    2.98552    0 6305    3.07441    2.98552  2.89%     -   12s
     0     0    2.98553    0 5830    3.07441    2.98553  2.89%     -   12s
     0     0    2.98594    0 6263    3.07441    2.98594  2.88%     -   12s
     0     0    2.98603    0 6295    3.07441    2.98603  2.87%     -   13s
     0     0    2.98658    0 6341    3.07441    2.98658  2.86%     -   13s
     0     0    2.98661    0 6271    3.07441    2.98661  2.86%     -   13s
     0     0    2.98716    0 6248    3.07441    2.98716  2.84%     -   13s
     0     0    2.98718    0 6272    3.07441    2.98718  2.84%     -   13s
     0     0    2.98736    0 6308    3.07441    2.98736  2.83%     -   13s
     0     0    2.98737    0 6309    3.07441    2.98737  2.83%     -   13s
H    0     0                       3.0737788    2.98737  2.81%     -   14s
     0     0    2.98746    0 6329    3.07378    2.98746  2.81%     -   14s
     0     0    2.98746    0 6170    3.07378    2.98746  2.81%     -   14s
     0     2    2.98746    0 5521    3.07378    2.98746  2.81%     -   14s
     1     4    2.98799    1 4470    3.07378    2.98746  2.81%   483   15s
H   68    70                       3.0687308    2.99065  2.54%   273   16s
H  146   147                       3.0654883    2.99065  2.44%   194   16s
H  174   175                       3.0400723    2.99065  1.63%   182   17s
H  235   229                       3.0265139    2.99065  1.19%   162   17s
H  275   244                       3.0211778    2.99065  1.01%   158   17s
H  281   250                       3.0204166    2.99065  0.99%   155   17s
H  327   291                       3.0182894    2.99065  0.92%   155   18s
H  383   323                       3.0175378    2.99065  0.89%   149   18s
H  384   298                       3.0158386    2.99065  0.84%   148   18s
H  385   299                       3.0157414    2.99065  0.83%   148   18s
   470   369    2.99709    6 5015    3.01574    2.99124  0.81%   149   21s
H  473   352                       3.0145157    2.99124  0.77%   149   21s
H  481   337                       3.0137665    2.99124  0.75%   148   21s
   970   673    3.00159    8 4472    3.01377    2.99367  0.67%   134   25s
H 1000   595                       3.0121259    2.99367  0.61%   133   25s
  1486   906    3.00545   15 6170    3.01213    2.99565  0.55%   132   31s
  1489   908    2.99863    8 4879    3.01213    2.99565  0.55%   131   37s
  1492   910    2.99872   11 6003    3.01213    2.99620  0.53%   131   40s
  1497   913    3.00588   24 6228    3.01213    2.99651  0.52%   131   45s
  1500   915    2.99748    8 6223    3.01213    2.99651  0.52%   130   51s
  1509   930    2.99894   18 6113    3.01213    2.99866  0.45%   146   55s
  1882  1114    3.00795   37 3229    3.01213    3.00038  0.39%   164   60s
H 2010  1105                       3.0111743    3.00140  0.32%   163   61s
  2082  1107    3.01025   47 1511    3.01117    3.00140  0.32%   163   65s
  2488  1190    3.01099   29 2319    3.01117    3.00177  0.31%   164   70s
H 2556  1173                       3.0111743    3.00177  0.31%   164   73s
  2725  1207    3.00674   25 2865    3.01117    3.00185  0.31%   162   75s
  3165  1278    3.01024   30 3184    3.01117    3.00318  0.27%   162   80s
  3782  1387    3.00852   24 4721    3.01117    3.00346  0.26%   166   85s
H 3929  1395                       3.0111741    3.00393  0.24%   167   86s
  4352  1639     cutoff   36         3.01117    3.00419  0.23%   168   90s
  4684  1796    3.00600   24 3603    3.01117    3.00440  0.22%   169   95s
  5506  2249    3.00873   26 3444    3.01117    3.00500  0.21%   168  101s
  6026  2545     cutoff   26         3.01117    3.00514  0.20%   167  106s
H 6074  2562                       3.0111741    3.00514  0.20%   168  106s
  6324  2648    3.00920   27 1168    3.01117    3.00521  0.20%   169  110s
  7251  2997    3.00965   27 3396    3.01117    3.00535  0.19%   171  116s
  8003  3423     cutoff   66         3.01117    3.00546  0.19%   170  122s
  8767  3797    3.00835   27 2474    3.01117    3.00559  0.19%   169  127s
H 8913  3880                       3.0111740    3.00561  0.18%   169  127s
  9022  3897     cutoff   32         3.01117    3.00562  0.18%   170  130s
 10121  4367    3.01013   27 3141    3.01117    3.00577  0.18%   169  139s
 10388  4461     cutoff   37         3.01117    3.00579  0.18%   170  142s
 10899  4608 infeasible   27         3.01117    3.00587  0.18%   171  146s
 11383  4810     cutoff   33         3.01117    3.00593  0.17%   172  150s
 12701  5263    3.00772   24 2496    3.01117    3.00604  0.17%   174  158s
 13220  5380    3.00852   33 2457    3.01117    3.00614  0.17%   176  163s
 13879  5592     cutoff   32         3.01117    3.00619  0.17%   176  167s
 14657  5865     cutoff   28         3.01117    3.00627  0.16%   176  173s
 15283  6058    3.00983   43 2666    3.01117    3.00633  0.16%   177  179s
 15916  6250    3.01075   32 2234    3.01117    3.00639  0.16%   178  185s
 16587  6443    3.00837   28 4221    3.01117    3.00641  0.16%   179  191s
 17270  6612    3.00745   28 4557    3.01117    3.00651  0.15%   180  196s
 18015  6760    3.01056   30 2840    3.01117    3.00659  0.15%   182  203s
 18844  6975    3.00829   27 4543    3.01117    3.00664  0.15%   183  210s
 19439  7102     cutoff   32         3.01117    3.00670  0.15%   183  217s
 20358  7342 infeasible   38         3.01117    3.00680  0.15%   184  224s
 21377  7642    3.01019   31 3645    3.01117    3.00687  0.14%   184  231s
 22529  8120     cutoff   39         3.01117    3.00695  0.14%   183  240s
H22551  8121                       3.0111739    3.00695  0.14%   183  240s
 22594  8053    3.01032   35 2334    3.01117    3.00697  0.14%   183  248s
 23745  8380    3.01064   25 1763    3.01117    3.00701  0.14%   182  256s
 24860  8687    3.00892   27 3240    3.01117    3.00703  0.14%   181  263s
 25993  8983 infeasible   33         3.01117    3.00714  0.13%   181  271s
H26093  7912                       3.0103020    3.00714  0.11%   181  271s
H26100  7912                       3.0103013    3.00714  0.11%   181  271s
 27202  8149     cutoff   36         3.01030    3.00720  0.10%   179  277s
 28255  8257     cutoff   45         3.01030    3.00727  0.10%   180  284s

Cutting planes:
  Gomory: 21
  Cover: 573
  Implied bound: 219
  Clique: 20
  MIR: 357
  Flow cover: 249
  Zero half: 315
  Mod-K: 1

Explored 29272 nodes (5290056 simplex iterations) in 300.05 seconds
Thread count was 8 (of 8 available processors)

Solution count 10: 3.0103 3.0103 3.01117 ... 3.01377

Time limit reached
Best objective 3.010301307595e+00, best bound 3.007357452894e+00, gap 0.0978%

Gurobi 8.1.1 (linux64) logging started Fri Apr  9 18:38:06 2021

Academic license - for non-commercial use only
Presolve added 15845 rows and 10109 columns
Presolve time: 0.21s
Optimize a model with 219 rows, 3996 columns and 4413 nonzeros
Model has 3882 general constraints
Variable types: 12 continuous, 3984 integer (3776 binary)
Coefficient statistics:
  Matrix range     [1e-07, 1e+00]
  Objective range  [1e+00, 1e+00]
  Bounds range     [3e-01, 3e+00]
  RHS range        [1e+00, 3e+00]
Presolve added 15845 rows and 10109 columns
Presolve time: 0.21s
Presolved: 16064 rows, 14105 columns, 49227 nonzeros
Variable types: 2 continuous, 14103 integer (8649 binary)
Found heuristic solution: objective 8.6582620
Found heuristic solution: objective 4.4933057
Found heuristic solution: objective 3.6629899

Root relaxation: objective 2.169878e+00, 4359 iterations, 0.55 seconds

    Nodes    |    Current Node    |     Objective Bounds      |     Work
 Expl Unexpl |  Obj  Depth IntInf | Incumbent    BestBd   Gap | It/Node Time

     0     0    2.16988    0 3588    3.66299    2.16988  40.8%     -    1s
H    0     0                       3.1884275    2.16988  31.9%     -    1s
H    0     0                       3.1460444    2.16988  31.0%     -    1s
H    0     0                       3.1458511    2.16988  31.0%     -    1s
H    0     0                       2.6336981    2.16988  17.6%     -    2s
     0     0    2.17009    0 2576    2.63370    2.17009  17.6%     -    2s
     0     0    2.17009    0 2488    2.63370    2.17009  17.6%     -    2s
H    0     0                       2.6273859    2.17009  17.4%     -    3s
H    0     0                       2.4403418    2.17009  11.1%     -    3s
     0     0    2.17049    0 2244    2.44034    2.17049  11.1%     -    3s
     0     0    2.17049    0 2012    2.44034    2.17049  11.1%     -    3s
H    0     0                       2.4133364    2.17049  10.1%     -    5s
H    0     0                       2.4072551    2.17049  9.84%     -    5s
H    0     0                       2.3621864    2.17049  8.12%     -    5s
H    0     0                       2.3618001    2.17049  8.10%     -    5s
     0     0    2.17049    0 5350    2.36180    2.17049  8.10%     -    5s
     0     0    2.17049    0 5351    2.36180    2.17049  8.10%     -    6s
     0     0    2.17069    0 5452    2.36180    2.17069  8.09%     -    7s
H    0     0                       2.3617999    2.17069  8.09%     -    7s
H    0     0                       2.3581023    2.17069  7.95%     -    7s
     0     0    2.17069    0 5315    2.35810    2.17069  7.95%     -    7s
H    0     0                       2.3557938    2.17069  7.86%     -    9s
     0     0    2.17078    0 5173    2.35579    2.17078  7.85%     -    9s
     0     0    2.17082    0 5220    2.35579    2.17082  7.85%     -    9s
     0     0    2.17107    0 5543    2.35579    2.17107  7.84%     -   11s
     0     0    2.17109    0 5027    2.35579    2.17109  7.84%     -   11s
H    0     0                       2.3461123    2.17109  7.46%     -   13s
H    0     0                       2.3460975    2.17109  7.46%     -   13s
     0     0    2.17292    0 5191    2.34610    2.17292  7.38%     -   13s
H    0     0                       2.3460973    2.17292  7.38%     -   13s
     0     0    2.17318    0 5094    2.34610    2.17318  7.37%     -   14s
     0     0    2.17504    0 5796    2.34610    2.17504  7.29%     -   15s
     0     0    2.17549    0 5274    2.34610    2.17549  7.27%     -   16s
     0     0    2.17739    0 5699    2.34610    2.17739  7.19%     -   18s
     0     0    2.17806    0 5919    2.34610    2.17806  7.16%     -   19s
     0     0    2.18036    0 5222    2.34610    2.18036  7.06%     -   19s
     0     0    2.18099    0 5571    2.34610    2.18099  7.04%     -   20s
     0     0    2.18352    0 5368    2.34610    2.18352  6.93%     -   20s
     0     0    2.18409    0 5574    2.34610    2.18409  6.91%     -   21s
     0     0    2.18562    0 5325    2.34610    2.18562  6.84%     -   22s
H    0     0                       2.3459607    2.18562  6.83%     -   22s
     0     0    2.18581    0 5497    2.34596    2.18581  6.83%     -   22s
     0     0    2.18800    0 5790    2.34596    2.18800  6.73%     -   23s
H    0     0                       2.3459605    2.18800  6.73%     -   23s
     0     0    2.18867    0 5809    2.34596    2.18867  6.70%     -   24s
     0     0    2.19105    0 6003    2.34596    2.19105  6.60%     -   24s
     0     0    2.19224    0 5391    2.34596    2.19224  6.55%     -   24s
     0     0    2.19477    0 5962    2.34596    2.19477  6.44%     -   25s
H    0     0                       2.3459602    2.19477  6.44%     -   25s
     0     0    2.19552    0 6137    2.34596    2.19552  6.41%     -   25s
     0     0    2.19771    0 4973    2.34596    2.19771  6.32%     -   26s
     0     0    2.19829    0 5880    2.34596    2.19829  6.29%     -   26s
     0     0    2.19957    0 5920    2.34596    2.19957  6.24%     -   27s
     0     0    2.19977    0 5991    2.34596    2.19977  6.23%     -   27s
     0     0    2.20098    0 5910    2.34596    2.20098  6.18%     -   28s
     0     0    2.20143    0 5510    2.34596    2.20143  6.16%     -   28s
     0     0    2.20219    0 6208    2.34596    2.20219  6.13%     -   28s
     0     0    2.20254    0 6193    2.34596    2.20254  6.11%     -   29s
     0     0    2.20345    0 6249    2.34596    2.20345  6.07%     -   30s
     0     0    2.20381    0 6177    2.34596    2.20381  6.06%     -   30s
H    0     0                       2.3378495    2.20381  5.73%     -   31s
     0     0    2.20465    0 6299    2.33785    2.20465  5.70%     -   31s
H    0     0                       2.3374045    2.20465  5.68%     -   31s
     0     0    2.20478    0 6268    2.33740    2.20478  5.67%     -   31s
     0     0    2.20536    0 6204    2.33740    2.20536  5.65%     -   32s
     0     0    2.20560    0 6225    2.33740    2.20560  5.64%     -   32s
     0     0    2.20625    0 6304    2.33740    2.20625  5.61%     -   33s
     0     0    2.20660    0 6280    2.33740    2.20660  5.60%     -   33s
     0     0    2.20720    0 6190    2.33740    2.20720  5.57%     -   34s
     0     0    2.20740    0 6344    2.33740    2.20740  5.56%     -   34s
     0     0    2.20764    0 6333    2.33740    2.20764  5.55%     -   34s
     0     0    2.20770    0 6204    2.33740    2.20770  5.55%     -   34s
     0     0    2.20791    0 6165    2.33740    2.20791  5.54%     -   35s
     0     0    2.20801    0 6270    2.33740    2.20801  5.54%     -   35s
     0     0    2.20825    0 6294    2.33740    2.20825  5.53%     -   35s
     0     0    2.20827    0 6239    2.33740    2.20827  5.52%     -   36s
     0     0    2.20879    0 6264    2.33740    2.20879  5.50%     -   36s
     0     0    2.20887    0 6385    2.33740    2.20887  5.50%     -   36s
     0     0    2.20941    0 6359    2.33740    2.20941  5.48%     -   36s
     0     0    2.20949    0 6235    2.33740    2.20949  5.47%     -   36s
     0     0    2.20990    0 6356    2.33740    2.20990  5.45%     -   37s
     0     0    2.20994    0 6409    2.33740    2.20994  5.45%     -   37s
     0     0    2.21003    0 6347    2.33740    2.21003  5.45%     -   37s
     0     0    2.21006    0 6442    2.33740    2.21006  5.45%     -   38s
     0     0    2.21032    0 6174    2.33740    2.21032  5.44%     -   38s
     0     0    2.21041    0 6200    2.33740    2.21041  5.43%     -   38s
     0     0    2.21054    0 6303    2.33740    2.21054  5.43%     -   38s
     0     0    2.21055    0 6298    2.33740    2.21055  5.43%     -   38s
     0     0    2.21066    0 6395    2.33740    2.21066  5.42%     -   39s
     0     0    2.21067    0 6414    2.33740    2.21067  5.42%     -   39s
     0     0    2.21076    0 6261    2.33740    2.21076  5.42%     -   39s
     0     0    2.21076    0 6010    2.33740    2.21076  5.42%     -   39s
     0     2    2.21076    0 6010    2.33740    2.21076  5.42%     -   40s
H  112   113                       2.3374043    2.21156  5.38%   332   44s
H  148   149                       2.3336819    2.21156  5.23%   299   45s
H  287   293                       2.3206197    2.21156  4.70%   218   52s
H  293   296                       2.3114829    2.21156  4.32%   216   52s
H  332   334                       2.2959697    2.21156  3.68%   203   64s
   377   379    2.26138   35 3974    2.29597    2.21156  3.68%   193   65s
   799   734    2.23019   20 4859    2.29597    2.21277  3.62%   168   70s
  1372  1240    2.28966   77 3180    2.29597    2.21277  3.62%   148   75s
  1499  1344    2.26663   59 6010    2.29597    2.21291  3.62%   148   82s
  1501  1345    2.29558   78 2870    2.29597    2.21291  3.62%   148   85s
  1504  1347    2.29033   55 5630    2.29597    2.21457  3.55%   147   92s
  1506  1349    2.23396   15 6337    2.29597    2.22620  3.04%   147   95s
  1509  1351    2.27092   58 6426    2.29597    2.23292  2.75%   147  100s
  1511  1352    2.23688    7 6580    2.29597    2.23688  2.57%   147  107s
  1513  1353    2.24243   18 6476    2.29597    2.24243  2.33%   147  112s
  1514  1354    2.26567   40 6489    2.29597    2.24516  2.21%   146  115s
  1517  1356    2.24584   29 6474    2.29597    2.24584  2.18%   146  121s
  1519  1357    2.24663   22 6507    2.29597    2.24663  2.15%   146  125s
  1522  1359    2.25752   65 6601    2.29597    2.24712  2.13%   146  131s
  1524  1361    2.24719   27 6764    2.29597    2.24719  2.12%   145  135s
  1527  1363    2.25710   60 6757    2.29597    2.24721  2.12%   145  141s
  1533  1368    2.27638   46 4294    2.29597    2.24722  2.12%   188  147s
  1534  1369    2.24722   13 4510    2.29597    2.24722  2.12%   188  152s
  1535  1370    2.26567   40 6361    2.29597    2.24722  2.12%   188  156s
  1537  1371    2.24722    4 6505    2.29597    2.24722  2.12%   188  160s
  1540  1373    2.24722   21 6610    2.29597    2.24722  2.12%   187  166s
  1543  1375    2.24743   31 6709    2.29597    2.24743  2.11%   187  170s
  1546  1377    2.24749   40 6330    2.29597    2.24749  2.11%   187  175s
  1550  1380    2.25518   33 6467    2.29597    2.24749  2.11%   186  181s
  1553  1382    2.28916   94 6557    2.29597    2.24764  2.10%   186  185s
  1556  1384    2.24786   10 6430    2.29597    2.24786  2.10%   185  190s
  1559  1386    2.24792   21 6503    2.29597    2.24792  2.09%   185  196s
  1562  1388    2.28803   80 6463    2.29597    2.24795  2.09%   185  201s
  1566  1390    2.24795    9 6477    2.29597    2.24795  2.09%   184  206s
  1573  1404    2.24872   28 6359    2.29597    2.24833  2.07%   223  211s
  1640  1445    2.25212   32 5530    2.29597    2.24993  2.01%   239  216s
  1656  1457    2.25204   33 6091    2.29597    2.24993  2.01%   242  220s
  1707  1482    2.25567   36 4203    2.29597    2.24993  2.01%   247  225s
  1845  1564    2.25963   43 5627    2.29597    2.24993  2.01%   251  231s
H 1857  1498                       2.2943786    2.24993  1.94%   251  231s
  1907  1525    2.26387   49 4523    2.29438    2.24993  1.94%   252  237s
H 1924  1463                       2.2905795    2.24993  1.77%   252  237s
H 1966  1424                       2.2897271    2.24993  1.74%   252  241s
  2020  1456    2.26896   56 4200    2.28973    2.24993  1.74%   253  245s
  2273  1621    2.27765   71 3099    2.28973    2.24993  1.74%   247  250s
  2476  1710    2.25255   33 6121    2.28973    2.25042  1.72%   245  255s
  2683  1838    2.26988   50 5000    2.28973    2.25042  1.72%   244  260s
  3196  2124    2.25648   34 5381    2.28973    2.25074  1.70%   227  265s
  3425  2230    2.27188   50 3651    2.28973    2.25204  1.65%   228  270s
  3784  2409    2.26607   45 5173    2.28973    2.25204  1.65%   224  276s
  3974  2534    2.27472   59 4626    2.28973    2.25204  1.65%   224  280s
H 4525  2333                       2.2846944    2.25295  1.39%   215  288s
  4569  2349    2.26092   39 4351    2.28469    2.25295  1.39%   216  291s
  4808  2471    2.27898   83 2312    2.28469    2.25362  1.36%   213  295s
  5005  2591    2.26051   40 3685    2.28469    2.25362  1.36%   211  300s
H 5010  2593                       2.2846942    2.25362  1.36%   211  300s

Cutting planes:
  Gomory: 26
  Cover: 36
  Implied bound: 146
  Clique: 15
  MIR: 286
  Flow cover: 381
  GUB cover: 1
  Inf proof: 2
  Zero half: 343
  Mod-K: 1

Explored 5021 nodes (1148538 simplex iterations) in 300.02 seconds
Thread count was 8 (of 8 available processors)

Solution count 10: 2.28469 2.28469 2.28973 ... 2.3374

Time limit reached
Best objective 2.284694215039e+00, best bound 2.253618544963e+00, gap 1.3602%

Gurobi 8.1.1 (linux64) logging started Fri Apr  9 18:43:07 2021

Academic license - for non-commercial use only
Presolve added 17972 rows and 9745 columns
Presolve time: 0.28s
Optimize a model with 221 rows, 5992 columns and 6513 nonzeros
Model has 5876 general constraints
Variable types: 14 continuous, 5978 integer (5770 binary)
Coefficient statistics:
  Matrix range     [1e-07, 1e+00]
  Objective range  [1e+00, 1e+00]
  Bounds range     [3e-01, 4e+00]
  RHS range        [1e+00, 4e+00]
Presolve added 17972 rows and 9745 columns
Presolve time: 0.25s
Presolved: 18193 rows, 15737 columns, 55856 nonzeros
Variable types: 2 continuous, 15735 integer (10281 binary)
Found heuristic solution: objective 8.6582620
Found heuristic solution: objective 5.7139727
Found heuristic solution: objective 4.7288191
Found heuristic solution: objective 3.8335144

Root relaxation: objective 1.735923e+00, 4313 iterations, 0.69 seconds

    Nodes    |    Current Node    |     Objective Bounds      |     Work
 Expl Unexpl |  Obj  Depth IntInf | Incumbent    BestBd   Gap | It/Node Time

     0     0    1.73592    0 3819    3.83351    1.73592  54.7%     -    1s
H    0     0                       2.8077674    1.73592  38.2%     -    1s
H    0     0                       2.8071829    1.73592  38.2%     -    1s
H    0     0                       2.7439865    1.73592  36.7%     -    1s
H    0     0                       2.0874925    1.73592  16.8%     -    2s
     0     0    1.73622    0 4126    2.08749    1.73622  16.8%     -    3s
H    0     0                       2.0812590    1.73622  16.6%     -    3s
     0     0    1.73622    0 4169    2.08126    1.73622  16.6%     -    3s
H    0     0                       2.0203312    1.73622  14.1%     -    4s
     0     0    1.73654    0 5080    2.02033    1.73654  14.0%     -    5s
     0     0    1.73654    0 4904    2.02033    1.73654  14.0%     -    5s
H    0     0                       2.0112376    1.73654  13.7%     -    6s
H    0     0                       1.9958949    1.73654  13.0%     -    6s
     0     0    1.73693    0 4878    1.99589    1.73693  13.0%     -    6s
H    0     0                       1.9829631    1.73693  12.4%     -    7s
     0     0    1.73693    0 4588    1.98296    1.73693  12.4%     -    7s
     0     0    1.73693    0 4918    1.98296    1.73693  12.4%     -    9s
H    0     0                       1.9806256    1.73693  12.3%     -    9s
     0     0    1.73693    0 4619    1.98063    1.73693  12.3%     -    9s
H    0     0                       1.9785813    1.73693  12.2%     -   11s
H    0     0                       1.9710227    1.73693  11.9%     -   11s
H    0     0                       1.9567719    1.73693  11.2%     -   11s
H    0     0                       1.9394329    1.73693  10.4%     -   11s
     0     0    1.73700    0 5169    1.93943    1.73700  10.4%     -   11s
H    0     0                       1.9282682    1.73700  9.92%     -   12s
H    0     0                       1.9181465    1.73700  9.44%     -   12s
     0     0    1.73700    0 4882    1.91815    1.73700  9.44%     -   12s
     0     0    1.73700    0 5181    1.91815    1.73700  9.44%     -   12s
     0     0    1.73700    0 5169    1.91815    1.73700  9.44%     -   13s
     0     0    1.73701    0 5162    1.91815    1.73701  9.44%     -   14s
     0     0    1.73701    0 5369    1.91815    1.73701  9.44%     -   15s
     0     0    1.73716    0 5551    1.91815    1.73716  9.44%     -   16s
     0     0    1.73719    0 5433    1.91815    1.73719  9.43%     -   17s
     0     0    1.73731    0 4070    1.91815    1.73731  9.43%     -   18s
     0     0    1.73731    0 3986    1.91815    1.73731  9.43%     -   18s
     0     0    1.73759    0 3671    1.91815    1.73759  9.41%     -   19s
     0     0    1.73760    0 3863    1.91815    1.73760  9.41%     -   20s
     0     0    1.73794    0 4118    1.91815    1.73794  9.40%     -   21s
     0     0    1.73794    0 4085    1.91815    1.73794  9.39%     -   21s
     0     0    1.73794    0 4114    1.91815    1.73794  9.39%     -   22s
     0     0    1.73798    0 3984    1.91815    1.73798  9.39%     -   23s
     0     0    1.73811    0 4197    1.91815    1.73811  9.39%     -   24s
     0     0    1.73813    0 4290    1.91815    1.73813  9.38%     -   25s
H    0     0                       1.9113071    1.73813  9.06%     -   27s
     0     0    1.73815    0 4767    1.91131    1.73815  9.06%     -   27s
     0     0    1.73815    0 5174    1.91131    1.73815  9.06%     -   28s
     0     0    1.73815    0 5021    1.91131    1.73815  9.06%     -   30s
     0     0    1.73815    0 5941    1.91131    1.73815  9.06%     -   31s
     0     0    1.73819    0 5918    1.91131    1.73819  9.06%     -   32s
     0     0    1.73821    0 5731    1.91131    1.73821  9.06%     -   33s
     0     0    1.73822    0 5390    1.91131    1.73822  9.06%     -   34s
     0     0    1.73823    0 5954    1.91131    1.73823  9.06%     -   35s
     0     0    1.73838    0 5838    1.91131    1.73838  9.05%     -   36s
     0     0    1.73839    0 5813    1.91131    1.73839  9.05%     -   37s
     0     0    1.73852    0 5880    1.91131    1.73852  9.04%     -   38s
     0     0    1.73855    0 5922    1.91131    1.73855  9.04%     -   39s
     0     0    1.73883    0 5685    1.91131    1.73883  9.02%     -   41s
     0     0    1.73884    0 5734    1.91131    1.73884  9.02%     -   42s
     0     0    1.73897    0 5853    1.91131    1.73897  9.02%     -   43s
     0     0    1.73902    0 5732    1.91131    1.73902  9.01%     -   44s
     0     0    1.73926    0 5707    1.91131    1.73926  9.00%     -   45s
     0     0    1.73933    0 5746    1.91131    1.73933  9.00%     -   46s
     0     0    1.73954    0 5761    1.91131    1.73954  8.99%     -   47s
     0     0    1.73962    0 5619    1.91131    1.73962  8.98%     -   48s
     0     0    1.73982    0 5710    1.91131    1.73982  8.97%     -   49s
     0     0    1.73983    0 5633    1.91131    1.73983  8.97%     -   49s
     0     0    1.74007    0 5680    1.91131    1.74007  8.96%     -   50s
H    0     0                       1.8948806    1.74007  8.17%     -   51s
     0     0    1.74012    0 5594    1.89488    1.74012  8.17%     -   51s
     0     0    1.74035    0 5410    1.89488    1.74035  8.16%     -   52s
     0     0    1.74040    0 5522    1.89488    1.74040  8.15%     -   52s
     0     0    1.74060    0 5456    1.89488    1.74060  8.14%     -   54s
     0     0    1.74063    0 5561    1.89488    1.74063  8.14%     -   56s
     0     0    1.74069    0 5511    1.89488    1.74069  8.14%     -   57s
     0     0    1.74072    0 5466    1.89488    1.74072  8.14%     -   57s
     0     0    1.74080    0 5608    1.89488    1.74080  8.13%     -   58s
     0     0    1.74083    0 5366    1.89488    1.74083  8.13%     -   59s
     0     0    1.74092    0 5598    1.89488    1.74092  8.12%     -   60s
     0     0    1.74098    0 5493    1.89488    1.74098  8.12%     -   61s
     0     0    1.74108    0 5900    1.89488    1.74108  8.12%     -   62s
     0     0    1.74121    0 5957    1.89488    1.74121  8.11%     -   63s
     0     0    1.74143    0 5815    1.89488    1.74143  8.10%     -   64s
     0     0    1.74159    0 5948    1.89488    1.74159  8.09%     -   65s
H    0     0                       1.8948757    1.74159  8.09%     -   67s
     0     0    1.74181    0 5650    1.89488    1.74181  8.08%     -   67s
     0     0    1.74182    0 5243    1.89488    1.74182  8.08%     -   68s
     0     0    1.74212    0 5924    1.89488    1.74212  8.06%     -   70s
H    0     0                       1.8875725    1.74212  7.71%     -   72s
     0     0    1.74218    0 6088    1.88757    1.74218  7.70%     -   72s
     0     0    1.74244    0 6072    1.88757    1.74244  7.69%     -   73s
     0     0    1.74249    0 6066    1.88757    1.74249  7.69%     -   73s
     0     0    1.74261    0 5846    1.88757    1.74261  7.68%     -   73s
     0     0    1.74268    0 6084    1.88757    1.74268  7.68%     -   74s
     0     0    1.74282    0 5971    1.88757    1.74282  7.67%     -   75s
H    0     0                       1.8812616    1.74282  7.36%     -   76s
     0     0    1.74285    0 5826    1.88126    1.74285  7.36%     -   76s
     0     0    1.74298    0 5834    1.88126    1.74298  7.35%     -   76s
     0     0    1.74300    0 5703    1.88126    1.74300  7.35%     -   77s
     0     0    1.74309    0 6003    1.88126    1.74309  7.34%     -   78s
     0     0    1.74312    0 6112    1.88126    1.74312  7.34%     -   78s
     0     0    1.74333    0 6013    1.88126    1.74333  7.33%     -   79s
     0     0    1.74345    0 5719    1.88126    1.74345  7.33%     -   79s
     0     0    1.74361    0 5970    1.88126    1.74361  7.32%     -   80s
     0     0    1.74366    0 6063    1.88126    1.74366  7.31%     -   80s
     0     0    1.74382    0 6156    1.88126    1.74382  7.31%     -   80s
     0     0    1.74399    0 6208    1.88126    1.74399  7.30%     -   81s
     0     0    1.74407    0 6204    1.88126    1.74407  7.29%     -   81s
     0     0    1.74408    0 6227    1.88126    1.74408  7.29%     -   81s
     0     0    1.74412    0 6203    1.88126    1.74412  7.29%     -   82s
     0     0    1.74414    0 6217    1.88126    1.74414  7.29%     -   82s
     0     0    1.74418    0 6145    1.88126    1.74418  7.29%     -   82s
     0     0    1.74419    0 6214    1.88126    1.74419  7.29%     -   83s
     0     0    1.74420    0 6215    1.88126    1.74420  7.29%     -   83s
     0     0    1.74421    0 6081    1.88126    1.74421  7.28%     -   84s
     0     0    1.74422    0 5688    1.88126    1.74422  7.28%     -   84s
     0     0    1.74423    0 5610    1.88126    1.74423  7.28%     -   85s
     0     0    1.74425    0 5729    1.88126    1.74425  7.28%     -   85s
     0     0    1.74432    0 5628    1.88126    1.74432  7.28%     -   86s
     0     0    1.74437    0 5704    1.88126    1.74437  7.28%     -   86s
H    0     0                       1.8708336    1.74437  6.76%     -   86s
     0     0    1.74438    0 6044    1.87083    1.74438  6.76%     -   86s
     0     0    1.74443    0 5978    1.87083    1.74443  6.76%     -   87s
     0     0    1.74445    0 5813    1.87083    1.74445  6.76%     -   87s
     0     0    1.74446    0 6127    1.87083    1.74446  6.75%     -   87s
     0     0    1.74447    0 5735    1.87083    1.74447  6.75%     -   87s
     0     0    1.74452    0 6074    1.87083    1.74452  6.75%     -   88s
     0     0    1.74453    0 6130    1.87083    1.74453  6.75%     -   88s
     0     0    1.74456    0 5958    1.87083    1.74456  6.75%     -   88s
     0     0    1.74456    0 6144    1.87083    1.74456  6.75%     -   88s
     0     0    1.74469    0 6166    1.87083    1.74469  6.74%     -   89s
     0     0    1.74469    0 6180    1.87083    1.74469  6.74%     -   89s
     0     0    1.74470    0 6165    1.87083    1.74470  6.74%     -   89s
     0     0    1.74470    0 5885    1.87083    1.74470  6.74%     -   89s
     0     2    1.74470    0 5885    1.87083    1.74470  6.74%     -   90s
   103   105    1.75221   14 5542    1.87083    1.74479  6.74%   393   97s
H  109   110                       1.8635759    1.74479  6.37%   395   97s
   135   137    1.75401   17 5230    1.86358    1.74479  6.37%   380  106s
H  142   140                       1.8634966    1.74479  6.37%   373  106s
H  154   153                       1.8633678    1.74479  6.36%   364  106s
   179   183    1.76827   21 4620    1.86337    1.74479  6.36%   342  116s
H  183   185                       1.8586542    1.74479  6.13%   338  116s
   498   498    1.81125   43 3550    1.85865    1.74479  6.13%   245  120s
H  539   539                       1.8571802    1.74479  6.05%   242  137s
H  540   541                       1.8533614    1.74479  5.86%   242  137s
   803   784    1.84592   70 3222    1.85336    1.74479  5.86%   214  140s
  1088  1002    1.76417   20 4638    1.85336    1.74491  5.85%   223  145s
  1449  1354    1.82183   53 5885    1.85336    1.74491  5.85%   201  153s
  1451  1355    1.85270   69 5201    1.85336    1.74491  5.85%   200  159s
  1452  1356    1.77412   37 5384    1.85336    1.74491  5.85%   200  165s
  1453  1357    1.82795   60 4793    1.85336    1.74491  5.85%   200  170s
  1455  1358    1.76274   25 5697    1.85336    1.74802  5.68%   200  175s
  1457  1359    1.77133   21 5614    1.85336    1.75830  5.13%   199  180s
  1461  1362    1.81124   43 6186    1.85336    1.76576  4.73%   199  185s
  1464  1364    1.78843   32 6350    1.85336    1.77182  4.40%   199  191s
  1466  1365    1.81736   53 6324    1.85336    1.77478  4.24%   198  207s
  1468  1367    1.78332   30 6443    1.85336    1.77688  4.13%   198  211s
  1470  1368    1.79419   65 6447    1.85336    1.77800  4.07%   198  218s
  1471  1369    1.81477   54 6477    1.85336    1.77838  4.05%   198  220s
  1472  1369    1.80609   84 6557    1.85336    1.77925  4.00%   197  227s
  1473  1370    1.82669   58 6515    1.85336    1.77935  3.99%   197  231s
  1474  1371    1.84793   74 6506    1.85336    1.78058  3.93%   197  241s
  1475  1371    1.78079   30 6631    1.85336    1.78079  3.92%   197  247s
  1476  1372    1.78153   49 6127    1.85336    1.78153  3.88%   197  251s
  1477  1373    1.78177   51 6626    1.85336    1.78177  3.86%   197  256s
  1479  1374    1.78852   82 6621    1.85336    1.78247  3.82%   197  260s
  1482  1376    1.78321   28 6647    1.85336    1.78321  3.79%   196  269s
  1483  1377    1.78331   14 6681    1.85336    1.78331  3.78%   196  270s
  1485  1378    1.81322   35 6696    1.85336    1.78377  3.75%   196  276s
  1487  1379    1.78411   33 6725    1.85336    1.78411  3.74%   195  280s
  1488  1380    1.81569   42 6395    1.85336    1.78454  3.71%   195  286s
  1490  1381    1.84308   68 6691    1.85336    1.78504  3.69%   195  291s
  1491  1382    1.78506   26 6717    1.85336    1.78506  3.69%   195  295s

Cutting planes:
  Gomory: 15
  Cover: 16
  Implied bound: 42
  Clique: 18
  MIR: 159
  StrongCG: 4
  Flow cover: 520
  GUB cover: 24
  Zero half: 267

Explored 1492 nodes (534124 simplex iterations) in 300.13 seconds
Thread count was 8 (of 8 available processors)

Solution count 10: 1.85336 1.85718 1.85865 ... 1.89488

Time limit reached
Best objective 1.853361441615e+00, best bound 1.785453547574e+00, gap 3.6640%

Gurobi 8.1.1 (linux64) logging started Fri Apr  9 18:48:07 2021

Academic license - for non-commercial use only
Presolve added 20417 rows and 9282 columns
Presolve time: 0.33s
Optimize a model with 223 rows, 8408 columns and 9033 nonzeros
Model has 8290 general constraints
Variable types: 16 continuous, 8392 integer (8184 binary)
Coefficient statistics:
  Matrix range     [1e-07, 1e+00]
  Objective range  [1e+00, 1e+00]
  Bounds range     [3e-01, 5e+00]
  RHS range        [1e+00, 5e+00]
Presolve added 20417 rows and 9282 columns
Presolve time: 0.32s
Presolved: 20640 rows, 17690 columns, 67997 nonzeros
Variable types: 2 continuous, 17688 integer (12234 binary)
Found heuristic solution: objective 8.5224983
Found heuristic solution: objective 3.7887420

Root relaxation: objective 1.446619e+00, 5500 iterations, 0.92 seconds

    Nodes    |    Current Node    |     Objective Bounds      |     Work
 Expl Unexpl |  Obj  Depth IntInf | Incumbent    BestBd   Gap | It/Node Time

     0     0    1.44662    0 3602    3.78874    1.44662  61.8%     -    1s
H    0     0                       2.4200668    1.44662  40.2%     -    1s
H    0     0                       2.3724679    1.44662  39.0%     -    2s
H    0     0                       2.3724677    1.44662  39.0%     -    2s
H    0     0                       1.9248548    1.44662  24.8%     -    3s
H    0     0                       1.8277011    1.44662  20.9%     -    3s
     0     0    1.44670    0 3741    1.82770    1.44670  20.8%     -    4s
H    0     0                       1.7979517    1.44670  19.5%     -    4s
     0     0    1.44708    0 4156    1.79795    1.44708  19.5%     -    4s
     0     0    1.44724    0 4844    1.79795    1.44724  19.5%     -    5s
H    0     0                       1.7952622    1.44724  19.4%     -    6s
     0     0    1.44724    0 4694    1.79526    1.44724  19.4%     -    6s
     0     0    1.44724    0 3673    1.79526    1.44724  19.4%     -    8s
H    0     0                       1.7911775    1.44724  19.2%     -    8s
     0     0    1.44724    0 5318    1.79118    1.44724  19.2%     -    9s
H    0     0                       1.6808482    1.44724  13.9%     -   10s
     0     0    1.44742    0 5599    1.68085    1.44742  13.9%     -   11s
     0     0    1.44742    0 5553    1.68085    1.44742  13.9%     -   11s
     0     0    1.44763    0 4881    1.68085    1.44763  13.9%     -   13s
     0     0    1.44763    0 4608    1.68085    1.44763  13.9%     -   13s
     0     0    1.44763    0 4418    1.68085    1.44763  13.9%     -   14s
     0     0    1.44763    0 4328    1.68085    1.44763  13.9%     -   15s
     0     0    1.44763    0 4652    1.68085    1.44763  13.9%     -   16s
     0     0    1.44763    0 3114    1.68085    1.44763  13.9%     -   17s
     0     0    1.44763    0 3462    1.68085    1.44763  13.9%     -   18s
H    0     0                       1.6792211    1.44763  13.8%     -   20s
     0     0    1.44763    0 3366    1.67922    1.44763  13.8%     -   20s
     0     0    1.44763    0 3153    1.67922    1.44763  13.8%     -   21s
     0     0    1.44763    0 3487    1.67922    1.44763  13.8%     -   21s
     0     0    1.44763    0 3298    1.67922    1.44763  13.8%     -   22s
     0     0    1.44763    0 3298    1.67922    1.44763  13.8%     -   22s
     0     2    1.44763    0 3298    1.67922    1.44763  13.8%     -   23s
     3     8    1.44763    2 2865    1.67922    1.44763  13.8%  1516   25s
    47    51    1.45407    6 5451    1.67922    1.44763  13.8%  1257   30s
   208   209    1.47236   22 4840    1.67922    1.44763  13.8%   605   35s
H  249   250                       1.6652851    1.44763  13.1%   553   35s
H  308   309                       1.6645392    1.44763  13.0%   500   36s
H  343   346                       1.6622962    1.44763  12.9%   487   37s
H  393   392                       1.6622962    1.44763  12.9%   463   41s
H  405   406                       1.6558985    1.44763  12.6%   454   41s
H  449   451                       1.6530507    1.44763  12.4%   434   51s
H  452   453                       1.6524641    1.44763  12.4%   433   51s
H  453   453                       1.6515040    1.44763  12.3%   432   51s
H  455   456                       1.6135032    1.44763  10.3%   431   51s
   693   689    1.55957   74 3798    1.61350    1.44763  10.3%   345   55s
   963   950    1.44854    6 3787    1.61350    1.44763  10.3%   298   60s
  1179  1155    1.45229   10 4154    1.61350    1.44763  10.3%   275   67s
H 1212  1161                       1.6122628    1.44763  10.2%   272   68s
H 1229  1176                       1.6122625    1.44763  10.2%   273   68s
  1324  1275    1.45800   27 4082    1.61226    1.44763  10.2%   272   70s
H 1443  1386                       1.6122495    1.44763  10.2%   278   74s
  1454  1390    1.46049   51 4477    1.61225    1.44763  10.2%   279   75s
H 1588  1480                       1.6088151    1.44763  10.0%   285   85s
H 1595  1471                       1.6061082    1.44763  9.87%   285   85s
  1734  1608    1.47758  102 5086    1.60611    1.44763  9.87%   293   92s
  1979  1850    1.57701  154 3503    1.60611    1.44763  9.87%   282   95s
  2106  1971    1.58202  114 4593    1.60611    1.44763  9.87%   275  104s
  2107  1972    1.53266   47 4741    1.60611    1.44763  9.87%   275  109s
  2108  1973    1.46363   30 4847    1.60611    1.44763  9.87%   275  111s
  2109  1973    1.53918   57 4864    1.60611    1.44763  9.87%   275  117s
  2110  1974    1.59949  144 5419    1.60611    1.44763  9.87%   275  121s
  2111  1975    1.57900   95 5751    1.60611    1.44770  9.86%   275  127s
  2112  1975    1.47727   48 5643    1.60611    1.44771  9.86%   275  131s
  2113  1976    1.46258   78 5716    1.60611    1.44771  9.86%   274  137s
  2114  1977    1.45605   16 5723    1.60611    1.44771  9.86%   274  141s
  2115  1977    1.53983   57 5083    1.60611    1.44774  9.86%   274  146s
  2116  1978    1.59714   97 5590    1.60611    1.44774  9.86%   274  151s
  2117  1979    1.45976   32 5761    1.60611    1.44783  9.85%   274  157s
  2118  1979    1.46872   23 5646    1.60611    1.44792  9.85%   274  161s
  2119  1980    1.59585  141 5752    1.60611    1.44811  9.84%   274  166s
  2120  1981    1.56790  115 5716    1.60611    1.44812  9.84%   273  170s
  2121  1981    1.58192   95 5426    1.60611    1.44818  9.83%   273  175s
  2124  1983    1.52533   79 5008    1.60611    1.44880  9.79%   273  181s
  2127  1985    1.46862   21 5497    1.60611    1.45058  9.68%   273  186s
  2129  1987    1.46238   54 5221    1.60611    1.45219  9.58%   272  190s
  2131  1988    1.57211   98 5511    1.60611    1.45410  9.46%   272  196s
  2133  1989    1.45572    7 5632    1.60611    1.45572  9.36%   272  203s
  2134  1990    1.48306   47 5923    1.60611    1.45656  9.31%   272  206s
  2136  1991    1.60559  168 5925    1.60611    1.45878  9.17%   271  211s
  2137  1992    1.55957   75 5968    1.60611    1.46007  9.09%   271  215s
  2140  1994    1.50782   61 5919    1.60611    1.46304  8.91%   271  220s
  2143  1996    1.51633   64 6079    1.60611    1.46540  8.76%   271  229s
  2144  1997    1.56225  112 6217    1.60611    1.46581  8.74%   270  234s
  2145  1997    1.48295  117 6290    1.60611    1.46696  8.66%   270  238s
  2146  1998    1.51860  136 6218    1.60611    1.46756  8.63%   270  244s
  2147  1999    1.56058   83 6377    1.60611    1.46897  8.54%   270  255s
  2149  2000    1.57163  125 6316    1.60611    1.47050  8.44%   270  262s
  2150  2001    1.52292   62 6525    1.60611    1.47082  8.42%   270  267s
  2151  2001    1.58537  103 6392    1.60611    1.47226  8.33%   270  280s
  2153  2003    1.58025   97 6475    1.60611    1.47348  8.26%   269  293s
  2154  2003    1.58059  139 6576    1.60611    1.47369  8.24%   269  295s

Cutting planes:
  Gomory: 3
  Cover: 17
  Implied bound: 94
  MIR: 69
  Flow cover: 678
  GUB cover: 15
  Zero half: 392

Explored 2155 nodes (824677 simplex iterations) in 300.36 seconds
Thread count was 8 (of 8 available processors)

Solution count 10: 1.60611 1.60882 1.61225 ... 1.6559

Time limit reached
Best objective 1.606108162817e+00, best bound 1.474564046162e+00, gap 8.1902%

Gurobi 8.1.1 (linux64) logging started Fri Apr  9 18:53:08 2021

Academic license - for non-commercial use only
Presolve added 23177 rows and 8719 columns
Presolve time: 0.39s
Optimize a model with 225 rows, 11244 columns and 11973 nonzeros
Model has 11124 general constraints
Variable types: 18 continuous, 11226 integer (11018 binary)
Coefficient statistics:
  Matrix range     [1e-07, 1e+00]
  Objective range  [1e+00, 1e+00]
  Bounds range     [3e-01, 6e+00]
  RHS range        [1e+00, 6e+00]
Presolve added 23177 rows and 8719 columns
Presolve time: 0.40s
Presolved: 23402 rows, 19963 columns, 83594 nonzeros
Variable types: 2 continuous, 19961 integer (14507 binary)
Found heuristic solution: objective 8.3507399
Found heuristic solution: objective 7.0413733
Found heuristic solution: objective 3.5502852

Root relaxation: objective 1.239973e+00, 8232 iterations, 1.72 seconds

    Nodes    |    Current Node    |     Objective Bounds      |     Work
 Expl Unexpl |  Obj  Depth IntInf | Incumbent    BestBd   Gap | It/Node Time

     0     0    1.23997    0 3549    3.55029    1.23997  65.1%     -    2s
H    0     0                       2.1253884    1.23997  41.7%     -    2s
H    0     0                       2.0075896    1.23997  38.2%     -    2s
H    0     0                       1.5964761    1.23997  22.3%     -    4s
     0     0    1.24026    0 3743    1.59648    1.24026  22.3%     -    4s
     0     0    1.24026    0 3630    1.59648    1.24026  22.3%     -    5s
H    0     0                       1.5598565    1.24026  20.5%     -    6s
     0     0    1.24060    0 3804    1.55986    1.24060  20.5%     -    6s
     0     0    1.24060    0 3754    1.55986    1.24060  20.5%     -    7s
H    0     0                       1.5119279    1.24060  17.9%     -    9s
     0     0    1.24060    0 4841    1.51193    1.24060  17.9%     -    9s
     0     0    1.24060    0 4939    1.51193    1.24060  17.9%     -    9s
     0     0    1.24076    0 4796    1.51193    1.24076  17.9%     -   13s
H    0     0                       1.4742492    1.24076  15.8%     -   14s
     0     0    1.24076    0 4997    1.47425    1.24076  15.8%     -   14s
     0     0    1.24091    0 5000    1.47425    1.24091  15.8%     -   16s
     0     0    1.24091    0 5093    1.47425    1.24091  15.8%     -   17s
     0     0    1.24093    0 4992    1.47425    1.24093  15.8%     -   19s
     0     0    1.24093    0 4924    1.47425    1.24093  15.8%     -   20s
     0     0    1.24093    0 5010    1.47425    1.24093  15.8%     -   21s
     0     0    1.24093    0 4884    1.47425    1.24093  15.8%     -   22s
     0     0    1.24107    0 4990    1.47425    1.24107  15.8%     -   24s
     0     0    1.24107    0 4913    1.47425    1.24107  15.8%     -   25s
H    0     0                       1.4739315    1.24107  15.8%     -   28s
     0     0    1.24107    0 5155    1.47393    1.24107  15.8%     -   28s
     0     0    1.24107    0 5187    1.47393    1.24107  15.8%     -   29s
H    0     0                       1.4700261    1.24107  15.6%     -   31s
H    0     0                       1.4496535    1.24107  14.4%     -   31s
H    0     0                       1.4377200    1.24107  13.7%     -   31s
H    0     0                       1.4353435    1.24107  13.5%     -   31s
     0     0    1.24110    0 4949    1.43534    1.24110  13.5%     -   31s
     0     0    1.24110    0 5035    1.43534    1.24110  13.5%     -   32s
     0     0    1.24112    0 5011    1.43534    1.24112  13.5%     -   34s
     0     0    1.24113    0 4943    1.43534    1.24113  13.5%     -   35s
     0     0    1.24116    0 5147    1.43534    1.24116  13.5%     -   37s
     0     0    1.24116    0 4968    1.43534    1.24116  13.5%     -   38s
     0     0    1.24116    0 5065    1.43534    1.24116  13.5%     -   39s
     0     0    1.24116    0 4638    1.43534    1.24116  13.5%     -   40s
     0     0    1.24116    0 4679    1.43534    1.24116  13.5%     -   43s
     0     0    1.24116    0 4679    1.43534    1.24116  13.5%     -   43s
     0     2    1.24116    0 4679    1.43534    1.24116  13.5%     -   44s
     1     4    1.24116    1 4466    1.43534    1.24116  13.5%   334   45s
    23    32    1.24116    5 4716    1.43534    1.24116  13.5%  1730   50s
    74    73    1.24375   10 4491    1.43534    1.24116  13.5%  1157   55s
H   77    75                       1.4353430    1.24116  13.5%  1130   55s
   198   193    1.26056   18 4306    1.43534    1.24116  13.5%   761   61s
H  284   286                       1.4353287    1.24116  13.5%   640   63s
H  328   328                       1.4342401    1.24116  13.5%   607   69s
H  329   329                       1.4283942    1.24116  13.1%   605   69s
H  330   330                       1.4186278    1.24116  12.5%   604   69s
   336   334    1.28190   26 4706    1.41863    1.24116  12.5%   599   70s
   365   368    1.28248   29 4720    1.41863    1.24116  12.5%   582   78s
H  366   369                       1.4146580    1.24116  12.3%   580   78s
H  367   369                       1.4130466    1.24116  12.2%   581   78s
H  371   374                       1.4095177    1.24116  11.9%   577   78s
   406   406    1.28914   34 4735    1.40952    1.24116  11.9%   555   80s
H  616   619                       1.4057476    1.24116  11.7%   483  100s
H  617   620                       1.3989222    1.24116  11.3%   482  100s
H  622   623                       1.3929733    1.24116  10.9%   482  100s
   793   790    1.33582   54 4173    1.39297    1.24116  10.9%   447  105s
  1021  1012    1.34587   73 3979    1.39297    1.24116  10.9%   423  111s
  1240  1216 infeasible   94         1.39297    1.24116  10.9%   411  116s
  1437  1377    1.24883    9 4651    1.39297    1.24116  10.9%   397  120s
  1625  1551    1.25209   29 3780    1.39297    1.24116  10.9%   403  126s
  1691  1613    1.36977  118 2121    1.39297    1.24116  10.9%   405  133s
  1692  1614    1.38856   91 3023    1.39297    1.24116  10.9%   405  136s
  1694  1615    1.32622   97 5636    1.39297    1.24136  10.9%   404  145s
  1695  1616    1.35049   91 5704    1.39297    1.24146  10.9%   404  151s
  1696  1617    1.26544   82 5831    1.39297    1.24165  10.9%   404  161s
  1697  1617    1.32998   61 6007    1.39297    1.24167  10.9%   404  167s
  1698  1618    1.29077   64 5806    1.39297    1.24184  10.8%   403  179s
  1699  1619    1.26037   38 5950    1.39297    1.24192  10.8%   403  186s
  1700  1619    1.26359   24 5684    1.39297    1.24234  10.8%   403  196s
  1701  1620    1.29956   70 5882    1.39297    1.24234  10.8%   403  212s
  1702  1621    1.27264   88 5773    1.39297    1.24236  10.8%   402  274s
  1703  1621    1.30822   52 5895    1.39297    1.24238  10.8%   402  295s

Cutting planes:
  Gomory: 5
  Cover: 26
  Implied bound: 114
  MIR: 490
  StrongCG: 17
  Flow cover: 392
  GUB cover: 214
  Zero half: 198

Explored 1703 nodes (829993 simplex iterations) in 300.12 seconds
Thread count was 8 (of 8 available processors)

Solution count 10: 1.39297 1.39892 1.40575 ... 1.43533

Time limit reached
Best objective 1.392973282304e+00, best bound 1.242399908237e+00, gap 10.8095%

Gurobi 8.1.1 (linux64) logging started Fri Apr  9 18:58:09 2021

Academic license - for non-commercial use only
Presolve added 26114 rows and 7942 columns
Presolve time: 0.51s
Optimize a model with 227 rows, 14500 columns and 15333 nonzeros
Model has 14378 general constraints
Variable types: 20 continuous, 14480 integer (14272 binary)
Coefficient statistics:
  Matrix range     [1e-07, 1e+00]
  Objective range  [1e+00, 1e+00]
  Bounds range     [3e-01, 7e+00]
  RHS range        [1e+00, 7e+00]
Presolve added 26114 rows and 7942 columns
Presolve time: 0.48s
Presolved: 26341 rows, 22442 columns, 82738 nonzeros
Variable types: 2 continuous, 22440 integer (16986 binary)
Found heuristic solution: objective 8.2822875

Root relaxation: objective 1.084988e+00, 7311 iterations, 1.05 seconds

    Nodes    |    Current Node    |     Objective Bounds      |     Work
 Expl Unexpl |  Obj  Depth IntInf | Incumbent    BestBd   Gap | It/Node Time

     0     0    1.08499    0 2395    8.28229    1.08499  86.9%     -    2s
H    0     0                       2.2297459    1.08499  51.3%     -    3s
     0     0    1.08524    0 3111    2.22975    1.08524  51.3%     -    3s
H    0     0                       1.8176505    1.08524  40.3%     -    4s
     0     0    1.08527    0 3023    1.81765    1.08527  40.3%     -    4s
     0     0    1.08562    0 2813    1.81765    1.08562  40.3%     -    5s
H    0     0                       1.6616531    1.08562  34.7%     -    5s
     0     0    1.08562    0 2973    1.66165    1.08562  34.7%     -    5s
     0     0    1.08562    0 2669    1.66165    1.08562  34.7%     -    6s
     0     0    1.08562    0 2952    1.66165    1.08562  34.7%     -    7s
H    0     0                       1.4029676    1.08562  22.6%     -    7s
     0     0    1.08562    0 2886    1.40297    1.08562  22.6%     -    8s
     0     0    1.08562    0 2840    1.40297    1.08562  22.6%     -    9s
H    0     0                       1.4011216    1.08562  22.5%     -   10s
     0     0    1.08562    0 2918    1.40112    1.08562  22.5%     -   10s
     0     0    1.08562    0 2795    1.40112    1.08562  22.5%     -   10s
     0     0    1.08562    0 3966    1.40112    1.08562  22.5%     -   11s
     0     0    1.08562    0 3966    1.40112    1.08562  22.5%     -   11s
     0     2    1.08562    0 3894    1.40112    1.08562  22.5%     -   12s
     7    16    1.08562    3 2191    1.40112    1.08562  22.5%  1801   15s
H   38    39                       1.3899280    1.08562  21.9%  1288   16s
   100   102    1.08830   12 4394    1.38993    1.08562  21.9%   849   21s
H  121   122                       1.3836151    1.08562  21.5%   853   22s
   234   232    1.11203   23 5417    1.38362    1.08562  21.5%   623   25s
   385   388    1.12879   32 4740    1.38362    1.08562  21.5%   543   30s
   409   409    1.12795   33 4834    1.38362    1.08562  21.5%   539   43s
H  410   410                       1.3777291    1.08562  21.2%   538   43s
H  413   414                       1.3735322    1.08562  21.0%   538   43s
H  415   416                       1.2826707    1.08562  15.4%   540   43s
   489   486    1.13480   43 4827    1.28267    1.08562  15.4%   511   45s
   667   666    1.17868   65 3792    1.28267    1.08562  15.4%   488   50s
   894   894    1.19850   87 3654    1.28267    1.08562  15.4%   446   55s
   962   967    1.20737   91 4109    1.28267    1.08562  15.4%   436   88s
H  966   967                       1.2763538    1.08562  14.9%   435   88s
H  980   981                       1.2681151    1.08562  14.4%   433   88s
  1089  1080     cutoff  101         1.26812    1.08562  14.4%   422   91s
  1292  1281    1.22566  118 3345    1.26812    1.08562  14.4%   421   95s
  1505  1477    1.23887  137 3036    1.26812    1.08562  14.4%   403  100s
  1740  1704    1.08949   17 4539    1.26812    1.08562  14.4%   383  106s
  1992  1933    1.09638   29 3976    1.26812    1.08562  14.4%   370  112s
  2120  2048    1.10307   43 4499    1.26812    1.08562  14.4%   362  116s
  2291  2194    1.09639   33 3966    1.26812    1.08562  14.4%   352  122s
  2293  2195    1.16988   65 1074    1.26812    1.08562  14.4%   351  128s
  2294  2196    1.21712  137 4778    1.26812    1.08597  14.4%   351  138s
  2295  2197    1.09510   24 4868    1.26812    1.08614  14.4%   351  144s
  2296  2197    1.22151  104 5065    1.26812    1.08614  14.4%   351  156s
  2297  2198    1.09599   16 5376    1.26812    1.08618  14.3%   351  161s
  2298  2199    1.18422   74 5536    1.26812    1.08622  14.3%   350  172s
  2299  2199    1.16034   71 5646    1.26812    1.08645  14.3%   350  179s
  2300  2200    1.09044    7 5342    1.26812    1.08650  14.3%   350  190s
  2301  2201    1.12684   34 5860    1.26812    1.08650  14.3%   350  199s
  2302  2201    1.11500   59 5592    1.26812    1.08660  14.3%   350  222s
  2303  2202    1.26296  187 5941    1.26812    1.08660  14.3%   350  233s
  2304  2203    1.12934   70 5722    1.26812    1.08660  14.3%   350  247s

Cutting planes:
  Gomory: 5
  Cover: 10
  Implied bound: 226
  Clique: 7
  MIR: 548
  StrongCG: 34
  Flow cover: 356
  GUB cover: 136
  Zero half: 81

Explored 2304 nodes (906111 simplex iterations) in 300.09 seconds
Thread count was 8 (of 8 available processors)

Solution count 10: 1.26812 1.27635 1.28267 ... 1.66165

Time limit reached
Best objective 1.268115127322e+00, best bound 1.086599613134e+00, gap 14.3138%
