
Gurobi 8.1.1 (linux64) logging started Fri Apr 16 21:10:43 2021

Academic license - for non-commercial use only
Presolve added 3516 rows and 0 columns
Presolve removed 0 rows and 426 columns
Presolve time: 0.04s
Optimize a model with 484 rows, 1940 columns and 2355 nonzeros
Model has 1297 general constraints
Variable types: 92 continuous, 1848 integer (1762 binary)
Coefficient statistics:
  Matrix range     [1e-07, 1e+00]
  Objective range  [1e+00, 1e+00]
  Bounds range     [1e+00, 2e+02]
  RHS range        [1e+00, 2e+01]
Presolve added 3516 rows and 0 columns
Presolve removed 0 rows and 426 columns
Presolve time: 0.04s
Presolved: 4000 rows, 1514 columns, 11287 nonzeros
Presolved model has 80 SOS constraint(s)
Variable types: 82 continuous, 1432 integer (1432 binary)

Root relaxation: objective 2.158463e-01, 1197 iterations, 0.05 seconds

    Nodes    |    Current Node    |     Objective Bounds      |     Work
 Expl Unexpl |  Obj  Depth IntInf | Incumbent    BestBd   Gap | It/Node Time

     0     0    0.21585    0  114          -    0.21585      -     -    0s
H    0     0                       0.4368615    0.21585  50.6%     -    0s
     0     0    0.23922    0   59    0.43686    0.23922  45.2%     -    0s
H    0     0                       0.2550708    0.23922  6.21%     -    0s
     0     0     cutoff    0         0.25507    0.25507  0.00%     -    0s

Cutting planes:
  Implied bound: 139
  MIR: 46
  Zero half: 5

Explored 1 nodes (1315 simplex iterations) in 0.17 seconds
Thread count was 8 (of 8 available processors)

Solution count 2: 0.255071 0.436862 

Optimal solution found (tolerance 1.00e-04)
Best objective 2.550708195234e-01, best bound 2.550708195234e-01, gap 0.0000%

Gurobi 8.1.1 (linux64) logging started Fri Apr 16 21:10:43 2021

Academic license - for non-commercial use only
Presolve added 4746 rows and 0 columns
Presolve removed 0 rows and 485 columns
Presolve time: 0.03s
Optimize a model with 488 rows, 2935 columns and 3515 nonzeros
Model has 2207 general constraints
Variable types: 94 continuous, 2841 integer (2754 binary)
Coefficient statistics:
  Matrix range     [1e-07, 1e+00]
  Objective range  [1e+00, 1e+00]
  Bounds range     [1e+00, 2e+02]
  RHS range        [1e+00, 2e+01]
Presolve added 4746 rows and 0 columns
Presolve removed 0 rows and 485 columns
Presolve time: 0.03s
Presolved: 5234 rows, 2450 columns, 14570 nonzeros
Presolved model has 80 SOS constraint(s)
Variable types: 83 continuous, 2367 integer (2367 binary)

Root relaxation: objective 1.842867e-01, 2334 iterations, 0.09 seconds

    Nodes    |    Current Node    |     Objective Bounds      |     Work
 Expl Unexpl |  Obj  Depth IntInf | Incumbent    BestBd   Gap | It/Node Time

     0     0    0.18429    0  206          -    0.18429      -     -    0s
H    0     0                       0.4890696    0.18429  62.3%     -    0s
H    0     0                       0.3876073    0.18429  52.5%     -    0s
H    0     0                       0.2587525    0.18429  28.8%     -    0s
H    0     0                       0.2541235    0.18429  27.5%     -    0s
     0     0    0.20050    0  377    0.25412    0.20050  21.1%     -    0s
H    0     0                       0.2462229    0.20050  18.6%     -    0s
     0     0    0.22368    0  393    0.24622    0.22368  9.16%     -    0s
H    0     0                       0.2448099    0.23530  3.89%     -    0s
     0     0    0.23530    0  303    0.24481    0.23530  3.89%     -    0s
H    0     0                       0.2436605    0.23630  3.02%     -    0s
H    0     0                       0.2432420    0.23630  2.85%     -    0s
H    0     0                       0.2428615    0.23630  2.70%     -    0s
     0     0    0.23630    0  334    0.24286    0.23630  2.70%     -    0s
H    0     0                       0.2426546    0.23669  2.46%     -    0s
H    0     0                       0.2426541    0.23669  2.46%     -    0s
H    0     0                       0.2426538    0.23669  2.46%     -    0s
     0     0    0.23669    0  382    0.24265    0.23669  2.46%     -    0s
H    0     0                       0.2418541    0.23669  2.13%     -    0s
     0     0    0.24149    0  457    0.24185    0.24149  0.15%     -    0s
     0     0    0.24149    0  446    0.24185    0.24149  0.15%     -    0s
     0     0    0.24149    0  128    0.24185    0.24149  0.15%     -    0s
     0     0    0.24149    0  163    0.24185    0.24149  0.15%     -    1s
     0     0    0.24149    0  227    0.24185    0.24149  0.15%     -    1s
     0     0    0.24149    0   86    0.24185    0.24149  0.15%     -    1s
     0     0     cutoff    0         0.24185    0.24185  0.00%     -    1s

Explored 1 nodes (6253 simplex iterations) in 1.08 seconds
Thread count was 8 (of 8 available processors)

Solution count 10: 0.241854 0.242654 0.242654 ... 0.254123

Optimal solution found (tolerance 1.00e-04)
Best objective 2.418540899089e-01, best bound 2.418540899089e-01, gap 0.0000%

Gurobi 8.1.1 (linux64) logging started Fri Apr 16 21:10:44 2021

Academic license - for non-commercial use only
Presolve added 6172 rows and 0 columns
Presolve removed 0 rows and 699 columns
Presolve time: 0.04s
Optimize a model with 492 rows, 4294 columns and 5039 nonzeros
Model has 3481 general constraints
Variable types: 96 continuous, 4198 integer (4110 binary)
Coefficient statistics:
  Matrix range     [1e-07, 1e+00]
  Objective range  [1e+00, 1e+00]
  Bounds range     [1e+00, 2e+02]
  RHS range        [1e+00, 2e+01]
Presolve added 6172 rows and 0 columns
Presolve removed 0 rows and 699 columns
Presolve time: 0.04s
Presolved: 6664 rows, 3595 columns, 18915 nonzeros
Presolved model has 80 SOS constraint(s)
Variable types: 83 continuous, 3512 integer (3512 binary)

Root relaxation: objective 1.610808e-01, 3046 iterations, 0.13 seconds

    Nodes    |    Current Node    |     Objective Bounds      |     Work
 Expl Unexpl |  Obj  Depth IntInf | Incumbent    BestBd   Gap | It/Node Time

     0     0    0.16108    0  216          -    0.16108      -     -    0s
H    0     0                       0.4493766    0.16108  64.2%     -    0s
H    0     0                       0.3253699    0.16108  50.5%     -    0s
     0     0    0.16758    0  238    0.32537    0.16758  48.5%     -    0s
H    0     0                       0.3065585    0.16758  45.3%     -    0s
H    0     0                       0.2820213    0.16758  40.6%     -    0s
     0     0    0.17226    0  174    0.28202    0.17226  38.9%     -    0s
H    0     0                       0.2449455    0.17226  29.7%     -    0s
     0     0    0.18872    0  274    0.24495    0.18872  23.0%     -    0s
     0     0    0.19658    0  323    0.24495    0.19658  19.7%     -    0s
     0     0    0.19658    0  321    0.24495    0.19658  19.7%     -    0s
     0     0    0.19658    0  259    0.24495    0.19658  19.7%     -    0s
     0     0    0.19658    0  268    0.24495    0.19658  19.7%     -    0s
     0     0    0.19658    0  308    0.24495    0.19658  19.7%     -    0s
     0     0    0.19658    0  257    0.24495    0.19658  19.7%     -    0s
     0     2    0.19658    0  257    0.24495    0.19658  19.7%     -    0s
H   32    22                       0.2436939    0.22443  7.91%   307    1s
H   75    37                       0.2418555    0.22943  5.14%   217    1s
H  150    21                       0.2418552    0.23690  2.05%   156    1s

Cutting planes:
  Gomory: 3
  Cover: 1
  Implied bound: 214
  Clique: 59
  MIR: 107
  Zero half: 77

Explored 221 nodes (32785 simplex iterations) in 1.72 seconds
Thread count was 8 (of 8 available processors)

Solution count 8: 0.241855 0.241856 0.243694 ... 0.449377

Optimal solution found (tolerance 1.00e-04)
Best objective 2.418551789159e-01, best bound 2.418551789159e-01, gap 0.0000%

Gurobi 8.1.1 (linux64) logging started Fri Apr 16 21:10:46 2021

Academic license - for non-commercial use only
Presolve added 7890 rows and 0 columns
Presolve removed 0 rows and 985 columns
Presolve time: 0.05s
Optimize a model with 496 rows, 6017 columns and 6927 nonzeros
Model has 5119 general constraints
Variable types: 98 continuous, 5919 integer (5830 binary)
Coefficient statistics:
  Matrix range     [1e-07, 1e+00]
  Objective range  [1e+00, 1e+00]
  Bounds range     [1e+00, 2e+02]
  RHS range        [1e+00, 2e+01]
Presolve added 7890 rows and 0 columns
Presolve removed 0 rows and 985 columns
Presolve time: 0.05s
Presolved: 8386 rows, 5032 columns, 24138 nonzeros
Presolved model has 80 SOS constraint(s)
Variable types: 83 continuous, 4949 integer (4949 binary)

Root relaxation: objective 1.433183e-01, 3367 iterations, 0.15 seconds

    Nodes    |    Current Node    |     Objective Bounds      |     Work
 Expl Unexpl |  Obj  Depth IntInf | Incumbent    BestBd   Gap | It/Node Time

     0     0    0.14332    0  228          -    0.14332      -     -    0s
H    0     0                       0.2643107    0.14332  45.8%     -    0s
H    0     0                       0.2621135    0.14332  45.3%     -    0s
     0     0    0.15784    0  256    0.26211    0.15784  39.8%     -    0s
     0     0    0.15784    0  259    0.26211    0.15784  39.8%     -    0s
     0     0    0.15784    0  233    0.26211    0.15784  39.8%     -    0s
     0     0    0.15784    0  221    0.26211    0.15784  39.8%     -    0s
     0     0    0.15784    0  258    0.26211    0.15784  39.8%     -    0s
H    0     0                       0.2575113    0.15784  38.7%     -    0s
H    0     0                       0.2575105    0.15784  38.7%     -    0s
     0     0    0.16037    0  225    0.25751    0.16037  37.7%     -    0s
H    0     0                       0.2554556    0.16037  37.2%     -    0s
H    0     0                       0.2551672    0.16037  37.2%     -    0s
     0     0    0.16037    0  250    0.25517    0.16037  37.2%     -    0s
     0     0    0.16037    0  245    0.25517    0.16037  37.2%     -    0s
     0     2    0.16037    0  243    0.25517    0.16037  37.2%     -    0s
H    6     6                       0.2550573    0.16451  35.5%   282    1s
H   41    26                       0.2541281    0.18028  29.1%   201    1s
H  111    61                       0.2418569    0.18925  21.8%   177    1s
H  142    69                       0.2418559    0.18925  21.8%   184    1s
   924   586    0.19746   15  275    0.24186    0.19295  20.2%   187    6s
  1499   987    0.19299   17  255    0.24186    0.19299  20.2%   3.5   10s
  3787  2164    0.20437   28  218    0.24186    0.19299  20.2%  67.5   15s
  7059  4339    0.21402   34  170    0.24186    0.19703  18.5%  88.2   20s
 10708  7182    0.20166   23  149    0.24186    0.20032  17.2%  90.8   25s
 13924  9593    0.21349   37  194    0.24186    0.20228  16.4%  91.6   30s
 17733 12645    0.22324   55  155    0.24186    0.20372  15.8%  90.0   35s
 21091 15290    0.21422   48  144    0.24186    0.20461  15.4%  89.6   40s
 25097 18323    0.24104   81   65    0.24186    0.20570  15.0%  90.1   45s
 29458 21721    0.22314   44  157    0.24186    0.20663  14.6%  89.4   51s
 30298 22429    0.21544   52  244    0.24186    0.20677  14.5%  89.3   76s
 30314 22440    0.22468   44  944    0.24186    0.20677  14.5%  89.3   80s
 30326 22448    0.23631   67  962    0.24186    0.20677  14.5%  89.3   85s
 30334 22453    0.21017   40  986    0.24186    0.20677  14.5%  89.2   90s
 30347 22462    0.22724   64  994    0.24186    0.20677  14.5%  89.2   95s
 30357 22468    0.22021   61  994    0.24186    0.20677  14.5%  89.2  100s
 30362 22472    0.21414   42  990    0.24186    0.20677  14.5%  89.1  105s
 30365 22475    0.20677   30  903    0.24186    0.20677  14.5%  89.5  116s
 30367 22476    0.20677   31  476    0.24186    0.20677  14.5%  89.5  123s
 30369 22477    0.20677   32  464    0.24186    0.20677  14.5%  89.6  128s
 30373 22480    0.20697   33  480    0.24186    0.20677  14.5%  89.6  132s
 30379 22486    0.20797   34  475    0.24186    0.20677  14.5%  89.7  137s
 30411 22512    0.21199   36  412    0.24186    0.20677  14.5%  89.9  140s
 30743 22639    0.22251   49  320    0.24186    0.20977  13.3%  91.3  145s
 31708 22955    0.24177   78  115    0.24186    0.21606  10.7%  92.3  150s
H32453 21905                       0.2409394    0.21956  8.87%  93.7  153s
H32795 20890                       0.2409391    0.22030  8.57%  94.6  154s
 32829 20883    0.23917   50  167    0.24094    0.22041  8.52%  94.7  155s
 33418 20938    0.23455   43  259    0.24094    0.22256  7.63%  96.4  160s
 34067 20915 infeasible   47         0.24094    0.22370  7.16%  98.8  165s
 35138 21002     cutoff   54         0.24094    0.22477  6.71%   101  170s
 36225 20977 infeasible   41         0.24094    0.22621  6.11%   104  175s
 38154 21012    0.23762   59  182    0.24094    0.22779  5.46%   105  180s
 39724 20970    0.23806   53  266    0.24094    0.22870  5.08%   106  185s
 41186 20971    0.24084   68  190    0.24094    0.22943  4.78%   106  190s
 43388 20923    0.23900   58  191    0.24094    0.23023  4.44%   108  195s
 45866 20648    0.23951   58  144    0.24094    0.23086  4.18%   108  202s
H47035 19553                       0.2409390    0.23127  4.01%   109  204s
 47290 19437     cutoff   52         0.24094    0.23144  3.94%   109  207s
 49590 19090 infeasible   48         0.24094    0.23187  3.76%   109  212s
 51840 18676 infeasible   45         0.24094    0.23240  3.54%   109  217s
 53931 18208    0.23905   65  184    0.24094    0.23279  3.38%   110  221s
 56191 17807    0.23945   61  231    0.24094    0.23323  3.20%   110  226s
 57656 17377    0.24023   58  197    0.24094    0.23344  3.11%   110  230s
 60761 16689    0.23583   59  257    0.24094    0.23391  2.92%   109  235s
 63800 15944    0.23601   68  233    0.24094    0.23430  2.76%   109  241s
H66686 14197                       0.2407120    0.23462  2.53%   109  244s
 66765 14079    0.24051   60  216    0.24071    0.23466  2.51%   109  245s
 69632 13283     cutoff   56         0.24071    0.23498  2.38%   109  250s
 72140 12460 infeasible   61         0.24071    0.23526  2.27%   109  255s
 74867 11478     cutoff   65         0.24071    0.23556  2.14%   109  260s
 77513 10511    0.23903   68  167    0.24071    0.23584  2.02%   108  266s
 80249  9461     cutoff   67         0.24071    0.23609  1.92%   108  270s
 83610  8156    0.23726   72  173    0.24071    0.23642  1.78%   108  276s
 86031  7376     cutoff   62         0.24071    0.23667  1.68%   108  280s
H86617  7425                       0.2406584    0.23667  1.66%   107  280s
H87583  7248                       0.2406580    0.23680  1.60%   107  282s
 88742  7030    0.23863   64  138    0.24066    0.23693  1.55%   107  285s
 92314  6602    0.23955   76  122    0.24066    0.23727  1.41%   107  291s
 94855  6161    0.24017   54  192    0.24066    0.23749  1.32%   106  295s
 98467  5553    0.23807   66  162    0.24066    0.23780  1.19%   106  300s

Cutting planes:
  Gomory: 14
  Cover: 4
  Implied bound: 110
  Clique: 3
  MIR: 1
  StrongCG: 2
  Flow cover: 645
  Zero half: 275

Explored 98627 nodes (10690979 simplex iterations) in 300.02 seconds
Thread count was 8 (of 8 available processors)

Solution count 10: 0.240658 0.240658 0.240712 ... 0.255057

Time limit reached
Best objective 2.406580418027e-01, best bound 2.378080169411e-01, gap 1.1843%

Gurobi 8.1.1 (linux64) logging started Fri Apr 16 21:15:46 2021

Academic license - for non-commercial use only
Presolve added 9902 rows and 0 columns
Presolve removed 0 rows and 1341 columns
Presolve time: 0.06s
Optimize a model with 500 rows, 8104 columns and 9179 nonzeros
Model has 7121 general constraints
Variable types: 100 continuous, 8004 integer (7914 binary)
Coefficient statistics:
  Matrix range     [1e-07, 1e+00]
  Objective range  [1e+00, 1e+00]
  Bounds range     [1e+00, 2e+02]
  RHS range        [1e+00, 2e+01]
Presolve added 9902 rows and 0 columns
Presolve removed 0 rows and 1341 columns
Presolve time: 0.06s
Presolved: 10402 rows, 6763 columns, 30243 nonzeros
Presolved model has 80 SOS constraint(s)
Variable types: 83 continuous, 6680 integer (6680 binary)

Root relaxation: objective 1.305456e-01, 4317 iterations, 0.23 seconds

    Nodes    |    Current Node    |     Objective Bounds      |     Work
 Expl Unexpl |  Obj  Depth IntInf | Incumbent    BestBd   Gap | It/Node Time

     0     0    0.13055    0  233          -    0.13055      -     -    0s
H    0     0                       0.2726903    0.13055  52.1%     -    0s
     0     0    0.13644    0  408    0.27269    0.13644  50.0%     -    0s
H    0     0                       0.2616666    0.13644  47.9%     -    0s
     0     0    0.13644    0  400    0.26167    0.13644  47.9%     -    0s
     0     0    0.14249    0  240    0.26167    0.14249  45.5%     -    0s
     0     0    0.14249    0  240    0.26167    0.14249  45.5%     -    0s
     0     0    0.14249    0  263    0.26167    0.14249  45.5%     -    0s
     0     0    0.14249    0  229    0.26167    0.14249  45.5%     -    0s
     0     0    0.14249    0  259    0.26167    0.14249  45.5%     -    0s
     0     0    0.14249    0  249    0.26167    0.14249  45.5%     -    0s
     0     0    0.14249    0  243    0.26167    0.14249  45.5%     -    1s
     0     0    0.14249    0  215    0.26167    0.14249  45.5%     -    1s
     0     2    0.14249    0  205    0.26167    0.14249  45.5%     -    1s
H   34    32                       0.2533598    0.16271  35.8%   276    1s
H   38    34                       0.2455359    0.16271  33.7%   253    1s
H   71    43                       0.2455352    0.17312  29.5%   230    1s
H   74    46                       0.2455349    0.17312  29.5%   223    1s
H  116    71                       0.2427676    0.17312  28.7%   218    2s
H  196   128                       0.2421457    0.17312  28.5%   196    3s
H  198   130                       0.2421398    0.17312  28.5%   202    3s
H  204   130                       0.2374775    0.17312  27.1%   197    3s
   686   466    0.21876   12  184    0.23748    0.17512  26.3%   133    5s
H  995   666                       0.2354126    0.17520  25.6%   128    7s
H 1005   560                       0.2270181    0.17520  22.8%   128    7s
  1460   862    0.17883   10  228    0.22702    0.17883  21.2%   2.9   10s
  2110  1213    0.22087   46  180    0.22702    0.17883  21.2%  48.3   15s
  4116  2084    0.19823   16  262    0.22702    0.17883  21.2%  89.1   20s
  6860  4333    0.21761   36  180    0.22702    0.18581  18.2%  87.6   26s
H 6959  4348                       0.2268211    0.18581  18.1%  87.3   26s
H 7118  4485                       0.2268209    0.18581  18.1%  87.3   26s
H 7467  4742                       0.2268202    0.18635  17.8%  85.8   27s
H 7494  4181                       0.2235111    0.18635  16.6%  85.7   27s
H 7849  4409                       0.2235099    0.18700  16.3%  84.8   27s
H 8441  4673                       0.2229764    0.18727  16.0%  83.8   28s
H 8792  3680                       0.2169464    0.18734  13.6%  83.0   29s
  8870  3708    0.21629   30  185    0.21695    0.18734  13.6%  83.1   30s
H 8915  3727                       0.2169457    0.18734  13.6%  83.0   30s
H 9020  3751                       0.2169457    0.18734  13.6%  83.0   30s
H 9055  3777                       0.2169450    0.18734  13.6%  83.0   31s
 11707  5128 infeasible   18         0.21694    0.19097  12.0%  81.7   35s
 15791  7001 infeasible   35         0.21694    0.19262  11.2%  80.7   40s
 19437  8794    0.21623   29  160    0.21694    0.19362  10.8%  80.3   45s
 23066 10439    0.20480   24  150    0.21694    0.19495  10.1%  79.9   50s
 27535 12250    0.20778   27  194    0.21694    0.19583  9.73%  80.0   56s
 30322 13405    0.21321   30  185    0.21694    0.19632  9.51%  79.7   82s
 32293 14001     cutoff   31         0.21694    0.19664  9.36%  82.2   85s
 34450 14291     cutoff   28         0.21694    0.19715  9.13%  88.2   91s
 36202 14487    0.20519   19  203    0.21694    0.19769  8.88%  92.8   95s
 38198 14653     cutoff   23         0.21694    0.19814  8.67%  98.0  100s
 40574 14792     cutoff   31         0.21694    0.19866  8.43%   104  105s
 43122 14937    0.21365   20  239    0.21694    0.19923  8.17%   110  110s
 44595 14946    0.21480   27  196    0.21694    0.19959  8.00%   113  115s
 46861 14906    0.21244   26  211    0.21694    0.20020  7.72%   118  121s
 48030 14863    0.21370   27  246    0.21694    0.20056  7.55%   120  125s
 50077 14740     cutoff   29         0.21694    0.20115  7.28%   125  130s
 52329 14609     cutoff   27         0.21694    0.20181  6.98%   130  135s
 54594 14403     cutoff   25         0.21694    0.20253  6.64%   134  140s
 56081 14361 infeasible   27         0.21694    0.20294  6.45%   137  145s
 57832 14072     cutoff   20         0.21694    0.20354  6.18%   140  150s
 59926 13844     cutoff   28         0.21694    0.20413  5.90%   144  156s
 61319 13646 infeasible   23         0.21694    0.20456  5.71%   147  160s
 63147 13327    0.21509   22  226    0.21694    0.20509  5.46%   150  165s
 64564 13070     cutoff   29         0.21694    0.20560  5.23%   153  170s
 66274 12715     cutoff   33         0.21694    0.20624  4.94%   156  175s
 68079 12404     cutoff   29         0.21694    0.20667  4.74%   158  180s
 70152 11930    0.20846   22  219    0.21694    0.20731  4.44%   161  186s
 71633 11532     cutoff   33         0.21694    0.20775  4.24%   163  190s
 73453 10993     cutoff   26         0.21694    0.20830  3.99%   166  195s
 75406 10473     cutoff   33         0.21694    0.20876  3.77%   168  200s
 77089  9917     cutoff   27         0.21694    0.20924  3.55%   170  205s
 78999  9187    0.21431   22  206    0.21694    0.20985  3.27%   173  210s
 80794  8451     cutoff   30         0.21694    0.21037  3.03%   175  215s
 82157  7840     cutoff   29         0.21694    0.21079  2.84%   177  220s
 84116  6909     cutoff   38         0.21694    0.21140  2.56%   179  225s
 85677  6133     cutoff   30         0.21694    0.21192  2.32%   181  230s
 87047  5319     cutoff   27         0.21694    0.21240  2.09%   183  235s
 88839  4172     cutoff   26         0.21694    0.21310  1.77%   185  240s
 90545  3027     cutoff   35         0.21694    0.21377  1.46%   187  245s
 92158  1755     cutoff   38         0.21694    0.21463  1.07%   188  251s
 93454   589     cutoff   43         0.21694    0.21571  0.57%   189  255s

Cutting planes:
  Implied bound: 13
  MIR: 10
  Flow cover: 446
  Inf proof: 1
  Zero half: 142

Explored 94282 nodes (18021417 simplex iterations) in 257.28 seconds
Thread count was 8 (of 8 available processors)

Solution count 10: 0.216945 0.216946 0.216946 ... 0.226821

Optimal solution found (tolerance 1.00e-04)
Best objective 2.169449815469e-01, best bound 2.169449815469e-01, gap 0.0000%

Gurobi 8.1.1 (linux64) logging started Fri Apr 16 21:20:04 2021

Academic license - for non-commercial use only
Presolve added 12208 rows and 0 columns
Presolve removed 0 rows and 1767 columns
Presolve time: 0.07s
Optimize a model with 504 rows, 10555 columns and 11795 nonzeros
Model has 9487 general constraints
Variable types: 102 continuous, 10453 integer (10362 binary)
Coefficient statistics:
  Matrix range     [1e-07, 1e+00]
  Objective range  [1e+00, 1e+00]
  Bounds range     [1e+00, 2e+02]
  RHS range        [1e+00, 2e+01]
Presolve added 12208 rows and 0 columns
Presolve removed 0 rows and 1767 columns
Presolve time: 0.07s
Presolved: 12712 rows, 8788 columns, 37230 nonzeros
Presolved model has 80 SOS constraint(s)
Variable types: 83 continuous, 8705 integer (8705 binary)

Root relaxation: objective 1.198627e-01, 4448 iterations, 0.26 seconds

    Nodes    |    Current Node    |     Objective Bounds      |     Work
 Expl Unexpl |  Obj  Depth IntInf | Incumbent    BestBd   Gap | It/Node Time

     0     0    0.11986    0  228          -    0.11986      -     -    0s
H    0     0                       0.2667293    0.11986  55.1%     -    0s
     0     0    0.12986    0  239    0.26673    0.12986  51.3%     -    0s
H    0     0                       0.2602652    0.12986  50.1%     -    0s
H    0     0                       0.2599746    0.12986  50.1%     -    0s
     0     0    0.12986    0  235    0.25997    0.12986  50.1%     -    0s
     0     0    0.12986    0  257    0.25997    0.12986  50.1%     -    0s
     0     0    0.12986    0  259    0.25997    0.12986  50.1%     -    0s
     0     0    0.12986    0  236    0.25997    0.12986  50.1%     -    0s
     0     0    0.12986    0  220    0.25997    0.12986  50.1%     -    0s
     0     0    0.12986    0  221    0.25997    0.12986  50.1%     -    1s
     0     0    0.12986    0  218    0.25997    0.12986  50.1%     -    1s
H    0     0                       0.2584416    0.12986  49.8%     -    1s
     0     0    0.12986    0  264    0.25844    0.12986  49.8%     -    1s
     0     0    0.12986    0  264    0.25844    0.12986  49.8%     -    1s
H    0     0                       0.2581518    0.12986  49.7%     -    1s
     0     2    0.12986    0  264    0.25815    0.12986  49.7%     -    1s
H   69    57                       0.2518391    0.14349  43.0%   280    3s
H   71    57                       0.2485640    0.14349  42.3%   280    3s
H  112    91                       0.2485631    0.14349  42.3%   246    4s
   183   148    0.18552   18  364    0.24856    0.14349  42.3%   204    5s
H  198   163                       0.2482871    0.14349  42.2%   205    5s
H  201   166                       0.2482864    0.14349  42.2%   204    5s
H  434   312                       0.2344452    0.14349  38.8%   147    6s
  1155   901    0.16464    7  295    0.23445    0.14871  36.6%   142   10s
H 1217   887                       0.2301904    0.14871  35.4%   142   12s
H 1218   773                       0.2235107    0.14871  33.5%   142   12s
  1520   988    0.21977   16  213    0.22351    0.16539  26.0%   145   15s
  1633  1044    0.18745   22  235    0.22351    0.16539  26.0%  28.6   20s
  2414  1439    0.20278   46  227    0.22351    0.16539  26.0%  71.7   25s
  3532  1965    0.20546   32  316    0.22351    0.16539  26.0%  94.7   30s
  4887  2708    0.22117   27  197    0.22351    0.18082  19.1%   110   35s
  6067  3679    0.19002   28  220    0.22351    0.18284  18.2%   115   40s
  7718  5053    0.21789   63  132    0.22351    0.18380  17.8%   113   45s
  9223  6275     cutoff   64         0.22351    0.18471  17.4%   109   50s
 10881  7563    0.21156   39  176    0.22351    0.18554  17.0%   106   55s
 13210  9536    0.20735   58  111    0.22351    0.18629  16.7%   101   61s
 15322 11313    0.18730   29  232    0.22351    0.18704  16.3%  97.7   66s
 17429 13037    0.21918   56  179    0.22351    0.18758  16.1%  95.5   71s
 19101 14367    0.20445   36  239    0.22351    0.18811  15.8%  94.1   75s
 20845 15796    0.21004   41  228    0.22351    0.18847  15.7%  92.8   80s
 24283 18597     cutoff   71         0.22351    0.18923  15.3%  88.6   87s
 25937 19901    0.21351   39  184    0.22351    0.18946  15.2%  87.9   90s
 27525 21207    0.21423   45  171    0.22351    0.18973  15.1%  87.1   95s
 29774 22982    0.20258   39  362    0.22351    0.19017  14.9%  87.7  129s
 30816 23878    0.21991   52  291    0.22351    0.19041  14.8%  87.2  131s
 32041 24825    0.22073   40  221    0.22351    0.19072  14.7%  88.3  135s
 33797 26120    0.21654   46  127    0.22351    0.19107  14.5%  90.1  141s
 34722 26830    0.22227   50  201    0.22351    0.19116  14.5%  92.0  146s
 36358 28088    0.21797   51  117    0.22351    0.19137  14.4%  92.8  150s
 38032 29346    0.20733   34  206    0.22351    0.19152  14.3%  93.5  155s
 40267 31065    0.20999   47  137    0.22351    0.19179  14.2%  94.7  161s
 41726 32156    0.20592   33  451    0.22351    0.19207  14.1%  95.7  166s
 43217 33261    0.21216   41  231    0.22351    0.19227  14.0%  96.6  170s
 44430 34160    0.20733   37  188    0.22351    0.19241  13.9%  97.4  177s
 45869 35253    0.20445   33  409    0.22351    0.19259  13.8%  98.5  182s
H46160 33105                       0.2218775    0.19260  13.2%  98.6  182s
H46552 31803                       0.2209492    0.19264  12.8%  99.1  184s
H46687 30395                       0.2200740    0.19270  12.4%  99.1  184s
H46725 26645                       0.2178102    0.19270  11.5%  99.1  184s
H46760 26685                       0.2178098    0.19271  11.5%  99.1  184s
 47044 26815    0.21405   28  234    0.21781    0.19282  11.5%  99.5  187s
H47057 26814                       0.2178095    0.19282  11.5%  99.5  187s
H47485 26810                       0.2176648    0.19287  11.4%   100  187s
H47509 26810                       0.2176646    0.19287  11.4%   100  187s
H47510 26808                       0.2176640    0.19287  11.4%   100  187s
H47678 26872                       0.2176636    0.19294  11.4%   100  189s
H47944 27000                       0.2176633    0.19296  11.4%   100  189s
 48619 27342    0.20949   41  235    0.21766    0.19318  11.2%   101  192s
H48658 27261                       0.2176171    0.19318  11.2%   101  192s
H49024 27424                       0.2176166    0.19333  11.2%   101  195s
H49265 27559                       0.2176163    0.19333  11.2%   102  195s
H49881 27830                       0.2176157    0.19350  11.1%   102  197s
H50229 27802                       0.2174968    0.19362  11.0%   102  197s
H50484 26896                       0.2169083    0.19362  10.7%   102  200s
H50556 24836                       0.2157388    0.19375  10.2%   102  200s
H50757 23166                       0.2146933    0.19378  9.74%   102  200s
H51073 23292                       0.2146930    0.19385  9.71%   103  204s
H51074 23293                       0.2146928    0.19385  9.71%   103  204s
 51591 23502     cutoff   36         0.21469    0.19393  9.67%   103  207s
 52332 23735    0.20232   35  209    0.21469    0.19414  9.57%   104  212s
 53190 24063    0.19871   34  252    0.21469    0.19431  9.49%   105  215s
 54811 24629    0.21056   28  243    0.21469    0.19463  9.34%   107  223s
 55778 24983    0.20972   32  217    0.21469    0.19479  9.27%   107  225s
 57483 25536    0.19711   27  252    0.21469    0.19506  9.14%   109  231s
 59191 26085 infeasible   41         0.21469    0.19542  8.98%   111  236s
 60718 26584    0.20523   35  238    0.21469    0.19570  8.85%   113  241s
 62594 27226     cutoff   31         0.21469    0.19599  8.71%   114  246s
 63517 27559    0.20746   31  262    0.21469    0.19612  8.65%   115  250s
 63897 27679    0.20130   29  249    0.21469    0.19619  8.62%   115  255s
 65824 28281     cutoff   34         0.21469    0.19638  8.53%   116  263s
 66805 28568    0.20197   28  588    0.21469    0.19659  8.43%   117  265s
 68554 29105    0.20760   30  205    0.21469    0.19682  8.33%   118  271s
 70034 29554    0.20483   30  245    0.21469    0.19702  8.23%   119  276s
 71856 30103    0.21262   38  239    0.21469    0.19723  8.14%   120  281s
 73395 30574    0.20337   29  234    0.21469    0.19737  8.07%   121  287s
 74261 30824    0.21431   38  172    0.21469    0.19744  8.04%   121  290s
 75927 31422    0.21158   31  237    0.21469    0.19758  7.97%   122  296s
 77729 31990    0.21305   44  208    0.21469    0.19779  7.87%   122  300s

Cutting planes:
  Gomory: 5
  Implied bound: 14
  MIR: 1
  Flow cover: 606
  Zero half: 106

Explored 78089 nodes (9787022 simplex iterations) in 300.01 seconds
Thread count was 8 (of 8 available processors)

Solution count 10: 0.214693 0.214693 0.214693 ... 0.217617

Time limit reached
Best objective 2.146927552313e-01, best bound 1.978444793339e-01, gap 7.8476%

Gurobi 8.1.1 (linux64) logging started Fri Apr 16 21:25:04 2021

Academic license - for non-commercial use only
Presolve added 14808 rows and 0 columns
Presolve removed 0 rows and 2263 columns
Presolve time: 0.09s
Optimize a model with 508 rows, 13370 columns and 14775 nonzeros
Model has 12217 general constraints
Variable types: 104 continuous, 13266 integer (13174 binary)
Coefficient statistics:
  Matrix range     [1e-07, 1e+00]
  Objective range  [1e+00, 1e+00]
  Bounds range     [1e+00, 2e+02]
  RHS range        [1e+00, 2e+01]
Presolve added 14808 rows and 0 columns
Presolve removed 0 rows and 2263 columns
Presolve time: 0.09s
Presolved: 15316 rows, 11107 columns, 45099 nonzeros
Presolved model has 80 SOS constraint(s)
Variable types: 83 continuous, 11024 integer (11024 binary)

Root relaxation: objective 1.107963e-01, 5468 iterations, 0.26 seconds

    Nodes    |    Current Node    |     Objective Bounds      |     Work
 Expl Unexpl |  Obj  Depth IntInf | Incumbent    BestBd   Gap | It/Node Time

     0     0    0.11080    0  230          -    0.11080      -     -    0s
H    0     0                       0.2455151    0.11080  54.9%     -    0s
     0     0    0.11928    0  262    0.24552    0.11928  51.4%     -    0s
     0     0    0.11928    0  264    0.24552    0.11928  51.4%     -    0s
     0     0    0.11928    0  273    0.24552    0.11928  51.4%     -    1s
     0     0    0.11928    0  263    0.24552    0.11928  51.4%     -    1s
     0     0    0.11928    0  262    0.24552    0.11928  51.4%     -    1s
     0     0    0.11928    0  254    0.24552    0.11928  51.4%     -    1s
     0     0    0.11928    0  244    0.24552    0.11928  51.4%     -    1s
     0     0    0.11928    0  258    0.24552    0.11928  51.4%     -    1s
     0     0    0.11928    0  281    0.24552    0.11928  51.4%     -    1s
     0     0    0.11928    0  272    0.24552    0.11928  51.4%     -    2s
     0     2    0.11928    0  272    0.24552    0.11928  51.4%     -    2s
H   34    36                       0.2455145    0.13602  44.6%   315    4s
H   74    69                       0.2452257    0.13602  44.5%   207    4s
    79    77    0.15259   11  239    0.24523    0.13602  44.5%   205    5s
H  121   116                       0.2443150    0.13602  44.3%   172    5s
H  158   142                       0.2433403    0.13602  44.1%   166    6s
H  380   295                       0.2400754    0.13602  43.3%   118    7s
   717   606    0.16773   56  326    0.24008    0.13602  43.3%   103   10s
H  721   594                       0.2342465    0.13602  41.9%   105   10s
H  730   599                       0.2334664    0.13602  41.7%   105   10s
  1184   946    0.19013   82  289    0.23347    0.13973  40.2%   120   15s
  1518  1226    0.14142   12  218    0.23347    0.14142  39.4%   3.3   21s
  1620  1286    0.18486   19  336    0.23347    0.14741  36.9%  25.4   25s
  2060  1501    0.22352   37  354    0.23347    0.14741  36.9%  65.3   30s
  2686  1839    0.19319   61  287    0.23347    0.14741  36.9%   103   35s
  3303  2191    0.19708   88  239    0.23347    0.14847  36.4%   117   40s
  3985  2522    0.22521  123  189    0.23347    0.14847  36.4%   128   45s
  4642  2802     cutoff   46         0.23347    0.16117  31.0%   137   50s
  5446  3322    0.20343   27  362    0.23347    0.16230  30.5%   142   55s
  6368  4064    0.22222   35  416    0.23347    0.16408  29.7%   152   60s
  7045  4546    0.23052   35  270    0.23347    0.16606  28.9%   159   66s
  7917  5305    0.18947   48  458    0.23347    0.16606  28.9%   161   70s
  8609  5834    0.20034   89  264    0.23347    0.16606  28.9%   165   75s
  9558  6654    0.21513   23  252    0.23347    0.16731  28.3%   167   81s
 10275  7211    0.22559   51  246    0.23347    0.16904  27.6%   168   85s
 11427  8239    0.20907   27  284    0.23347    0.16999  27.2%   170   91s
H11805  8265                       0.2320936    0.16999  26.8%   172   97s
 11813  8231    0.23131   43  370    0.23209    0.17006  26.7%   172  100s
H12690  8452                       0.2301596    0.17102  25.7%   168  103s
H12751  8059                       0.2286577    0.17112  25.2%   167  103s
 12884  8135     cutoff   50         0.22866    0.17149  25.0%   167  105s
H12941  8166                       0.2286569    0.17149  25.0%   167  105s
H13342  7986                       0.2270436    0.17173  24.4%   167  105s
H13382  8011                       0.2270426    0.17173  24.4%   167  108s
H13464  8064                       0.2270416    0.17174  24.4%   167  108s
 13930  8359    0.20665   71  435    0.22704    0.17182  24.3%   167  111s
H14240  8165                       0.2254604    0.17189  23.8%   167  111s
 14433  8272     cutoff   93         0.22546    0.17194  23.7%   167  115s
H14681  8433                       0.2254598    0.17228  23.6%   168  115s
H15114  8376                       0.2242208    0.17228  23.2%   167  118s
H15229  8179                       0.2232991    0.17275  22.6%   167  118s
H15334  7900                       0.2220422    0.17275  22.2%   168  118s
 15442  7953     cutoff   46         0.22204    0.17275  22.2%   168  121s
H15443  7803                       0.2214534    0.17275  22.0%   168  121s
 15974  8157    0.20281   59  293    0.22145    0.17275  22.0%   167  125s
H16052  8043                       0.2208885    0.17304  21.7%   167  125s
H16419  8322                       0.2208880    0.17304  21.7%   166  128s
H16429  6639                       0.2146947    0.17304  19.4%   166  128s
 16714  6847     cutoff   89         0.21469    0.17323  19.3%   165  132s
H16738  6865                       0.2146936    0.17323  19.3%   165  132s
 17026  7030    0.20188   56  376    0.21469    0.17323  19.3%   165  136s
 17697  7463    0.20951   55  269    0.21469    0.17397  19.0%   166  140s
 18421  7949    0.21153   64  310    0.21469    0.17406  18.9%   166  145s
 19755  8881    0.19908   56  278    0.21469    0.17455  18.7%   167  154s
 20617  9499    0.20704   64  231    0.21469    0.17491  18.5%   167  158s
 21518 10086    0.20978   50  302    0.21469    0.17518  18.4%   167  163s
 22046 10431    0.21234   62  301    0.21469    0.17547  18.3%   167  167s
 23046 11091    0.18397   36  412    0.21469    0.17572  18.2%   167  172s
 24060 11755 infeasible   61         0.21469    0.17592  18.1%   166  176s
 24808 12237    0.20523   56  299    0.21469    0.17612  18.0%   166  181s
 25755 12925    0.20663   58  321    0.21469    0.17629  17.9%   166  186s
 26571 13482    0.19970   49  365    0.21469    0.17647  17.8%   165  191s
 27495 14149    0.18982   47  377    0.21469    0.17657  17.8%   164  195s
 28363 14716    0.20478   61  276    0.21469    0.17670  17.7%   164  200s
 29399 15425    0.19164   45  278    0.21469    0.17687  17.6%   164  235s
 30297 16045    0.21205   73  327    0.21469    0.17709  17.5%   164  241s
 30328 16031    0.18126   41  340    0.21469    0.17710  17.5%   164  246s
 31093 16540    0.18723   46  411    0.21469    0.17732  17.4%   165  251s
 31857 17036    0.19834   47  321    0.21469    0.17747  17.3%   167  255s
 32595 17496    0.19022   41  365    0.21469    0.17774  17.2%   168  260s
 34020 18377    0.21069   48  394    0.21469    0.17804  17.1%   171  269s
 34720 18791    0.18651   41  383    0.21469    0.17814  17.0%   172  273s
 35399 19253    0.20569   56  280    0.21469    0.17824  17.0%   174  277s
 36137 19716    0.18450   51  357    0.21469    0.17832  16.9%   175  282s
 36613 20008     cutoff   94         0.21469    0.17839  16.9%   176  286s
 37309 20412    0.20257   65  309    0.21469    0.17854  16.8%   177  291s
 38148 20921     cutoff   61         0.21469    0.17870  16.8%   178  296s
 38664 21205    0.18880   39  377    0.21469    0.17882  16.7%   180  300s

Cutting planes:
  Gomory: 3
  Implied bound: 18
  Clique: 4
  MIR: 68
  Flow cover: 535
  Zero half: 96

Explored 39339 nodes (7298637 simplex iterations) in 300.02 seconds
Thread count was 8 (of 8 available processors)

Solution count 10: 0.214694 0.214695 0.220888 ... 0.22546

Time limit reached
Best objective 2.146936006180e-01, best bound 1.789460514376e-01, gap 16.6505%

Gurobi 8.1.1 (linux64) logging started Fri Apr 16 21:30:04 2021

Academic license - for non-commercial use only
Presolve added 17702 rows and 0 columns
Presolve removed 0 rows and 2829 columns
Presolve time: 0.10s
Optimize a model with 512 rows, 16549 columns and 18119 nonzeros
Model has 15311 general constraints
Variable types: 106 continuous, 16443 integer (16350 binary)
Coefficient statistics:
  Matrix range     [1e-07, 1e+00]
  Objective range  [1e+00, 1e+00]
  Bounds range     [1e+00, 2e+02]
  RHS range        [1e+00, 2e+01]
Presolve added 17702 rows and 0 columns
Presolve removed 0 rows and 2829 columns
Presolve time: 0.10s
Presolved: 18214 rows, 13720 columns, 53850 nonzeros
Presolved model has 80 SOS constraint(s)
Variable types: 83 continuous, 13637 integer (13637 binary)

Root relaxation: objective 1.030051e-01, 4497 iterations, 0.26 seconds

    Nodes    |    Current Node    |     Objective Bounds      |     Work
 Expl Unexpl |  Obj  Depth IntInf | Incumbent    BestBd   Gap | It/Node Time

     0     0    0.10301    0  232          -    0.10301      -     -    0s
H    0     0                       0.6931240    0.10301  85.1%     -    0s
H    0     0                       0.6866187    0.10301  85.0%     -    0s
     0     0    0.10400    0  241    0.68662    0.10400  84.9%     -    0s
     0     0    0.10419    0  244    0.68662    0.10419  84.8%     -    1s
     0     0    0.10419    0  242    0.68662    0.10419  84.8%     -    1s
     0     0    0.10446    0  268    0.68662    0.10446  84.8%     -    1s
     0     0    0.10446    0  258    0.68662    0.10446  84.8%     -    1s
H    0     0                       0.3656619    0.10446  71.4%     -    1s
     0     0    0.11030    0  277    0.36566    0.11030  69.8%     -    1s
H    0     0                       0.3334304    0.11030  66.9%     -    1s
H    0     0                       0.2861175    0.11030  61.4%     -    1s
H    0     0                       0.2861170    0.11030  61.4%     -    1s
     0     0    0.11030    0  266    0.28612    0.11030  61.4%     -    1s
     0     0    0.11030    0  261    0.28612    0.11030  61.4%     -    1s
H    0     0                       0.2763396    0.11030  60.1%     -    1s
     0     0    0.11030    0  264    0.27634    0.11030  60.1%     -    1s
     0     0    0.11030    0  266    0.27634    0.11030  60.1%     -    1s
     0     0    0.11030    0  281    0.27634    0.11030  60.1%     -    2s
     0     0    0.11030    0  250    0.27634    0.11030  60.1%     -    2s
H    0     0                       0.2759727    0.11030  60.0%     -    2s
     0     0    0.11030    0  262    0.27597    0.11030  60.0%     -    2s
H    0     0                       0.2606467    0.11030  57.7%     -    2s
     0     0    0.11030    0  278    0.26065    0.11030  57.7%     -    2s
     0     0    0.11030    0  278    0.26065    0.11030  57.7%     -    2s
     0     2    0.11030    0  278    0.26065    0.11030  57.7%     -    3s
     7    16    0.12827    3  294    0.26065    0.12515  52.0%   846    5s
H   78    74                       0.2489674    0.12761  48.7%   348    7s
H   79    74                       0.2456032    0.12761  48.0%   353    7s
H  147   132                       0.2456026    0.12761  48.0%   251    9s
H  151   135                       0.2327045    0.12761  45.2%   255    9s
   218   192    0.14488   21  234    0.23270    0.12761  45.2%   215   10s
   773   681    0.19119   53  269    0.23270    0.12999  44.1%   148   15s
H 1010   883                       0.2327042    0.13270  43.0%   147   16s
H 1089   961                       0.2327039    0.13270  43.0%   149   18s
  1306  1137    0.22782   95  210    0.23270    0.13270  43.0%   145   20s
  1504  1304    0.13339   10  215    0.23270    0.13339  42.7%   3.3   25s
  1615  1371    0.18682   18  274    0.23270    0.13339  42.7%  27.6   30s
  1891  1526     cutoff   31         0.23270    0.13339  42.7%  58.7   35s
  2288  1756    0.21270   51  396    0.23270    0.13339  42.7%  82.7   40s
  2738  2029    0.22514   76  382    0.23270    0.13339  42.7%   111   45s
  3369  2359    0.19897   26  246    0.23270    0.13384  42.5%   130   50s
  4005  2732    0.23253   71   78    0.23270    0.13430  42.3%   132   55s
  4599  3024    0.17416   40  250    0.23270    0.14237  38.8%   136   60s
  5442  3487    0.20750   92  178    0.23270    0.14322  38.5%   136   65s
  6260  4110    0.20073   32  266    0.23270    0.14636  37.1%   140   71s
  6947  4722    0.16019   42  285    0.23270    0.14664  37.0%   140   75s
  7735  5416    0.20175   86  278    0.23270    0.14664  37.0%   141   81s
  8361  5883    0.21048  112  198    0.23270    0.14664  37.0%   141   85s
  8961  6316    0.16246   64  303    0.23270    0.14801  36.4%   145   90s
  9396  6703    0.17980   98  216    0.23270    0.14801  36.4%   148   95s
  9805  7128    0.19244  114  182    0.23270    0.14801  36.4%   148  101s
H 9839  6738                       0.2300351    0.14801  35.7%   148  101s
H10085  6977                       0.2300345    0.14801  35.7%   149  103s
 10600  7336    0.17552   78  287    0.23003    0.14880  35.3%   148  107s
 10804  7485    0.20176  113  204    0.23003    0.14888  35.3%   147  110s
 11740  8225    0.21575  105  262    0.23003    0.15064  34.5%   146  116s
H11848  8146                       0.2291115    0.15064  34.3%   146  116s
H12231  8371                       0.2286456    0.15064  34.1%   145  119s
H12295  8189                       0.2273886    0.15064  33.8%   146  119s
H12321  7893                       0.2255362    0.15064  33.2%   146  119s
H12441  7996                       0.2255359    0.15064  33.2%   145  119s
 12462  8008    0.20967  120  268    0.22554    0.15160  32.8%   145  122s
H12468  7896                       0.2250791    0.15160  32.6%   145  122s
H12510  7824                       0.2246407    0.15160  32.5%   145  122s
H12736  6919                       0.2178107    0.15160  30.4%   145  122s
 12755  6934    0.17904   66  289    0.21781    0.15160  30.4%   145  125s
H13079  7173                       0.2176176    0.15160  30.3%   145  125s
 13308  7342    0.17257   76  264    0.21762    0.15177  30.3%   146  133s
 13598  7535 infeasible  100         0.21762    0.15187  30.2%   147  137s
 14116  7940    0.17054   71  253    0.21762    0.15222  30.0%   148  141s
 14595  8307    0.18972  107  206    0.21762    0.15314  29.6%   149  145s
 15107  8715    0.16175   36  308    0.21762    0.15348  29.5%   150  150s
 16387  9715    0.18840   51  265    0.21762    0.15450  29.0%   150  159s
 17093 10282    0.17536   63  300    0.21762    0.15458  29.0%   149  164s
 17893 10920    0.19308   62  244    0.21762    0.15471  28.9%   148  169s
 18690 11525    0.16808   47  266    0.21762    0.15481  28.9%   147  175s
 19398 12018    0.18143   53  251    0.21762    0.15521  28.7%   147  180s
H19426 11838                       0.2165407    0.15521  28.3%   147  180s
 19720 12080    0.19500   79  204    0.21654    0.15542  28.2%   148  186s
 20557 12700    0.16881   69  233    0.21654    0.15590  28.0%   148  192s
 21455 13372    0.18468   82  295    0.21654    0.15592  28.0%   149  198s
 22428 14104    0.19691   41  245    0.21654    0.15627  27.8%   150  204s
 23381 14766    0.21410   72  247    0.21654    0.15660  27.7%   151  210s
 24302 15424    0.19662   65  225    0.21654    0.15695  27.5%   151  215s
 25119 16037    0.19829   74  241    0.21654    0.15720  27.4%   152  221s
 26050 16720    0.16713   57  241    0.21654    0.15757  27.2%   152  227s
 26885 17356    0.18379   53  357    0.21654    0.15779  27.1%   152  232s
 27722 18006    0.21073   99  234    0.21654    0.15788  27.1%   152  238s
 28119 18318    0.16745   29  350    0.21654    0.15798  27.0%   152  244s
 29010 18980     cutoff   67         0.21654    0.15809  27.0%   152  249s
 29923 19722    0.19720   66  277    0.21654    0.15828  26.9%   152  277s
 29935 19730    0.19253   62  296    0.21654    0.15828  26.9%   152  280s
 29942 19735    0.21462   89  311    0.21654    0.15828  26.9%   152  285s
 29949 19739    0.18879  111  324    0.21654    0.15828  26.9%   152  290s
 29960 19747    0.18349   66  317    0.21654    0.15828  26.9%   152  295s

Cutting planes:
  Gomory: 2
  Implied bound: 64
  Flow cover: 107
  Zero half: 55

Explored 29966 nodes (4778011 simplex iterations) in 300.02 seconds
Thread count was 8 (of 8 available processors)

Solution count 10: 0.216541 0.217618 0.217811 ... 0.229112

Time limit reached
Best objective 2.165406679748e-01, best bound 1.582845645146e-01, gap 26.9031%
