
Gurobi 8.1.1 (linux64) logging started Fri Apr 16 18:33:45 2021


Gurobi 8.1.1 (linux64) logging started Fri Apr 16 18:34:54 2021

Academic license - for non-commercial use only

Gurobi 8.1.1 (linux64) logging started Fri Apr 16 18:37:51 2021

Academic license - for non-commercial use only

Gurobi 8.1.1 (linux64) logging started Fri Apr 16 19:19:20 2021

Academic license - for non-commercial use only
Presolve added 500 rows and 0 columns
Presolve removed 0 rows and 169 columns
Presolve time: 0.05s
Optimize a model with 95 rows, 496 columns and 585 nonzeros
Model has 446 general constraints
Variable types: 8 continuous, 488 integer (400 binary)
Coefficient statistics:
  Matrix range     [1e-07, 1e+00]
  Objective range  [1e+00, 1e+00]
  Bounds range     [5e-02, 1e+00]
  RHS range        [1e+00, 1e+00]
Presolve added 500 rows and 0 columns
Presolve removed 0 rows and 169 columns
Presolve time: 0.01s
Presolved: 595 rows, 327 columns, 1750 nonzeros
Variable types: 2 continuous, 325 integer (325 binary)
Found heuristic solution: objective 0.4707005

Root relaxation: objective 3.806867e-01, 393 iterations, 0.00 seconds

    Nodes    |    Current Node    |     Objective Bounds      |     Work
 Expl Unexpl |  Obj  Depth IntInf | Incumbent    BestBd   Gap | It/Node Time

     0     0    0.38069    0   88    0.47070    0.38069  19.1%     -    0s
H    0     0                       0.4441587    0.38069  14.3%     -    0s
     0     0    0.40289    0  183    0.44416    0.40289  9.29%     -    0s
     0     0    0.40350    0  187    0.44416    0.40350  9.15%     -    0s
H    0     0                       0.4301259    0.40350  6.19%     -    0s
H    0     0                       0.4257246    0.40350  5.22%     -    0s
H    0     0                       0.4245697    0.40350  4.96%     -    0s
H    0     0                       0.4163527    0.40350  3.09%     -    0s
     0     0    0.40438    0  189    0.41635    0.40438  2.87%     -    0s
H    0     0                       0.4150976    0.40438  2.58%     -    0s
H    0     0                       0.4150923    0.40438  2.58%     -    0s
     0     0    0.40455    0  189    0.41509    0.40455  2.54%     -    0s
     0     0    0.40455    0  189    0.41509    0.40455  2.54%     -    0s
     0     0    0.40455    0  189    0.41509    0.40455  2.54%     -    0s
     0     2    0.40455    0  189    0.41509    0.40455  2.54%     -    0s
H   33    34                       0.4132872    0.40960  0.89%  24.8    0s
H   83    61                       0.4132827    0.40960  0.89%  21.3    0s
H   91    63                       0.4132788    0.40960  0.89%  21.1    0s
H  124    72                       0.4131165    0.41025  0.69%  20.0    0s
H  190    60                       0.4115372    0.41058  0.23%  19.1    0s
H  263    35                       0.4114400    0.41073  0.17%  18.6    0s
*  331    29              12       0.4114045    0.41086  0.13%  19.4    0s
H  382     0                       0.4113726    0.41117  0.05%  19.0    0s

Cutting planes:
  Gomory: 5
  Implied bound: 153
  Clique: 1
  Zero half: 79

Explored 427 nodes (9280 simplex iterations) in 0.19 seconds
Thread count was 8 (of 8 available processors)

Solution count 10: 0.411373 0.411404 0.41144 ... 0.415098

Optimal solution found (tolerance 1.00e-04)
Best objective 4.113726499958e-01, best bound 4.113726499958e-01, gap 0.0000%

Gurobi 8.1.1 (linux64) logging started Fri Apr 16 19:19:21 2021

Academic license - for non-commercial use only
Presolve added 3115 rows and 1734 columns
Presolve time: 0.04s
Optimize a model with 97 rows, 932 columns and 1065 nonzeros
Model has 880 general constraints
Variable types: 10 continuous, 922 integer (834 binary)
Coefficient statistics:
  Matrix range     [1e-07, 1e+00]
  Objective range  [1e+00, 1e+00]
  Bounds range     [5e-02, 2e+00]
  RHS range        [1e+00, 2e+00]
Presolve added 3115 rows and 1734 columns
Presolve time: 0.04s
Presolved: 3212 rows, 2666 columns, 10091 nonzeros
Variable types: 2 continuous, 2664 integer (1680 binary)
Found heuristic solution: objective 0.7923897
Found heuristic solution: objective 0.5401314
Found heuristic solution: objective 0.4377431

Root relaxation: objective 2.537894e-01, 1337 iterations, 0.05 seconds

    Nodes    |    Current Node    |     Objective Bounds      |     Work
 Expl Unexpl |  Obj  Depth IntInf | Incumbent    BestBd   Gap | It/Node Time

     0     0    0.25379    0  894    0.43774    0.25379  42.0%     -    0s
H    0     0                       0.3024070    0.25382  16.1%     -    0s
     0     0    0.25407    0  698    0.30241    0.25407  16.0%     -    0s
     0     0    0.25431    0  709    0.30241    0.25431  15.9%     -    0s
H    0     0                       0.2875886    0.25431  11.6%     -    0s
     0     0    0.25496    0  888    0.28759    0.25496  11.3%     -    0s
     0     0    0.25594    0  887    0.28759    0.25594  11.0%     -    0s
     0     0    0.25909    0 1179    0.28759    0.25909  9.91%     -    0s
     0     0    0.26061    0 1264    0.28759    0.26061  9.38%     -    0s
     0     0    0.26365    0 1207    0.28759    0.26365  8.32%     -    0s
     0     0    0.26403    0 1226    0.28759    0.26403  8.19%     -    0s
     0     0    0.26468    0 1207    0.28759    0.26468  7.97%     -    0s
     0     0    0.26494    0 1246    0.28759    0.26494  7.88%     -    0s
     0     0    0.26534    0 1301    0.28759    0.26534  7.74%     -    0s
     0     0    0.26611    0 1067    0.28759    0.26611  7.47%     -    0s
     0     0    0.26682    0 1252    0.28759    0.26682  7.22%     -    0s
     0     0    0.26769    0 1254    0.28759    0.26769  6.92%     -    1s
     0     0    0.26799    0 1302    0.28759    0.26799  6.82%     -    1s
     0     0    0.26799    0 1320    0.28759    0.26799  6.81%     -    1s
     0     0    0.26800    0 1074    0.28759    0.26800  6.81%     -    1s
     0     0    0.26800    0 1232    0.28759    0.26800  6.81%     -    1s
     0     0    0.26800    0 1289    0.28759    0.26800  6.81%     -    1s
     0     0    0.26800    0 1285    0.28759    0.26800  6.81%     -    1s
     0     2    0.26800    0 1283    0.28759    0.26800  6.81%     -    1s
H  174   148                       0.2873120    0.27274  5.07%   125    2s
H  180    97                       0.2840151    0.27274  3.97%   122    2s
  1451   262    0.28332    9  489    0.28402    0.28140  0.92%   105    5s

Cutting planes:
  Gomory: 10
  Cover: 112
  Implied bound: 457
  Clique: 35
  MIR: 135
  Flow cover: 9
  Inf proof: 1
  Zero half: 93

Explored 2869 nodes (298313 simplex iterations) in 6.53 seconds
Thread count was 8 (of 8 available processors)

Solution count 7: 0.284015 0.287312 0.287589 ... 0.79239

Optimal solution found (tolerance 1.00e-04)
Best objective 2.840150903476e-01, best bound 2.840150903476e-01, gap 0.0000%

Gurobi 8.1.1 (linux64) logging started Fri Apr 16 19:19:27 2021

Academic license - for non-commercial use only
Presolve added 3748 rows and 1599 columns
Presolve time: 0.05s
Optimize a model with 99 rows, 1524 columns and 1701 nonzeros
Model has 1470 general constraints
Variable types: 12 continuous, 1512 integer (1424 binary)
Coefficient statistics:
  Matrix range     [1e-07, 1e+00]
  Objective range  [1e+00, 1e+00]
  Bounds range     [5e-02, 3e+00]
  RHS range        [1e+00, 3e+00]
Presolve added 3748 rows and 1599 columns
Presolve time: 0.05s
Presolved: 3847 rows, 3123 columns, 12754 nonzeros
Variable types: 2 continuous, 3121 integer (2138 binary)
Found heuristic solution: objective 0.7505498
Found heuristic solution: objective 0.5345302
Found heuristic solution: objective 0.4654010

Root relaxation: objective 1.903665e-01, 3333 iterations, 0.21 seconds

    Nodes    |    Current Node    |     Objective Bounds      |     Work
 Expl Unexpl |  Obj  Depth IntInf | Incumbent    BestBd   Gap | It/Node Time

     0     0    0.19037    0 1025    0.46540    0.19037  59.1%     -    0s
H    0     0                       0.4464522    0.19037  57.4%     -    0s
H    0     0                       0.4079917    0.19041  53.3%     -    0s
     0     0    0.19083    0 1013    0.40799    0.19083  53.2%     -    0s
H    0     0                       0.3235557    0.19083  41.0%     -    0s
     0     0    0.19083    0 1021    0.32356    0.19083  41.0%     -    0s
H    0     0                       0.2462395    0.19083  22.5%     -    0s
     0     0    0.19105    0  907    0.24624    0.19105  22.4%     -    0s
H    0     0                       0.2431505    0.19105  21.4%     -    0s
     0     0    0.19105    0  665    0.24315    0.19105  21.4%     -    0s
H    0     0                       0.2277631    0.19105  16.1%     -    0s
     0     0    0.19105    0  939    0.22776    0.19105  16.1%     -    0s
H    0     0                       0.2277629    0.19105  16.1%     -    0s
     0     0    0.19105    0  910    0.22776    0.19105  16.1%     -    0s
     0     0    0.19129    0  929    0.22776    0.19129  16.0%     -    0s
     0     0    0.19129    0  722    0.22776    0.19129  16.0%     -    0s
     0     0    0.19144    0 1090    0.22776    0.19144  15.9%     -    1s
     0     0    0.19144    0 1074    0.22776    0.19144  15.9%     -    1s
     0     0    0.19150    0 1084    0.22776    0.19150  15.9%     -    1s
     0     0    0.19150    0 1026    0.22776    0.19150  15.9%     -    1s
     0     0    0.19153    0 1077    0.22776    0.19153  15.9%     -    1s
     0     0    0.19153    0  833    0.22776    0.19153  15.9%     -    1s
     0     0    0.19190    0 1177    0.22776    0.19190  15.7%     -    1s
     0     0    0.19209    0 1114    0.22776    0.19209  15.7%     -    1s
     0     0    0.19241    0 1205    0.22776    0.19241  15.5%     -    1s
     0     0    0.19246    0 1184    0.22776    0.19246  15.5%     -    1s
     0     0    0.19260    0 1002    0.22776    0.19260  15.4%     -    1s
     0     0    0.19291    0 1139    0.22776    0.19291  15.3%     -    1s
     0     0    0.19363    0 1215    0.22776    0.19363  15.0%     -    1s
     0     0    0.19379    0 1226    0.22776    0.19379  14.9%     -    1s
     0     0    0.19466    0 1254    0.22776    0.19466  14.5%     -    1s
     0     0    0.19476    0 1284    0.22776    0.19476  14.5%     -    1s
     0     0    0.19517    0 1295    0.22776    0.19517  14.3%     -    2s
     0     0    0.19527    0 1287    0.22776    0.19527  14.3%     -    2s
     0     0    0.19543    0 1310    0.22776    0.19543  14.2%     -    2s
     0     0    0.19548    0 1290    0.22776    0.19548  14.2%     -    2s
     0     0    0.19559    0 1322    0.22776    0.19559  14.1%     -    2s
     0     0    0.19561    0 1231    0.22776    0.19561  14.1%     -    2s
     0     0    0.19565    0 1294    0.22776    0.19565  14.1%     -    2s
     0     0    0.19566    0 1203    0.22776    0.19566  14.1%     -    2s
     0     0    0.19568    0 1322    0.22776    0.19568  14.1%     -    2s
     0     0    0.19571    0 1287    0.22776    0.19571  14.1%     -    2s
     0     0    0.19575    0 1286    0.22776    0.19575  14.1%     -    2s
     0     0    0.19575    0 1308    0.22776    0.19575  14.1%     -    2s
     0     0    0.19576    0 1319    0.22776    0.19576  14.1%     -    2s
     0     0    0.19577    0 1318    0.22776    0.19577  14.0%     -    2s
     0     0    0.19582    0 1319    0.22776    0.19582  14.0%     -    2s
     0     0    0.19584    0 1314    0.22776    0.19584  14.0%     -    2s
     0     0    0.19590    0 1248    0.22776    0.19590  14.0%     -    2s
     0     0    0.19591    0 1288    0.22776    0.19591  14.0%     -    2s
     0     0    0.19593    0 1319    0.22776    0.19593  14.0%     -    2s
     0     0    0.19593    0 1319    0.22776    0.19593  14.0%     -    2s
     0     0    0.19595    0 1215    0.22776    0.19595  14.0%     -    3s
     0     0    0.19596    0 1306    0.22776    0.19596  14.0%     -    3s
     0     0    0.19596    0 1290    0.22776    0.19596  14.0%     -    3s
     0     0    0.19596    0 1267    0.22776    0.19596  14.0%     -    3s
     0     2    0.19596    0 1263    0.22776    0.19596  14.0%     -    3s
H  277   247                       0.2277490    0.19649  13.7%   154    4s
H  282   233                       0.2248067    0.19665  12.5%   154    4s
H  325   245                       0.2234124    0.19665  12.0%   161    5s
H  330   246                       0.2234123    0.19665  12.0%   165    5s
H  646   447                       0.2234120    0.19942  10.7%   174    8s
H  648   445                       0.2230509    0.19942  10.6%   174    8s
  1161   736    0.21093    9 1227    0.22305    0.20159  9.62%   180   10s
H 1486   857                       0.2230508    0.20203  9.42%   184   11s
  1498   865    0.21448   16 1381    0.22305    0.20354  8.75%   183   15s
H 1893   976                       0.2228792    0.21024  5.67%   202   19s
  1924   990    0.21482   20 1281    0.22288    0.21024  5.67%   202   20s
H 2291  1016                       0.2225730    0.21265  4.46%   200   24s
  2570  1017    0.21815   20 1216    0.22257    0.21405  3.83%   199   25s
  4499  1311    0.22038   27  521    0.22257    0.21717  2.43%   189   30s
  6909  2171     cutoff   24         0.22257    0.21818  1.97%   179   35s
  9867  3272    0.22165   42  386    0.22257    0.21863  1.77%   167   40s
 13151  4335     cutoff   25         0.22257    0.21897  1.62%   159   45s
 15465  5019    0.22215   28  680    0.22257    0.21919  1.52%   157   51s
 17680  5579    0.22209   41  562    0.22257    0.21937  1.44%   154   55s
 20973  6378    0.22204   33  495    0.22257    0.21961  1.33%   152   60s
 24411  7063     cutoff   24         0.22257    0.21982  1.24%   152   65s
 27621  7652    0.22016   28  895    0.22257    0.21996  1.17%   153   70s
H28200  7783                       0.2225123    0.21999  1.13%   152   70s
H28621  7854                       0.2225121    0.22001  1.12%   152   72s
H29039  7935                       0.2224959    0.22002  1.11%   152   72s
 29904  7924     cutoff   36         0.22250    0.22008  1.09%   152  103s
 30726  8016     cutoff   33         0.22250    0.22010  1.08%   153  105s
 34285  8514    0.22224   32  955    0.22250    0.22025  1.01%   153  110s
 37816  8954    0.22140   31  602    0.22250    0.22038  0.95%   153  116s
H37891  8978                       0.2224953    0.22038  0.95%   153  116s
 39991  9135    0.22214   33  887    0.22250    0.22043  0.93%   153  120s
 43446  9431    0.22187   39   80    0.22250    0.22055  0.87%   153  125s
 46835  9598     cutoff   33         0.22250    0.22067  0.82%   153  131s
 49523  9779 infeasible   35         0.22250    0.22074  0.79%   153  135s
 53042  9885     cutoff   29         0.22250    0.22081  0.76%   153  140s
 56552  9902    0.22158   23  648    0.22250    0.22091  0.71%   152  146s
H56579  9837                       0.2224529    0.22091  0.70%   152  146s
H57452  9774                       0.2223572    0.22093  0.64%   152  147s
 59226  9551     cutoff   23         0.22236    0.22100  0.61%   152  151s
 61497  9397    0.22203   31  629    0.22236    0.22107  0.58%   153  155s
 64713  9212     cutoff   30         0.22236    0.22114  0.55%   152  161s
 67147  8814     cutoff   34         0.22236    0.22124  0.50%   153  165s
 69907  8456    0.22206   38  395    0.22236    0.22131  0.47%   153  170s
 73280  8045     cutoff   44         0.22236    0.22138  0.44%   153  175s
 77402  7597    0.22168   44  370    0.22236    0.22145  0.41%   151  180s
 81061  6934     cutoff   42         0.22236    0.22154  0.37%   150  185s
 84288  6238    0.22176   39  446    0.22236    0.22162  0.33%   149  190s
 87737  5303    0.22222   41  371    0.22236    0.22171  0.29%   149  195s
 90898  4308     cutoff   37         0.22236    0.22179  0.26%   148  200s
 94207  2926     cutoff   40         0.22236    0.22192  0.20%   147  205s
 97706  1146     cutoff   42         0.22236    0.22212  0.11%   147  210s

Cutting planes:
  Gomory: 25
  Cover: 59
  Implied bound: 212
  Clique: 11
  MIR: 116
  StrongCG: 2
  Flow cover: 256
  GUB cover: 42
  Inf proof: 8
  Zero half: 171

Explored 99654 nodes (14590720 simplex iterations) in 212.07 seconds
Thread count was 8 (of 8 available processors)

Solution count 10: 0.222357 0.222453 0.222495 ... 0.223051

Optimal solution found (tolerance 1.00e-04)
Best objective 2.223572067820e-01, best bound 2.223572067820e-01, gap 0.0000%

Gurobi 8.1.1 (linux64) logging started Fri Apr 16 19:23:00 2021

Academic license - for non-commercial use only
Presolve added 4469 rows and 1400 columns
Presolve time: 0.07s
Optimize a model with 101 rows, 2272 columns and 2493 nonzeros
Model has 2216 general constraints
Variable types: 14 continuous, 2258 integer (2170 binary)
Coefficient statistics:
  Matrix range     [1e-07, 1e+00]
  Objective range  [1e+00, 1e+00]
  Bounds range     [5e-02, 4e+00]
  RHS range        [1e+00, 4e+00]
Presolve added 4469 rows and 1400 columns
Presolve time: 0.07s
Presolved: 4570 rows, 3672 columns, 15441 nonzeros
Variable types: 2 continuous, 3670 integer (2688 binary)
Found heuristic solution: objective 0.3114071

Root relaxation: objective 1.523130e-01, 2268 iterations, 0.14 seconds

    Nodes    |    Current Node    |     Objective Bounds      |     Work
 Expl Unexpl |  Obj  Depth IntInf | Incumbent    BestBd   Gap | It/Node Time

     0     0    0.15231    0  566    0.31141    0.15231  51.1%     -    0s
H    0     0                       0.2382050    0.15234  36.0%     -    0s
     0     0    0.15260    0  556    0.23820    0.15260  35.9%     -    0s
H    0     0                       0.2324179    0.15260  34.3%     -    0s
     0     0    0.15260    0  658    0.23242    0.15260  34.3%     -    0s
H    0     0                       0.2299948    0.15260  33.7%     -    0s
     0     0    0.15293    0  712    0.22999    0.15293  33.5%     -    0s
     0     0    0.15293    0  648    0.22999    0.15293  33.5%     -    0s
H    0     0                       0.2121914    0.15293  27.9%     -    0s
H    0     0                       0.1990615    0.15293  23.2%     -    0s
     0     0    0.15293    0  678    0.19906    0.15293  23.2%     -    0s
     0     0    0.15293    0  704    0.19906    0.15293  23.2%     -    0s
H    0     0                       0.1985010    0.15293  23.0%     -    0s
     0     0    0.15339    0  669    0.19850    0.15339  22.7%     -    0s
     0     0    0.15339    0  664    0.19850    0.15339  22.7%     -    0s
     0     0    0.15339    0  745    0.19850    0.15339  22.7%     -    0s
     0     0    0.15339    0  693    0.19850    0.15339  22.7%     -    1s
     0     0    0.15340    0  671    0.19850    0.15340  22.7%     -    1s
     0     0    0.15340    0  778    0.19850    0.15340  22.7%     -    1s
     0     0    0.15340    0  708    0.19850    0.15340  22.7%     -    1s
     0     0    0.15340    0  699    0.19850    0.15340  22.7%     -    1s
     0     2    0.15340    0  699    0.19850    0.15340  22.7%     -    1s
H   33    35                       0.1985008    0.15384  22.5%   347    1s
H  287   264                       0.1981629    0.15384  22.4%   210    3s
   357   316    0.19640   39  160    0.19816    0.15384  22.4%   203    5s
H  360   316                       0.1981627    0.15384  22.4%   202    5s
H  365   275                       0.1940978    0.15384  20.7%   202    5s
H  696   507                       0.1921430    0.15595  18.8%   195    6s
H  951   677                       0.1918870    0.15698  18.2%   202    7s
  1493  1072    0.17970   23  851    0.19189    0.15699  18.2%   209   10s
H 1526  1049                       0.1916606    0.15699  18.1%   211   14s
H 1620  1054                       0.1916603    0.15699  18.1%   210   14s
  1703  1110    0.16788   23  875    0.19166    0.15699  18.1%   209   15s
H 1716  1067                       0.1916600    0.15699  18.1%   209   15s
H 1999  1171                       0.1911985    0.15699  17.9%   202   17s
H 2002  1126                       0.1905744    0.15699  17.6%   203   17s
  3413  1776    0.17276   21  626    0.19057    0.15843  16.9%   173   20s
H 3646  1819                       0.1903391    0.15843  16.8%   169   22s
  5290  2981    0.18707   61  705    0.19034    0.15947  16.2%   153   25s
H 8598  5221                       0.1901400    0.16132  15.2%   137   29s
H 8600  5221                       0.1901363    0.16132  15.2%   137   29s
H 8606  5213                       0.1900385    0.16132  15.1%   137   29s
  9174  5665    0.18028   24 1010    0.19004    0.16133  15.1%   135   30s
 13512  8728    0.17603   27  785    0.19004    0.16348  14.0%   128   35s
 17364 11382    0.17820   29  958    0.19004    0.16446  13.5%   126   40s
 21878 14509    0.17973   29  930    0.19004    0.16505  13.1%   125   46s
H22305 14547                       0.1892702    0.16507  12.8%   124   48s
 23251 15118    0.17450   23  799    0.18927    0.16522  12.7%   124   50s
 27965 18430    0.18701   30  561    0.18927    0.16587  12.4%   124   55s
H29587 19556                       0.1892701    0.16616  12.2%   124   87s
 29594 19561    0.18536   37 1394    0.18927    0.16616  12.2%   124   90s
H29599 18585                       0.1892700    0.16616  12.2%   124   94s
 29602 18587    0.17579   25 1486    0.18927    0.16616  12.2%   124   96s
H29604 17659                       0.1892699    0.16616  12.2%   124   97s
 29608 17661    0.17723   23 1411    0.18927    0.16616  12.2%   124  101s
 29614 17665    0.18631   42 1425    0.18927    0.16616  12.2%   124  105s
 29621 17670    0.17887   32 1432    0.18927    0.16616  12.2%   123  110s
 29627 17674    0.18150   36 1487    0.18927    0.16616  12.2%   123  116s
 29633 17678    0.18254   49 1483    0.18927    0.16616  12.2%   123  120s
H29637 16796                       0.1892654    0.16616  12.2%   123  124s
H29637 15956                       0.1892651    0.16616  12.2%   123  124s
 29638 15956    0.17407   29 1442    0.18927    0.16616  12.2%   123  126s
H29640 15159                       0.1888966    0.16616  12.0%   123  129s
H29640 14400                       0.1888963    0.16616  12.0%   123  129s
 29643 14402    0.18024   33 1441    0.18890    0.16616  12.0%   123  130s
 29648 14405    0.18195   39 1396    0.18890    0.16616  12.0%   123  135s
 29654 14409    0.18195   35 1398    0.18890    0.16616  12.0%   123  140s
 29662 14414    0.18348   43 1489    0.18890    0.16616  12.0%   123  145s
 29670 14420    0.17395   22 1498    0.18890    0.16616  12.0%   123  150s
 29673 14422    0.18150   36 1461    0.18890    0.16616  12.0%   123  155s
 29675 14426    0.16616   23 1245    0.18890    0.16616  12.0%   124  161s
 29677 14429    0.16661   24 1201    0.18890    0.16616  12.0%   124  169s
 29681 14436    0.16690   25 1220    0.18890    0.16616  12.0%   124  178s
 29705 14452    0.16915   27 1255    0.18890    0.16616  12.0%   124  180s
 29807 14505    0.18055   33 1124    0.18890    0.16616  12.0%   126  185s
 29870 14550    0.18386   36 1023    0.18890    0.16616  12.0%   126  190s
H29876 13828                       0.1882369    0.16616  11.7%   127  190s
 30296 13992    0.18041   37 1147    0.18824    0.16616  11.7%   128  195s
 30922 14243    0.18036   33 1156    0.18824    0.16870  10.4%   130  200s
 31779 14538    0.17212   29 1348    0.18824    0.17134  8.97%   132  205s
H32761 14130                       0.1881442    0.17287  8.12%   133  208s
H33065 13546                       0.1881382    0.17294  8.08%   134  211s
H33139 12928                       0.1878812    0.17294  7.95%   135  211s
 34090 13194    0.17941   37 1216    0.18788    0.17351  7.65%   136  215s
H34958 12768                       0.1878810    0.17503  6.84%   138  218s
H35330 12339                       0.1878807    0.17507  6.82%   139  221s
H35382 11732                       0.1874369    0.17516  6.55%   139  221s
 36270 11918    0.18538   33  870    0.18744    0.17577  6.23%   141  226s
 37243 12182    0.18199   34  987    0.18744    0.17634  5.92%   143  230s
 38590 12504     cutoff   44         0.18744    0.17685  5.65%   146  236s
 39462 12668    0.18657   29 1022    0.18744    0.17741  5.35%   148  240s
 40716 12884    0.18038   33  956    0.18744    0.17784  5.12%   150  247s
H40796 12409                       0.1874366    0.17784  5.12%   150  247s
 41106 12476    0.18629   46  860    0.18744    0.17789  5.09%   151  250s
 43083 12861     cutoff   61         0.18744    0.17833  4.86%   153  256s
 44563 13141    0.18606   37  904    0.18744    0.17858  4.73%   154  261s
 45704 13304    0.18652   49  720    0.18744    0.17878  4.62%   156  266s
 47365 13600    0.18545   41  868    0.18744    0.17897  4.52%   157  271s
H47682 12865                       0.1870469    0.17897  4.32%   157  271s
 48452 13026     cutoff   44         0.18705    0.17909  4.25%   158  275s
 50160 13272    0.18649   44  588    0.18705    0.17926  4.16%   159  282s
 51136 13424    0.18549   37 1049    0.18705    0.17931  4.13%   160  285s
H51145 12965                       0.1870463    0.17931  4.13%   160  285s
 52353 13088    0.18156   35 1155    0.18705    0.17947  4.05%   161  292s
 53278 13259    0.18279   41  965    0.18705    0.17957  4.00%   162  295s
H54574 12864                       0.1868998    0.17968  3.86%   162  299s
 55287 13223    0.18638   41 1013    0.18690    0.17976  3.82%   162  300s

Cutting planes:
  Gomory: 26
  Cover: 4
  Implied bound: 209
  Projected implied bound: 1
  Clique: 8
  MIR: 24
  StrongCG: 3
  Flow cover: 382
  GUB cover: 3
  Zero half: 123

Explored 55523 nodes (9038954 simplex iterations) in 300.02 seconds
Thread count was 8 (of 8 available processors)

Solution count 10: 0.1869 0.187046 0.187047 ... 0.188144

Time limit reached
Best objective 1.868998479001e-01, best bound 1.797677031988e-01, gap 3.8160%

Gurobi 8.1.1 (linux64) logging started Fri Apr 16 19:28:00 2021

Academic license - for non-commercial use only
Presolve added 5267 rows and 1130 columns
Presolve time: 0.09s
Optimize a model with 103 rows, 3176 columns and 3441 nonzeros
Model has 3118 general constraints
Variable types: 16 continuous, 3160 integer (3072 binary)
Coefficient statistics:
  Matrix range     [1e-07, 1e+00]
  Objective range  [1e+00, 1e+00]
  Bounds range     [5e-02, 5e+00]
  RHS range        [1e+00, 5e+00]
Presolve added 5267 rows and 1130 columns
Presolve time: 0.09s
Presolved: 5370 rows, 4306 columns, 18712 nonzeros
Variable types: 2 continuous, 4304 integer (3322 binary)
Found heuristic solution: objective 0.3553350
Found heuristic solution: objective 0.3231783

Root relaxation: objective 1.269441e-01, 2021 iterations, 0.13 seconds

    Nodes    |    Current Node    |     Objective Bounds      |     Work
 Expl Unexpl |  Obj  Depth IntInf | Incumbent    BestBd   Gap | It/Node Time

     0     0    0.12694    0  533    0.32318    0.12694  60.7%     -    0s
H    0     0                       0.2504781    0.12694  49.3%     -    0s
     0     0    0.12700    0  570    0.25048    0.12700  49.3%     -    0s
     0     0    0.12723    0  652    0.25048    0.12723  49.2%     -    0s
H    0     0                       0.2308227    0.12723  44.9%     -    0s
     0     0    0.12757    0  573    0.23082    0.12757  44.7%     -    0s
     0     0    0.12757    0  571    0.23082    0.12757  44.7%     -    0s
     0     0    0.12757    0  710    0.23082    0.12757  44.7%     -    0s
     0     0    0.12757    0  697    0.23082    0.12757  44.7%     -    0s
H    0     0                       0.1865254    0.12757  31.6%     -    0s
     0     0    0.12757    0  658    0.18653    0.12757  31.6%     -    0s
     0     0    0.12757    0  681    0.18653    0.12757  31.6%     -    0s
     0     0    0.12757    0  723    0.18653    0.12757  31.6%     -    1s
     0     0    0.12757    0  469    0.18653    0.12757  31.6%     -    1s
     0     2    0.12757    0  460    0.18653    0.12757  31.6%     -    1s
H   60    62                       0.1797185    0.12757  29.0%   352    1s
H   71    72                       0.1796178    0.12757  29.0%   323    2s
H  209   203                       0.1786948    0.12757  28.6%   250    2s
H  299   286                       0.1778706    0.12757  28.3%   220    2s
H  312   292                       0.1775820    0.12757  28.2%   213    4s
H  313   289                       0.1753597    0.12757  27.3%   212    4s
H  321   268                       0.1684632    0.12757  24.3%   210    4s
   584   477    0.14489   15  718    0.16846    0.12805  24.0%   208    5s
  1486  1149    0.13159   11  979    0.16846    0.13159  21.9%   214   10s
  2576  1671    0.16776   63  994    0.16846    0.13159  21.9%   220   15s
H 2898  1758                       0.1683933    0.13159  21.9%   215   18s
  3516  1997    0.16186   45  797    0.16839    0.13159  21.9%   211   20s
H 3941  2127                       0.1683930    0.13159  21.9%   205   22s
H 4368  2265                       0.1683701    0.13159  21.8%   198   23s
  5315  2944    0.13869   22 1074    0.16837    0.13325  20.9%   189   25s
  7647  4716    0.16042   27  858    0.16837    0.13483  19.9%   182   30s
H 9284  5825                       0.1680429    0.13483  19.8%   174   32s
 10759  6911    0.13850   22  702    0.16804    0.13606  19.0%   172   35s
 13416  8794    0.16735   57  451    0.16804    0.13729  18.3%   171   40s
 16276 10806    0.15719   42 1065    0.16804    0.13803  17.9%   168   45s
H19227 11954                       0.1664301    0.13826  16.9%   166   54s
H19229 11838                       0.1663017    0.13826  16.9%   166   54s
 19267 11878    0.14313   33  817    0.16630    0.13826  16.9%   166   56s
 22691 14159    0.15502   37  804    0.16630    0.13844  16.8%   165   61s
 25883 16306    0.14565   31 1078    0.16630    0.13871  16.6%   164   66s
 27771 17524    0.16244   31 1058    0.16630    0.13898  16.4%   166   70s
 29562 18698    0.15472   36  469    0.16630    0.13910  16.4%   165  107s
 29568 18702    0.14158   21 1119    0.16630    0.13910  16.4%   165  110s
 29580 18710    0.16555   47 1032    0.16630    0.13910  16.4%   165  115s
 29590 18717    0.15532   31 1082    0.16630    0.13910  16.4%   165  120s
 29598 18722    0.16162   39 1144    0.16630    0.13910  16.4%   165  126s
 29603 18725    0.15400   42 1158    0.16630    0.13910  16.4%   165  130s
 29610 18730    0.14917   30 1134    0.16630    0.13910  16.4%   165  136s
 29618 18735    0.14243   28 1284    0.16630    0.13910  16.4%   165  140s
 29628 18742    0.14200   25 1324    0.16630    0.13910  16.4%   165  145s
H29629 17804                       0.1663014    0.13910  16.4%   165  146s
H29635 16917                       0.1663013    0.13910  16.4%   165  149s
 29638 16919    0.16335   51 1323    0.16630    0.13910  16.4%   165  151s
 29646 16924    0.16340   35 1344    0.16630    0.13910  16.4%   165  155s
H29647 16077                       0.1654683    0.13910  15.9%   165  156s
 29654 16081    0.16084   46 1351    0.16547    0.13910  15.9%   165  160s
 29662 16087    0.15472   36 1352    0.16547    0.13910  15.9%   165  165s
H29673 15287                       0.1652018    0.13910  15.8%   165  171s
 29682 15293    0.16476   52 1352    0.16520    0.13910  15.8%   165  175s
 29690 15298    0.15532   31 1356    0.16520    0.13910  15.8%   165  180s
H29694 14534                       0.1652016    0.13910  15.8%   165  183s
 29696 14535    0.15793   35 1349    0.16520    0.13910  15.8%   165  185s
 29702 14539    0.15450   47 1351    0.16520    0.13910  15.8%   165  191s
 29710 14545    0.14917   30 1389    0.16520    0.13910  15.8%   165  195s
 29720 14551    0.15819   46 1369    0.16520    0.13910  15.8%   165  200s
 29730 14558    0.16177   46 1369    0.16520    0.13910  15.8%   164  205s
 29738 14563    0.16335   51 1364    0.16520    0.13910  15.8%   164  210s
 29744 14567    0.15088   36 1377    0.16520    0.13910  15.8%   164  215s
 29750 14571    0.16208   42 1357    0.16520    0.13910  15.8%   164  220s
 29758 14577    0.14789   26 1366    0.16520    0.13910  15.8%   164  225s
 29765 14584    0.13910   22 1301    0.16520    0.13910  15.8%   166  234s
 29767 14588    0.13910   23 1139    0.16520    0.13910  15.8%   166  240s
 29771 14594    0.13910   24 1008    0.16520    0.13910  15.8%   166  245s
 29811 14621    0.13994   27  977    0.16520    0.13910  15.8%   166  250s
 29946 14702    0.14720   35 1013    0.16520    0.13910  15.8%   167  255s
 30135 14798    0.15765   45  896    0.16520    0.13910  15.8%   168  264s
 30143 14798    0.15537   46  970    0.16520    0.13910  15.8%   169  265s
 30595 15008    0.16426   50  992    0.16520    0.13910  15.8%   170  270s
 31085 15221    0.13910   28 1062    0.16520    0.13910  15.8%   171  275s
 31880 15525    0.16442   54  836    0.16520    0.13910  15.8%   172  280s
 32899 15874    0.14469   31 1126    0.16520    0.13910  15.8%   173  285s
 34090 16305    0.14713   34 1096    0.16520    0.14061  14.9%   175  290s
 35789 16858    0.16248   40 1067    0.16520    0.14175  14.2%   176  295s
 37330 17344    0.15835   48  782    0.16520    0.14248  13.8%   178  300s

Cutting planes:
  Gomory: 26
  Implied bound: 29
  Projected implied bound: 1
  Clique: 6
  MIR: 2
  Flow cover: 185
  GUB cover: 3
  Zero half: 86

Explored 37445 nodes (6654184 simplex iterations) in 300.03 seconds
Thread count was 8 (of 8 available processors)

Solution count 10: 0.165202 0.165202 0.165468 ... 0.168393

Time limit reached
Best objective 1.652015970166e-01, best bound 1.424776300007e-01, gap 13.7553%

Gurobi 8.1.1 (linux64) logging started Fri Apr 16 19:33:00 2021

Academic license - for non-commercial use only
Presolve added 6123 rows and 776 columns
Presolve time: 0.10s
Optimize a model with 105 rows, 4236 columns and 4545 nonzeros
Model has 4176 general constraints
Variable types: 18 continuous, 4218 integer (4130 binary)
Coefficient statistics:
  Matrix range     [1e-07, 1e+00]
  Objective range  [1e+00, 1e+00]
  Bounds range     [5e-02, 6e+00]
  RHS range        [1e+00, 6e+00]
Presolve added 6123 rows and 776 columns
Presolve time: 0.10s
Presolved: 6228 rows, 5012 columns, 22681 nonzeros
Variable types: 2 continuous, 5010 integer (4027 binary)
Found heuristic solution: objective 0.2795535

Root relaxation: objective 1.088233e-01, 2161 iterations, 0.14 seconds

    Nodes    |    Current Node    |     Objective Bounds      |     Work
 Expl Unexpl |  Obj  Depth IntInf | Incumbent    BestBd   Gap | It/Node Time

     0     0    0.10882    0  708    0.27955    0.10882  61.1%     -    0s
H    0     0                       0.2649304    0.10882  58.9%     -    0s
H    0     0                       0.2173615    0.10882  49.9%     -    0s
H    0     0                       0.2158032    0.10882  49.6%     -    0s
     0     0    0.10890    0  932    0.21580    0.10890  49.5%     -    0s
     0     0    0.10890    0  661    0.21580    0.10890  49.5%     -    0s
H    0     0                       0.2080392    0.10890  47.7%     -    0s
     0     0    0.10930    0  945    0.20804    0.10930  47.5%     -    0s
     0     0    0.10945    0  951    0.20804    0.10945  47.4%     -    0s
     0     0    0.10945    0  981    0.20804    0.10945  47.4%     -    0s
     0     0    0.10945    0  962    0.20804    0.10945  47.4%     -    0s
     0     0    0.10945    0 1019    0.20804    0.10945  47.4%     -    1s
     0     0    0.10945    0  969    0.20804    0.10945  47.4%     -    1s
H    0     0                       0.1870117    0.10945  41.5%     -    1s
     0     0    0.10976    0  949    0.18701    0.10976  41.3%     -    1s
     0     0    0.10976    0  961    0.18701    0.10976  41.3%     -    1s
     0     0    0.10976    0 1077    0.18701    0.10976  41.3%     -    1s
     0     0    0.10977    0 1006    0.18701    0.10977  41.3%     -    1s
     0     0    0.10978    0  998    0.18701    0.10978  41.3%     -    1s
H    0     0                       0.1746766    0.10978  37.2%     -    1s
     0     0    0.10978    0  832    0.17468    0.10978  37.2%     -    1s
     0     0    0.10992    0  937    0.17468    0.10992  37.1%     -    1s
     0     0    0.10992    0  944    0.17468    0.10992  37.1%     -    1s
     0     0    0.10992    0  781    0.17468    0.10992  37.1%     -    2s
     0     0    0.10992    0  776    0.17468    0.10992  37.1%     -    2s
     0     0    0.10992    0  810    0.17468    0.10992  37.1%     -    2s
     0     0    0.10992    0  834    0.17468    0.10992  37.1%     -    2s
     0     0    0.10994    0  854    0.17468    0.10994  37.1%     -    2s
     0     0    0.10994    0  830    0.17468    0.10994  37.1%     -    2s
     0     0    0.10997    0  845    0.17468    0.10997  37.0%     -    2s
H    0     0                       0.1739704    0.10997  36.8%     -    2s
H    0     0                       0.1739701    0.10997  36.8%     -    2s
     0     0    0.10997    0  795    0.17397    0.10997  36.8%     -    2s
     0     0    0.10997    0  858    0.17397    0.10997  36.8%     -    2s
     0     0    0.10997    0  871    0.17397    0.10997  36.8%     -    3s
     0     0    0.10997    0  921    0.17397    0.10997  36.8%     -    3s
     0     0    0.10997    0  871    0.17397    0.10997  36.8%     -    3s
H    0     0                       0.1739699    0.10997  36.8%     -    3s
     0     0    0.10997    0  780    0.17397    0.10997  36.8%     -    3s
     0     0    0.10997    0  777    0.17397    0.10997  36.8%     -    3s
     0     2    0.10997    0  776    0.17397    0.10997  36.8%     -    3s
    47    46    0.12454    7  911    0.17397    0.11002  36.8%   581    5s
H  211   208                       0.1733902    0.11002  36.5%   304    6s
H  245   240                       0.1733900    0.11002  36.5%   278    8s
H  249   246                       0.1678471    0.11002  34.5%   275    8s
H  485   403                       0.1651711    0.11002  33.4%   210    9s
H  512   420                       0.1650259    0.11002  33.3%   203    9s
   519   420    0.12066   11 1024    0.16503    0.11002  33.3%   200   10s
H  530   419                       0.1645586    0.11002  33.1%   202   10s
H  563   428                       0.1632025    0.11002  32.6%   201   10s
H  566   420                       0.1625299    0.11002  32.3%   200   10s
H  598   420                       0.1605757    0.11002  31.5%   199   10s
  1483  1077    0.15621   35  777    0.16058    0.11084  31.0%   208   15s
H 1494  1029                       0.1602325    0.11084  30.8%   207   20s
  1527  1060    0.11554   17  844    0.16023    0.11116  30.6%   224   25s
H 1762  1156                       0.1566693    0.11255  28.2%   241   29s
  1787  1169    0.11652   31  866    0.15667    0.11255  28.2%   240   30s
H 1880  1161                       0.1558901    0.11255  27.8%   245   33s
  2226  1355    0.13335   46 1026    0.15589    0.11255  27.8%   247   35s
  3372  1839    0.12263   37 1092    0.15589    0.11327  27.3%   232   40s
  4798  2670    0.14870   55  804    0.15589    0.11438  26.6%   217   45s
H 5305  3011                       0.1557348    0.11438  26.6%   211   47s
H 5311  3000                       0.1555591    0.11438  26.5%   211   47s
H 5545  3223                       0.1555519    0.11443  26.4%   208   47s
H 5677  3206                       0.1547787    0.11443  26.1%   207   47s
  5969  3480    0.12522   33 1140    0.15478    0.11443  26.1%   208   50s
  7414  4533    0.11848   28 1214    0.15478    0.11530  25.5%   205   55s
H 7893  4723                       0.1537341    0.11570  24.7%   204   64s
H 7894  4492                       0.1527441    0.11570  24.3%   204   64s
H 7895  4424                       0.1524207    0.11570  24.1%   204   64s
  7901  4438    0.12195   24 1117    0.15242    0.11579  24.0%   204   65s
  9201  5457    0.12080   23 1069    0.15242    0.11650  23.6%   203   71s
 10785  6604    0.14579   67  622    0.15242    0.11684  23.3%   199   75s
 12220  7668    0.13837   45  943    0.15242    0.11713  23.2%   200   80s
 13835  8810    0.12741   39 1156    0.15242    0.11737  23.0%   201   86s
 15400  9909    0.11781   21  905    0.15242    0.11774  22.8%   201   90s
 16908 11002    0.13610   44 1141    0.15242    0.11805  22.5%   202   96s
 18395 12081    0.14266   36  966    0.15242    0.11821  22.4%   200  100s
 20396 13501    0.13563   26  938    0.15242    0.11850  22.3%   200  106s
 21108 14025    0.12623   32 1017    0.15242    0.11871  22.1%   201  114s
H21115 13803                       0.1519131    0.11871  21.9%   201  114s
 21116 13792    0.12623   33 1064    0.15191    0.11871  21.9%   201  117s
 21452 14027    0.14909   59  817    0.15191    0.11871  21.9%   201  120s
 23021 15177    0.13157   35  861    0.15191    0.11882  21.8%   201  125s
 24370 16170    0.13737   42 1053    0.15191    0.11916  21.6%   201  130s
 26244 17511    0.13093   36  874    0.15191    0.11931  21.5%   200  135s
 27531 18459    0.15162   66  716    0.15191    0.11957  21.3%   201  140s
 29636 19990    0.13336   50  777    0.15191    0.11966  21.2%   200  185s
 29641 19993    0.14394   54 1183    0.15191    0.11966  21.2%   200  190s
 29644 19995    0.13184   42 1268    0.15191    0.11966  21.2%   200  196s
 29647 19997    0.14973   68 1157    0.15191    0.11966  21.2%   200  201s
 29649 19999    0.13896   34 1242    0.15191    0.11966  21.2%   200  205s
 29653 20001    0.14969   57 1286    0.15191    0.11966  21.2%   200  211s
 29656 20003    0.14124   58 1309    0.15191    0.11966  21.2%   200  216s
 29659 20005    0.14336   54 1265    0.15191    0.11966  21.2%   200  222s
 29661 20007    0.15039   64 1303    0.15191    0.11966  21.2%   200  226s
 29664 20009    0.13898   55 1343    0.15191    0.11966  21.2%   200  231s
 29666 20010    0.14420   42 1378    0.15191    0.11966  21.2%   200  235s
 29668 20011    0.14867   68 1377    0.15191    0.11966  21.2%   200  241s
 29669 20012    0.13108   37 1438    0.15191    0.11966  21.2%   200  245s
 29672 20014    0.14470   49 1384    0.15191    0.11966  21.2%   200  251s
 29674 20015    0.12004   27 1434    0.15191    0.11966  21.2%   200  256s
 29676 20017    0.14806   51 1479    0.15191    0.11966  21.2%   200  260s
 29679 20019    0.13449   40 1447    0.15191    0.11966  21.2%   200  266s
 29681 20020    0.13150   40 1421    0.15191    0.11966  21.2%   200  270s
H29681 19018                       0.1506781    0.11966  20.6%   200  272s
 29683 19019    0.14946   38 1504    0.15068    0.11966  20.6%   200  275s
 29686 19021    0.14486   39 1471    0.15068    0.11966  20.6%   200  281s
 29688 19023    0.12845   36 1498    0.15068    0.11966  20.6%   200  286s
 29690 19024    0.14957   59 1510    0.15068    0.11966  20.6%   200  290s
 29693 19026    0.14603   63 1513    0.15068    0.11966  20.6%   199  296s

Cutting planes:
  Gomory: 6
  Cover: 1
  Implied bound: 38
  Clique: 10
  MIR: 66
  StrongCG: 9
  Flow cover: 352
  GUB cover: 5
  Zero half: 112

Explored 29694 nodes (5987599 simplex iterations) in 300.05 seconds
Thread count was 8 (of 8 available processors)

Solution count 10: 0.150678 0.151913 0.152421 ... 0.15589

Time limit reached
Best objective 1.506780560023e-01, best bound 1.196635422251e-01, gap 20.5833%

Gurobi 8.1.1 (linux64) logging started Fri Apr 16 19:38:00 2021

Academic license - for non-commercial use only
Presolve added 7067 rows and 354 columns
Presolve time: 0.12s
Optimize a model with 107 rows, 5452 columns and 5805 nonzeros
Model has 5390 general constraints
Variable types: 20 continuous, 5432 integer (5344 binary)
Coefficient statistics:
  Matrix range     [1e-07, 1e+00]
  Objective range  [1e+00, 1e+00]
  Bounds range     [5e-02, 7e+00]
  RHS range        [1e+00, 7e+00]
Presolve added 7067 rows and 354 columns
Presolve time: 0.12s
Presolved: 7174 rows, 5806 columns, 26932 nonzeros
Variable types: 2 continuous, 5804 integer (4821 binary)
Found heuristic solution: objective 0.3166063

Root relaxation: objective 9.523216e-02, 2905 iterations, 0.21 seconds

    Nodes    |    Current Node    |     Objective Bounds      |     Work
 Expl Unexpl |  Obj  Depth IntInf | Incumbent    BestBd   Gap | It/Node Time

     0     0    0.09523    0  930    0.31661    0.09523  69.9%     -    0s
H    0     0                       0.2556117    0.09523  62.7%     -    0s
     0     0    0.09551    0 1005    0.25561    0.09551  62.6%     -    0s
H    0     0                       0.2037529    0.09551  53.1%     -    0s
H    0     0                       0.1852493    0.09551  48.4%     -    0s
     0     0    0.09570    0  979    0.18525    0.09570  48.3%     -    0s
     0     0    0.09587    0  921    0.18525    0.09587  48.3%     -    0s
     0     0    0.09587    0  942    0.18525    0.09587  48.3%     -    0s
     0     0    0.09587    0  973    0.18525    0.09587  48.3%     -    1s
     0     0    0.09587    0  942    0.18525    0.09587  48.3%     -    1s
     0     0    0.09587    0 1047    0.18525    0.09587  48.3%     -    1s
     0     0    0.09587    0  925    0.18525    0.09587  48.3%     -    1s
     0     0    0.09587    0  863    0.18525    0.09587  48.3%     -    1s
     0     0    0.09587    0  826    0.18525    0.09587  48.3%     -    1s
     0     0    0.09587    0  986    0.18525    0.09587  48.3%     -    1s
     0     0    0.09587    0  957    0.18525    0.09587  48.3%     -    1s
     0     2    0.09587    0  953    0.18525    0.09587  48.3%     -    1s
H   35    38                       0.1831726    0.09587  47.7%   334    2s
H   70    73                       0.1831722    0.09587  47.7%   307    2s
H   99    99                       0.1824208    0.09587  47.4%   294    2s
H  116   118                       0.1824206    0.09587  47.4%   278    2s
H  123   124                       0.1742018    0.09587  45.0%   280    2s
H  169   165                       0.1723558    0.09587  44.4%   255    3s
H  180   181                       0.1704154    0.09587  43.7%   251    3s
H  216   216                       0.1690066    0.09587  43.3%   244    3s
H  270   267                       0.1628530    0.09587  41.1%   221    3s
H  324   288                       0.1504141    0.09587  36.3%   209    4s
   360   313    0.13593   37  559    0.15041    0.09587  36.3%   203    6s
H  369   321                       0.1500783    0.09587  36.1%   206    6s
H  502   389                       0.1469613    0.09587  34.8%   194    6s
H 1010   793                       0.1467250    0.09633  34.3%   178    7s
  1160   919    0.09633   11 1033    0.14672    0.09633  34.3%   172   12s
H 1165   902                       0.1458393    0.09633  33.9%   172   12s
  1465  1159    0.12915   33 1029    0.14584    0.09633  33.9%   169   15s
  1476  1166    0.11862   22  969    0.14584    0.09662  33.7%   168   20s
  1487  1174    0.12980   38 1002    0.14584    0.09759  33.1%   166   25s
  1497  1180    0.14547   45  968    0.14584    0.09776  33.0%   165   31s
  1500  1185    0.09942   13  746    0.14584    0.09776  33.0%   190   35s
  1506  1195    0.10261   15 1005    0.14584    0.09779  32.9%   193   40s
H 1615  1200                       0.1455950    0.09786  32.8%   217   44s
  1634  1212    0.10277   22  942    0.14559    0.09786  32.8%   219   45s
H 1715  1203                       0.1444173    0.09820  32.0%   227   48s
  1782  1231    0.10379   29  986    0.14442    0.09893  31.5%   236   50s
  2098  1433    0.11438   39  943    0.14442    0.09901  31.4%   243   55s
  2228  1492    0.11464   44 1007    0.14442    0.09901  31.4%   242   66s
  2599  1659    0.12296   59 1008    0.14442    0.09901  31.4%   241   70s
  3295  1991    0.10209   25 1153    0.14442    0.09909  31.4%   242   75s
  3842  2216    0.12122   50  966    0.14442    0.09909  31.4%   244   80s
  5054  2872    0.11152   37  859    0.14442    0.10223  29.2%   234   85s
  5868  3545     cutoff   97         0.14442    0.10307  28.6%   226   90s
  6706  4191    0.11521   25 1147    0.14442    0.10310  28.6%   225   95s
  8162  5326    0.13353   68 1031    0.14442    0.10336  28.4%   220  100s
H 8782  5550                       0.1428522    0.10336  27.6%   215  103s
  9321  5909    0.12590   45 1124    0.14285    0.10453  26.8%   214  105s
 10283  6659    0.12180   35 1137    0.14285    0.10456  26.8%   216  111s
 11087  7315    0.13631   62  995    0.14285    0.10467  26.7%   216  115s
 12237  8225    0.13450   48  619    0.14285    0.10515  26.4%   217  122s
 13087  8855    0.11390   34 1066    0.14285    0.10523  26.3%   216  125s
H14201  9226                       0.1412681    0.10562  25.2%   215  127s
 14330  9382    0.11040   27 1201    0.14127    0.10562  25.2%   215  130s
 15195  9965    0.11477   23  911    0.14127    0.10586  25.1%   216  135s
 16226 10775    0.11154   31 1134    0.14127    0.10609  24.9%   217  141s
 17327 11556    0.12243   37  745    0.14127    0.10619  24.8%   218  146s
 18783 12661    0.11411   22 1079    0.14127    0.10643  24.7%   219  153s
 19169 12948    0.11269   26 1194    0.14127    0.10651  24.6%   219  156s
 20928 14225    0.13952   55  728    0.14127    0.10667  24.5%   220  162s
 21689 14792    0.13756   40  729    0.14127    0.10688  24.3%   220  167s
 22278 15220    0.11216   27 1138    0.14127    0.10706  24.2%   219  171s
 24230 16673    0.12050   41  920    0.14127    0.10736  24.0%   220  177s
 25201 17384     cutoff   81         0.14127    0.10750  23.9%   220  180s
 26189 18122    0.11739   31 1100    0.14127    0.10775  23.7%   221  185s
 27901 19403    0.11287   43 1084    0.14127    0.10797  23.6%   221  207s
H27902 18611                       0.1400272    0.10797  22.9%   220  207s
H27903 16988                       0.1378107    0.10797  21.7%   221  207s
 27911 16980    0.11294   44 1105    0.13781    0.10803  21.6%   221  212s
 28298 17257    0.12789   40  860    0.13781    0.10812  21.5%   221  217s
 28744 17569    0.10926   22 1017    0.13781    0.10821  21.5%   221  220s
 29767 18308    0.13046   61  957    0.13781    0.10824  21.5%   221  267s
 29771 18311    0.12056   40 1090    0.13781    0.10824  21.5%   221  270s
 29774 18313    0.12319   44 1252    0.13781    0.10824  21.5%   221  276s
 29776 18314    0.11130   32 1158    0.13781    0.10824  21.5%   221  282s
 29778 18315    0.12709   37 1296    0.13781    0.10824  21.5%   221  286s
 29780 18317    0.13002   47 1248    0.13781    0.10824  21.5%   221  293s
 29781 18317    0.12498   59 1260    0.13781    0.10824  21.5%   221  295s

Cutting planes:
  Gomory: 10
  Cover: 4
  Implied bound: 63
  Clique: 16
  MIR: 69
  StrongCG: 1
  Flow cover: 338
  GUB cover: 17
  Zero half: 160

Explored 29782 nodes (6625528 simplex iterations) in 300.12 seconds
Thread count was 8 (of 8 available processors)

Solution count 10: 0.137811 0.140027 0.141268 ... 0.150078

Time limit reached
Best objective 1.378107382756e-01, best bound 1.082416489164e-01, gap 21.4563%
