
Gurobi 8.1.1 (linux64) logging started Fri Apr 16 20:33:04 2021

Academic license - for non-commercial use only
Presolve added 1212 rows and 0 columns
Presolve removed 0 rows and 327 columns
Presolve time: 0.01s
Optimize a model with 171 rows, 1064 columns and 1229 nonzeros
Model has 976 general constraints
Variable types: 8 continuous, 1056 integer (892 binary)
Coefficient statistics:
  Matrix range     [1e-07, 1e+00]
  Objective range  [1e+00, 1e+00]
  Bounds range     [3e-01, 1e+00]
  RHS range        [1e+00, 1e+00]
Presolve added 1212 rows and 0 columns
Presolve removed 0 rows and 327 columns
Presolve time: 0.01s
Presolved: 1383 rows, 737 columns, 4020 nonzeros
Variable types: 2 continuous, 735 integer (735 binary)
Found heuristic solution: objective 1.4651761
Found heuristic solution: objective 0.9953565

Root relaxation: objective 7.327063e-01, 881 iterations, 0.02 seconds

    Nodes    |    Current Node    |     Objective Bounds      |     Work
 Expl Unexpl |  Obj  Depth IntInf | Incumbent    BestBd   Gap | It/Node Time

     0     0    0.73271    0   97    0.99536    0.73271  26.4%     -    0s
H    0     0                       0.9930945    0.73271  26.2%     -    0s
H    0     0                       0.9893629    0.73271  25.9%     -    0s
H    0     0                       0.9690731    0.73271  24.4%     -    0s
H    0     0                       0.9690730    0.73271  24.4%     -    0s
     0     0    0.86556    0  418    0.96907    0.86556  10.7%     -    0s
H    0     0                       0.9337716    0.86556  7.31%     -    0s
     0     0    0.86556    0  420    0.93377    0.86556  7.31%     -    0s
H    0     0                       0.9323017    0.86556  7.16%     -    0s
     0     0    0.87235    0  453    0.93230    0.87235  6.43%     -    0s
     0     0    0.87253    0  456    0.93230    0.87253  6.41%     -    0s
     0     0    0.87253    0  452    0.93230    0.87253  6.41%     -    0s
     0     0    0.87253    0  452    0.93230    0.87253  6.41%     -    0s
H    0     0                       0.9141698    0.87253  4.56%     -    0s
H    0     0                       0.9121481    0.87253  4.34%     -    0s
     0     2    0.87253    0  452    0.91215    0.87253  4.34%     -    0s
H   85    87                       0.9017041    0.87857  2.57%  47.9    0s
H   87    89                       0.8967866    0.87857  2.03%  47.6    0s
H  120   121                       0.8912474    0.87857  1.42%  41.0    0s
H  132   132                       0.8909022    0.87857  1.38%  40.6    0s
H  194   182                       0.8908974    0.87857  1.38%  36.8    0s
H  209   193                       0.8907121    0.87857  1.36%  35.8    0s
H  300   247                       0.8907118    0.87857  1.36%  30.5    0s
H  379   199                       0.8870386    0.87884  0.92%  28.2    0s
H  911   382                       0.8870382    0.87985  0.81%  27.3    0s
H 1240   483                       0.8870378    0.88020  0.77%  26.6    0s
H 1421   534                       0.8870377    0.88089  0.69%  26.1    0s
* 1540   573              18       0.8870226    0.88095  0.68%  26.0    0s
H 2001   703                       0.8869328    0.88158  0.60%  26.4    0s
H 2893   917                       0.8867328    0.88217  0.51%  26.9    1s
H 3504   960                       0.8863189    0.88242  0.44%  26.8    1s
H 3614   977                       0.8863029    0.88251  0.43%  26.7    1s
* 3766  1003              20       0.8862961    0.88252  0.43%  26.7    1s
H 4732  1100                       0.8862955    0.88303  0.37%  26.6    1s
H 5743  1089                       0.8862740    0.88331  0.33%  26.7    1s
H 6060   740                       0.8851783    0.88341  0.20%  26.8    1s
H 6604   494                       0.8849977    0.88370  0.15%  27.2    1s

Cutting planes:
  Gomory: 16
  Implied bound: 306
  Clique: 15
  MIR: 5
  Zero half: 184

Explored 7355 nodes (204138 simplex iterations) in 1.96 seconds
Thread count was 8 (of 8 available processors)

Solution count 10: 0.884998 0.885178 0.886274 ... 0.887023

Optimal solution found (tolerance 1.00e-04)
Best objective 8.849977276339e-01, best bound 8.849270013062e-01, gap 0.0080%

Gurobi 8.1.1 (linux64) logging started Fri Apr 16 20:33:06 2021

Academic license - for non-commercial use only
Presolve added 9445 rows and 6314 columns
Presolve time: 0.12s
Optimize a model with 173 rows, 2058 columns and 2305 nonzeros
Model has 1968 general constraints
Variable types: 10 continuous, 2048 integer (1884 binary)
Coefficient statistics:
  Matrix range     [1e-07, 1e+00]
  Objective range  [1e+00, 1e+00]
  Bounds range     [3e-01, 2e+00]
  RHS range        [1e+00, 2e+00]
Presolve added 9445 rows and 6314 columns
Presolve time: 0.12s
Presolved: 9618 rows, 8372 columns, 29315 nonzeros
Variable types: 2 continuous, 8370 integer (4973 binary)
Found heuristic solution: objective 1.7292432
Found heuristic solution: objective 1.4756893
Found heuristic solution: objective 1.1662518
Found heuristic solution: objective 0.9163541

Root relaxation: objective 4.884209e-01, 3798 iterations, 0.33 seconds

    Nodes    |    Current Node    |     Objective Bounds      |     Work
 Expl Unexpl |  Obj  Depth IntInf | Incumbent    BestBd   Gap | It/Node Time

     0     0    0.48842    0 1707    0.91635    0.48842  46.7%     -    0s
H    0     0                       0.8438323    0.48842  42.1%     -    0s
H    0     0                       0.8323036    0.48842  41.3%     -    0s
H    0     0                       0.8217291    0.48842  40.6%     -    0s
H    0     0                       0.8131280    0.48842  39.9%     -    0s
H    0     0                       0.6998087    0.48842  30.2%     -    1s
H    0     0                       0.6906046    0.48842  29.3%     -    1s
     0     0    0.48892    0 2849    0.69060    0.48892  29.2%     -    1s
H    0     0                       0.6906044    0.48892  29.2%     -    2s
H    0     0                       0.6875268    0.48892  28.9%     -    2s
H    0     0                       0.6857615    0.48892  28.7%     -    2s
     0     0    0.48892    0 2854    0.68576    0.48892  28.7%     -    2s
H    0     0                       0.6760089    0.48892  27.7%     -    2s
     0     0    0.50270    0 3395    0.67601    0.50270  25.6%     -    2s
     0     0    0.51085    0 3624    0.67601    0.51085  24.4%     -    2s
     0     0    0.53885    0 3893    0.67601    0.53885  20.3%     -    3s
     0     0    0.54356    0 3920    0.67601    0.54356  19.6%     -    3s
H    0     0                       0.6725678    0.54356  19.2%     -    3s
H    0     0                       0.6723395    0.54356  19.2%     -    3s
H    0     0                       0.6696699    0.54356  18.8%     -    3s
     0     0    0.55560    0 4048    0.66967    0.55560  17.0%     -    3s
     0     0    0.55972    0 4032    0.66967    0.55972  16.4%     -    3s
     0     0    0.56512    0 3941    0.66967    0.56512  15.6%     -    4s
     0     0    0.56669    0 4050    0.66967    0.56669  15.4%     -    4s
     0     0    0.56924    0 3873    0.66967    0.56924  15.0%     -    4s
     0     0    0.56979    0 3782    0.66967    0.56979  14.9%     -    4s
     0     0    0.57140    0 3829    0.66967    0.57140  14.7%     -    5s
     0     0    0.57176    0 3934    0.66967    0.57176  14.6%     -    5s
     0     0    0.57348    0 3824    0.66967    0.57348  14.4%     -    5s
H    0     0                       0.6696697    0.57348  14.4%     -    5s
     0     0    0.57375    0 4096    0.66967    0.57375  14.3%     -    5s
H    0     0                       0.6420259    0.57375  10.6%     -    6s
     0     0    0.57452    0 3950    0.64203    0.57452  10.5%     -    6s
     0     0    0.57487    0 3936    0.64203    0.57487  10.5%     -    6s
     0     0    0.57564    0 3942    0.64203    0.57564  10.3%     -    6s
     0     0    0.57577    0 3995    0.64203    0.57577  10.3%     -    6s
     0     0    0.57686    0 3911    0.64203    0.57686  10.1%     -    6s
     0     0    0.57697    0 3888    0.64203    0.57697  10.1%     -    6s
     0     0    0.57776    0 3584    0.64203    0.57776  10.0%     -    7s
     0     0    0.57780    0 3963    0.64203    0.57780  10.0%     -    7s
     0     0    0.57891    0 4171    0.64203    0.57891  9.83%     -    7s
     0     0    0.57894    0 3878    0.64203    0.57894  9.83%     -    7s
     0     0    0.57938    0 4007    0.64203    0.57938  9.76%     -    7s
H    0     0                       0.6420251    0.57938  9.76%     -    7s
     0     0    0.57957    0 3769    0.64203    0.57957  9.73%     -    7s
     0     0    0.57966    0 3905    0.64203    0.57966  9.71%     -    7s
     0     0    0.57976    0 3870    0.64203    0.57976  9.70%     -    7s
     0     0    0.58016    0 4209    0.64203    0.58016  9.64%     -    8s
     0     0    0.58019    0 3757    0.64203    0.58019  9.63%     -    8s
     0     0    0.58024    0 3878    0.64203    0.58024  9.62%     -    8s
     0     0    0.58025    0 4025    0.64203    0.58025  9.62%     -    8s
     0     0    0.58026    0 4050    0.64203    0.58026  9.62%     -    8s
     0     0    0.58026    0 3859    0.64203    0.58026  9.62%     -    8s
     0     2    0.58026    0 3844    0.64203    0.58026  9.62%     -    9s
    15    24    0.58781    4 4139    0.64203    0.58468  8.93%   565   10s
H   65    65                       0.6115420    0.58468  4.39%   325   10s
H  147   151                       0.6115419    0.58468  4.39%   220   11s
H  152   153                       0.6115410    0.58468  4.39%   217   11s
H  193   152                       0.5997574    0.58468  2.51%   199   11s
H  344   228                       0.5997568    0.58605  2.29%   200   13s
H  427   280                       0.5997567    0.58763  2.02%   199   14s
   564   364    0.59734   31 1549    0.59976    0.58778  2.00%   192   15s
  1101   632    0.59450   16  498    0.59976    0.58930  1.74%   190   21s
H 1123   642                       0.5997566    0.58957  1.70%   189   21s
  1506   889    0.59590   18 3859    0.59976    0.58997  1.63%   179   25s
  1511   892    0.59647    6 3638    0.59976    0.58997  1.63%   179   30s
  1517   896    0.59176   11 3648    0.59976    0.58997  1.63%   178   35s
H 1832   954                       0.5994679    0.59206  1.24%   198   39s
  1835   943    0.59372   25 2850    0.59947    0.59206  1.24%   198   40s
H 1867   909                       0.5994677    0.59206  1.23%   198   40s
H 1917   872                       0.5994097    0.59206  1.23%   198   40s
H 2009   856                       0.5994094    0.59206  1.23%   201   41s
H 2132   857                       0.5994085    0.59206  1.23%   200   44s
  2220   883    0.59892   46 1425    0.59941    0.59206  1.23%   200   45s
  2914   998    0.59730   29 2549    0.59941    0.59360  0.97%   190   50s
  3642  1142    0.59667   24 2079    0.59941    0.59414  0.88%   184   57s
H 3672  1146                       0.5993595    0.59414  0.87%   184   57s
  4242  1379    0.59605   24  626    0.59936    0.59429  0.85%   184   60s
  5331  1882    0.59696   28 1353    0.59936    0.59444  0.82%   176   65s
H 5848  2066                       0.5993593    0.59460  0.79%   175   67s
  6369  2299     cutoff   29         0.59936    0.59467  0.78%   173   72s
H 6374  2299                       0.5993590    0.59467  0.78%   173   72s
  6920  2526    0.59546   26 1322    0.59936    0.59475  0.77%   170   76s
  7924  2923    0.59831   27 1132    0.59936    0.59488  0.75%   171   81s
  8783  3161    0.59692   41  444    0.59936    0.59516  0.70%   173   85s
H 9609  3290                       0.5992703    0.59517  0.68%   174   88s
  9852  3333    0.59588   32 1642    0.59927    0.59529  0.66%   174   90s
H11120  3617                       0.5992703    0.59545  0.64%   175   95s
H11222  3652                       0.5992702    0.59546  0.64%   176   95s
H11373  3698                       0.5992700    0.59550  0.63%   176   95s
 12343  3891    0.59614   35 1479    0.59927    0.59556  0.62%   178  101s
 13382  4099     cutoff   31         0.59927    0.59574  0.59%   179  106s
H13665  4187                       0.5992691    0.59574  0.59%   179  106s
 14355  4231    0.59724   40 2128    0.59927    0.59582  0.58%   180  110s
 15620  4317     cutoff   36         0.59927    0.59597  0.55%   182  115s
 16836  4354     cutoff   28         0.59927    0.59610  0.53%   184  120s
 18232  4441    0.59710   34 1533    0.59927    0.59629  0.50%   185  126s
 19563  4479    0.59834   25 1573    0.59927    0.59642  0.48%   188  132s
 19911  4350    0.59835   37 1600    0.59927    0.59650  0.46%   188  135s
 21220  4286    0.59685   25 1679    0.59927    0.59662  0.44%   191  142s
 22012  4312    0.59678   28 1122    0.59927    0.59670  0.43%   192  145s
 23382  4224    0.59808   29 1175    0.59927    0.59680  0.41%   194  151s
 24013  4160    0.59804   21 2539    0.59927    0.59690  0.39%   196  155s
 25417  4104    0.59776   27 2527    0.59927    0.59696  0.39%   197  161s
 26613  3943    0.59778   34  434    0.59927    0.59710  0.36%   199  166s
 27141  3963     cutoff   37         0.59927    0.59718  0.35%   200  172s
H27192  3964                       0.5992690    0.59718  0.35%   201  172s
 27234  3783    0.59920   33 1154    0.59927    0.59719  0.35%   201  175s
 28324  3609    0.59788   30  579    0.59927    0.59728  0.33%   202  180s
 29312  3385     cutoff   32         0.59927    0.59737  0.32%   203  185s
 30022  3134    0.59814   28 2270    0.59927    0.59746  0.30%   205  190s
 31325  2745     cutoff   29         0.59927    0.59759  0.28%   207  199s
 31657  2599     cutoff   28         0.59927    0.59763  0.27%   208  202s
 32342  2299    0.59920   38 1573    0.59927    0.59774  0.26%   209  205s
 33317  1843     cutoff   28         0.59927    0.59787  0.23%   210  210s
 34277  1388     cutoff   27         0.59927    0.59801  0.21%   212  216s
 34939  1075    0.59847   26 1980    0.59927    0.59811  0.19%   213  221s
 35651   768     cutoff   21         0.59927    0.59832  0.16%   213  225s
 36730   122     cutoff   30         0.59927    0.59881  0.08%   213  230s

Cutting planes:
  Gomory: 20
  Cover: 533
  Implied bound: 222
  Clique: 20
  MIR: 307
  Flow cover: 248
  Inf proof: 2
  Zero half: 295

Explored 37107 nodes (7911566 simplex iterations) in 231.23 seconds
Thread count was 8 (of 8 available processors)

Solution count 10: 0.599269 0.599269 0.59927 ... 0.599409

Optimal solution found (tolerance 1.00e-04)
Best objective 5.992690316159e-01, best bound 5.992690316159e-01, gap 0.0000%

Gurobi 8.1.1 (linux64) logging started Fri Apr 16 20:36:58 2021

Academic license - for non-commercial use only
Presolve added 10959 rows and 6049 columns
Presolve time: 0.15s
Optimize a model with 175 rows, 3416 columns and 3745 nonzeros
Model has 3324 general constraints
Variable types: 12 continuous, 3404 integer (3240 binary)
Coefficient statistics:
  Matrix range     [1e-07, 1e+00]
  Objective range  [1e+00, 1e+00]
  Bounds range     [3e-01, 3e+00]
  RHS range        [1e+00, 3e+00]
Presolve added 10959 rows and 6049 columns
Presolve time: 0.15s
Presolved: 11134 rows, 9465 columns, 35158 nonzeros
Variable types: 2 continuous, 9463 integer (6066 binary)
Found heuristic solution: objective 1.6891766
Found heuristic solution: objective 1.4561005
Found heuristic solution: objective 1.2024889
Found heuristic solution: objective 0.9214457

Root relaxation: objective 3.663402e-01, 5937 iterations, 0.66 seconds

    Nodes    |    Current Node    |     Objective Bounds      |     Work
 Expl Unexpl |  Obj  Depth IntInf | Incumbent    BestBd   Gap | It/Node Time

     0     0    0.36634    0 1718    0.92145    0.36634  60.2%     -    1s
H    0     0                       0.8059561    0.36634  54.5%     -    1s
H    0     0                       0.7480185    0.36636  51.0%     -    1s
     0     0    0.36680    0 1532    0.74802    0.36680  51.0%     -    1s
H    0     0                       0.7480182    0.36680  51.0%     -    1s
H    0     0                       0.6875210    0.36680  46.6%     -    1s
H    0     0                       0.5649036    0.36680  35.1%     -    1s
     0     0    0.36680    0 1529    0.56490    0.36680  35.1%     -    1s
H    0     0                       0.5556597    0.36680  34.0%     -    2s
     0     0    0.36725    0 2677    0.55566    0.36725  33.9%     -    2s
H    0     0                       0.5556596    0.36725  33.9%     -    2s
     0     0    0.36734    0 2568    0.55566    0.36734  33.9%     -    2s
H    0     0                       0.5259965    0.36734  30.2%     -    3s
     0     0    0.36741    0 2399    0.52600    0.36741  30.1%     -    3s
     0     0    0.36741    0 2738    0.52600    0.36741  30.1%     -    3s
     0     0    0.36741    0 2545    0.52600    0.36741  30.1%     -    4s
     0     0    0.36741    0 2282    0.52600    0.36741  30.1%     -    4s
     0     0    0.36741    0 2737    0.52600    0.36741  30.1%     -    5s
     0     0    0.36741    0 2556    0.52600    0.36741  30.1%     -    5s
H    0     0                       0.5259962    0.36741  30.1%     -    7s
     0     0    0.36755    0 3054    0.52600    0.36755  30.1%     -    7s
     0     0    0.36758    0 3261    0.52600    0.36758  30.1%     -    7s
     0     0    0.36829    0 3497    0.52600    0.36829  30.0%     -    8s
     0     0    0.36831    0 3421    0.52600    0.36831  30.0%     -    8s
     0     0    0.36904    0 2446    0.52600    0.36904  29.8%     -    8s
H    0     0                       0.5259960    0.36904  29.8%     -    8s
     0     0    0.36928    0 3514    0.52600    0.36928  29.8%     -    9s
     0     0    0.36995    0 3238    0.52600    0.36995  29.7%     -    9s
     0     0    0.37005    0 3650    0.52600    0.37005  29.6%     -    9s
H    0     0                       0.5242573    0.37005  29.4%     -   10s
     0     0    0.37083    0 3405    0.52426    0.37083  29.3%     -   10s
     0     0    0.37112    0 3604    0.52426    0.37112  29.2%     -   10s
     0     0    0.37249    0 3165    0.52426    0.37249  28.9%     -   11s
     0     0    0.37283    0 3593    0.52426    0.37283  28.9%     -   11s
     0     0    0.37414    0 3804    0.52426    0.37414  28.6%     -   12s
     0     0    0.37454    0 3748    0.52426    0.37454  28.6%     -   12s
     0     0    0.37674    0 3838    0.52426    0.37674  28.1%     -   13s
     0     0    0.37695    0 3924    0.52426    0.37695  28.1%     -   13s
     0     0    0.37848    0 3779    0.52426    0.37848  27.8%     -   13s
     0     0    0.37917    0 3896    0.52426    0.37917  27.7%     -   13s
     0     0    0.38095    0 3942    0.52426    0.38095  27.3%     -   14s
     0     0    0.38128    0 3913    0.52426    0.38128  27.3%     -   14s
H    0     0                       0.5242316    0.38128  27.3%     -   14s
     0     0    0.38239    0 3756    0.52423    0.38239  27.1%     -   14s
     0     0    0.38258    0 3843    0.52423    0.38258  27.0%     -   14s
     0     0    0.38368    0 3734    0.52423    0.38368  26.8%     -   15s
     0     0    0.38410    0 3990    0.52423    0.38410  26.7%     -   15s
     0     0    0.38549    0 3892    0.52423    0.38549  26.5%     -   15s
     0     0    0.38570    0 3896    0.52423    0.38570  26.4%     -   15s
H    0     0                       0.5208886    0.38570  26.0%     -   15s
     0     0    0.38684    0 3422    0.52089    0.38684  25.7%     -   15s
     0     0    0.38747    0 3944    0.52089    0.38747  25.6%     -   15s
     0     0    0.38783    0 3705    0.52089    0.38783  25.5%     -   16s
     0     0    0.38794    0 3925    0.52089    0.38794  25.5%     -   16s
     0     0    0.38843    0 4010    0.52089    0.38843  25.4%     -   16s
     0     0    0.38856    0 3141    0.52089    0.38856  25.4%     -   16s
     0     0    0.38894    0 3903    0.52089    0.38894  25.3%     -   16s
     0     0    0.38942    0 3820    0.52089    0.38942  25.2%     -   16s
     0     0    0.39001    0 3995    0.52089    0.39001  25.1%     -   17s
     0     0    0.39010    0 3996    0.52089    0.39010  25.1%     -   17s
     0     0    0.39049    0 3934    0.52089    0.39049  25.0%     -   17s
     0     0    0.39057    0 3828    0.52089    0.39057  25.0%     -   17s
     0     0    0.39089    0 3743    0.52089    0.39089  25.0%     -   17s
     0     0    0.39111    0 3889    0.52089    0.39111  24.9%     -   17s
     0     0    0.39157    0 4006    0.52089    0.39157  24.8%     -   17s
     0     0    0.39170    0 4052    0.52089    0.39170  24.8%     -   18s
     0     0    0.39194    0 4039    0.52089    0.39194  24.8%     -   18s
     0     0    0.39202    0 4049    0.52089    0.39202  24.7%     -   18s
H    0     0                       0.5198218    0.39202  24.6%     -   18s
     0     0    0.39237    0 4054    0.51982    0.39237  24.5%     -   18s
     0     0    0.39239    0 4041    0.51982    0.39239  24.5%     -   18s
     0     0    0.39272    0 3967    0.51982    0.39272  24.5%     -   18s
     0     0    0.39278    0 3982    0.51982    0.39278  24.4%     -   18s
     0     0    0.39294    0 3905    0.51982    0.39294  24.4%     -   18s
     0     0    0.39302    0 3977    0.51982    0.39302  24.4%     -   18s
     0     0    0.39309    0 3976    0.51982    0.39309  24.4%     -   19s
     0     0    0.39310    0 3970    0.51982    0.39310  24.4%     -   19s
     0     0    0.39333    0 3987    0.51982    0.39333  24.3%     -   19s
     0     0    0.39338    0 4000    0.51982    0.39338  24.3%     -   19s
     0     0    0.39349    0 3999    0.51982    0.39349  24.3%     -   19s
     0     0    0.39352    0 4015    0.51982    0.39352  24.3%     -   20s
     0     0    0.39357    0 4073    0.51982    0.39357  24.3%     -   20s
     0     0    0.39364    0 4008    0.51982    0.39364  24.3%     -   20s
     0     0    0.39402    0 3997    0.51982    0.39402  24.2%     -   20s
     0     0    0.39406    0 4002    0.51982    0.39406  24.2%     -   20s
     0     0    0.39411    0 4060    0.51982    0.39411  24.2%     -   20s
     0     0    0.39412    0 4067    0.51982    0.39412  24.2%     -   20s
     0     0    0.39442    0 3996    0.51982    0.39442  24.1%     -   20s
     0     0    0.39445    0 4033    0.51982    0.39445  24.1%     -   21s
     0     0    0.39463    0 4021    0.51982    0.39463  24.1%     -   21s
     0     0    0.39463    0 4015    0.51982    0.39463  24.1%     -   21s
H    0     0                       0.5131217    0.39463  23.1%     -   21s
     0     0    0.39476    0 4079    0.51312    0.39476  23.1%     -   21s
     0     0    0.39477    0 4080    0.51312    0.39477  23.1%     -   21s
     0     0    0.39491    0 4062    0.51312    0.39491  23.0%     -   22s
     0     0    0.39496    0 3826    0.51312    0.39496  23.0%     -   22s
     0     0    0.39498    0 3954    0.51312    0.39498  23.0%     -   22s
     0     0    0.39498    0 3810    0.51312    0.39498  23.0%     -   22s
     0     2    0.39498    0 3810    0.51312    0.39498  23.0%     -   22s
    67    66    0.40828    8 3282    0.51312    0.39871  22.3%   467   25s
H  199   200                       0.4997099    0.39871  20.2%   281   29s
H  203   204                       0.4953409    0.39871  19.5%   279   29s
H  204   205                       0.4791387    0.39871  16.8%   280   29s
   300   299    0.43371   31 2004    0.47914    0.39871  16.8%   233   30s
H  821   743                       0.4791385    0.39886  16.8%   181   32s
   948   866    0.42359   23 2257    0.47914    0.39886  16.8%   174   35s
H  958   789                       0.4677996    0.39886  14.7%   174   35s
H 1517  1254                       0.4677994    0.40126  14.2%   171   38s
  1518  1255    0.44352   34 3810    0.46780    0.40126  14.2%   171   41s
H 1520  1193                       0.4677989    0.40126  14.2%   171   44s
  1522  1195    0.42319   21 3831    0.46780    0.40126  14.2%   170   45s
  1527  1198    0.42771    7 4095    0.46780    0.42771  8.57%   170   51s
  1531  1201    0.45938   42 4256    0.46780    0.43518  6.97%   169   56s
  1535  1203    0.46081   43 4279    0.46780    0.43700  6.58%   169   61s
  1539  1206    0.43733   31 4345    0.46780    0.43733  6.51%   169   65s
  1545  1211    0.43733    6 3711    0.46780    0.43733  6.51%   187   70s
  1548  1213    0.44301   28 4249    0.46780    0.43733  6.51%   187   75s
  1553  1216    0.45990   63 4201    0.46780    0.43759  6.46%   186   80s
  1578  1242    0.44740   29 4079    0.46780    0.44068  5.80%   206   85s
  1781  1327    0.45766   42 3574    0.46780    0.44642  4.57%   223   90s
  1872  1373    0.46186   47 2178    0.46780    0.44642  4.57%   230   95s
  2033  1418    0.45078   32 3404    0.46780    0.44740  4.36%   243  100s
  2084  1439    0.45681   38 3261    0.46780    0.44766  4.31%   244  109s
  2092  1447    0.45750   39 3261    0.46780    0.44766  4.31%   244  110s
  2234  1471    0.45328   32 3916    0.46780    0.44862  4.10%   251  115s
  2494  1520    0.45413   33 3662    0.46780    0.44948  3.92%   260  120s
  2703  1525    0.46622   46 1825    0.46780    0.45053  3.69%   264  126s
  2822  1542    0.46434   38 2930    0.46780    0.45053  3.69%   266  130s
  3032  1590    0.46641   37 2442    0.46780    0.45089  3.62%   270  136s
  3329  1668    0.45790   35 3338    0.46780    0.45122  3.54%   272  140s
  3642  1710    0.45902   39 3379    0.46780    0.45174  3.43%   275  145s
  3884  1759    0.45371   32 3971    0.46780    0.45209  3.36%   276  150s
  4351  1827    0.46189   38 2271    0.46780    0.45255  3.26%   276  156s
  4783  1884    0.45823   38 3076    0.46780    0.45299  3.17%   280  161s
  5071  1929    0.45837   34 3502    0.46780    0.45313  3.14%   281  166s
  5410  2056    0.46732   42 1225    0.46780    0.45336  3.09%   284  170s
  5743  2182    0.45696   36 3662    0.46780    0.45360  3.03%   286  175s
  6111  2366     cutoff   45         0.46780    0.45371  3.01%   288  182s
  6558  2554    0.46373   43 3741    0.46780    0.45397  2.96%   291  187s
  6715  2599    0.46057   39 3913    0.46780    0.45411  2.93%   293  190s
  7113  2771    0.45542   34 3169    0.46780    0.45432  2.88%   295  196s
  7692  3032    0.46190   36 3036    0.46780    0.45452  2.84%   297  205s
H 7924  3144                       0.4677987    0.45454  2.84%   297  224s
  7932  3144    0.46283   40 1855    0.46780    0.45457  2.83%   297  231s
  8183  3220    0.46424   42 2523    0.46780    0.45460  2.82%   297  236s
  8511  3374    0.45804   35 3411    0.46780    0.45466  2.81%   298  242s
  8785  3490    0.46696   50 1955    0.46780    0.45483  2.77%   299  247s
  9117  3633    0.46481   41 2663    0.46780    0.45497  2.74%   300  255s
  9410  3761     cutoff   42         0.46780    0.45513  2.71%   301  260s
  9798  3925    0.46297   39 3518    0.46780    0.45528  2.68%   301  269s
 10122  4055    0.46337   39 1933    0.46780    0.45534  2.66%   302  274s
 10514  4225    0.45577   38 3670    0.46780    0.45543  2.64%   303  282s
 10814  4343     cutoff   47         0.46780    0.45546  2.64%   304  287s
 11257  4511    0.46403   41 3106    0.46780    0.45556  2.62%   304  293s
 11708  4664    0.45830   39 3127    0.46780    0.45573  2.58%   306  300s

Cutting planes:
  Gomory: 28
  Cover: 16
  Implied bound: 253
  Clique: 10
  MIR: 197
  Flow cover: 319
  GUB cover: 10
  Inf proof: 2
  Zero half: 303

Explored 11963 nodes (3716704 simplex iterations) in 300.02 seconds
Thread count was 8 (of 8 available processors)

Solution count 10: 0.467799 0.467799 0.467799 ... 0.519822

Time limit reached
Best objective 4.677986927257e-01, best bound 4.557848639684e-01, gap 2.5682%

Gurobi 8.1.1 (linux64) logging started Fri Apr 16 20:41:58 2021

Academic license - for non-commercial use only
Presolve added 12726 rows and 5677 columns
Presolve time: 0.18s
Optimize a model with 177 rows, 5138 columns and 5549 nonzeros
Model has 5044 general constraints
Variable types: 14 continuous, 5124 integer (4960 binary)
Coefficient statistics:
  Matrix range     [1e-07, 1e+00]
  Objective range  [1e+00, 1e+00]
  Bounds range     [3e-01, 4e+00]
  RHS range        [1e+00, 4e+00]
Presolve added 12726 rows and 5677 columns
Presolve time: 0.18s
Presolved: 12903 rows, 10815 columns, 42253 nonzeros
Variable types: 2 continuous, 10813 integer (7416 binary)
Found heuristic solution: objective 1.6633420
Found heuristic solution: objective 1.1567077
Found heuristic solution: objective 1.1518543
Found heuristic solution: objective 0.8583319

Root relaxation: objective 2.930916e-01, 6323 iterations, 0.79 seconds

    Nodes    |    Current Node    |     Objective Bounds      |     Work
 Expl Unexpl |  Obj  Depth IntInf | Incumbent    BestBd   Gap | It/Node Time

     0     0    0.29309    0 2301    0.85833    0.29309  65.9%     -    1s
H    0     0                       0.7080057    0.29309  58.6%     -    1s
H    0     0                       0.6928148    0.29310  57.7%     -    2s
H    0     0                       0.4930969    0.29310  40.6%     -    2s
     0     0    0.29337    0 2558    0.49310    0.29337  40.5%     -    2s
     0     0    0.29337    0 2413    0.49310    0.29337  40.5%     -    2s
H    0     0                       0.4930968    0.29337  40.5%     -    2s
     0     0    0.29380    0 1999    0.49310    0.29380  40.4%     -    2s
     0     0    0.29380    0 1967    0.49310    0.29380  40.4%     -    3s
     0     0    0.29387    0 2404    0.49310    0.29387  40.4%     -    4s
     0     0    0.29387    0 2493    0.49310    0.29387  40.4%     -    4s
H    0     0                       0.4829150    0.29387  39.1%     -    5s
     0     0    0.29400    0 3011    0.48291    0.29400  39.1%     -    5s
     0     0    0.29401    0 2965    0.48291    0.29401  39.1%     -    6s
H    0     0                       0.4797615    0.29401  38.7%     -    7s
     0     0    0.29404    0 3113    0.47976    0.29404  38.7%     -    7s
     0     0    0.29405    0 3360    0.47976    0.29405  38.7%     -    7s
     0     0    0.29406    0 3292    0.47976    0.29406  38.7%     -    8s
     0     0    0.29406    0 2998    0.47976    0.29406  38.7%     -    9s
     0     0    0.29407    0 3260    0.47976    0.29407  38.7%     -    9s
     0     0    0.29407    0 3307    0.47976    0.29407  38.7%     -   10s
H    0     0                       0.4797611    0.29407  38.7%     -   10s
     0     0    0.29413    0 2823    0.47976    0.29413  38.7%     -   10s
     0     0    0.29423    0 3020    0.47976    0.29423  38.7%     -   11s
H    0     0                       0.4758278    0.29423  38.2%     -   12s
H    0     0                       0.4689796    0.29423  37.3%     -   12s
     0     0    0.29428    0 3021    0.46898    0.29428  37.3%     -   12s
     0     0    0.29428    0 3071    0.46898    0.29428  37.3%     -   12s
     0     0    0.29428    0 3198    0.46898    0.29428  37.3%     -   13s
     0     0    0.29428    0 3169    0.46898    0.29428  37.3%     -   13s
     0     0    0.29428    0 2974    0.46898    0.29428  37.3%     -   14s
     0     0    0.29428    0 2783    0.46898    0.29428  37.3%     -   14s
     0     2    0.29428    0 2779    0.46898    0.29428  37.3%     -   15s
H   37    38                       0.4680563    0.29428  37.1%  1065   18s
    47    47    0.30043    6 2186    0.46806    0.29428  37.1%   962   20s
H  364   365                       0.4592872    0.29428  35.9%   355   24s
   368   368    0.32772   38 2285    0.45929    0.29428  35.9%   354   25s
   410   409    0.32772   41 2882    0.45929    0.29428  35.9%   338   34s
H  434   435                       0.4353022    0.29428  32.4%   328   34s
H  489   491                       0.4176054    0.29428  29.5%   313   48s
H  491   492                       0.4120317    0.29428  28.6%   313   48s
   685   670    0.34701   62 2557    0.41203    0.29428  28.6%   263   50s
  1081  1038    0.30021    6 3466    0.41203    0.29428  28.6%   240   56s
  1336  1266    0.31877   14 2805    0.41203    0.29428  28.6%   237   60s
  1525  1428    0.35377   43 3311    0.41203    0.29428  28.6%   229   66s
  1528  1430    0.34716   62 3395    0.41203    0.29428  28.6%   229   71s
  1530  1432    0.30124    7 3514    0.41203    0.29467  28.5%   228   75s
  1532  1433    0.31141   25 3351    0.41203    0.29569  28.2%   228   80s
  1536  1436    0.39774   96 3673    0.41203    0.30845  25.1%   227   86s
  1540  1438    0.32001   30 3984    0.41203    0.32001  22.3%   227   90s
  1543  1440    0.36250   67 4217    0.41203    0.32478  21.2%   226   95s
  1546  1442    0.33248   15 4269    0.41203    0.33248  19.3%   226  101s
  1548  1444    0.38640   85 4323    0.41203    0.33501  18.7%   226  105s
  1551  1446    0.33713    7 4377    0.41203    0.33713  18.2%   225  111s
  1553  1447    0.35172   63 4387    0.41203    0.33817  17.9%   225  115s
  1556  1449    0.33895   17 4339    0.41203    0.33895  17.7%   225  120s
  1561  1452    0.36824   37 4401    0.41203    0.33944  17.6%   224  125s
  1565  1455    0.33988   33 4371    0.41203    0.33988  17.5%   223  131s
  1568  1457    0.38718   62 4411    0.41203    0.34013  17.5%   223  135s
  1572  1460    0.34053   22 4272    0.41203    0.34053  17.4%   222  140s
  1576  1462    0.34448   37 4410    0.41203    0.34087  17.3%   222  145s
  1580  1465    0.37043   90 4454    0.41203    0.34108  17.2%   221  150s
  1584  1468    0.34675   53 4463    0.41203    0.34135  17.2%   221  156s
  1587  1470    0.34152   18 4434    0.41203    0.34152  17.1%   220  161s
  1590  1472    0.34177   11 4410    0.41203    0.34177  17.1%   220  165s
  1593  1474    0.41144  117 4449    0.41203    0.34189  17.0%   219  170s
  1596  1476    0.34258   33 4425    0.41203    0.34258  16.9%   219  175s
  1600  1478    0.39409  101 4484    0.41203    0.34286  16.8%   218  180s
  1604  1481    0.34370   18 4468    0.41203    0.34370  16.6%   218  186s
  1607  1483    0.40994   95 4516    0.41203    0.34389  16.5%   217  190s
  1610  1485    0.34397   19 4498    0.41203    0.34397  16.5%   217  195s
H 1613  1411                       0.4120112    0.34404  16.5%   217  200s
H 1614  1340                       0.4120111    0.34423  16.5%   216  201s
  1616  1341    0.34447    6 4493    0.41201    0.34447  16.4%   216  205s
  1620  1344    0.38670   85 4419    0.41201    0.34472  16.3%   216  211s
  1623  1346    0.40595   75 4546    0.41201    0.34484  16.3%   215  215s
  1626  1348    0.34861   40 4424    0.41201    0.34501  16.3%   215  220s
  1630  1350    0.34511    7 4484    0.41201    0.34511  16.2%   214  225s
  1634  1353    0.37778   86 4425    0.41201    0.34519  16.2%   214  230s
  1638  1356    0.34539   54 4186    0.41201    0.34539  16.2%   213  235s
  1641  1358    0.37960  100 4553    0.41201    0.34563  16.1%   213  240s
  1645  1360    0.35737   71 4559    0.41201    0.34566  16.1%   212  245s
  1649  1363    0.36949   48 4563    0.41201    0.34569  16.1%   212  250s
  1654  1366    0.34574   12 4540    0.41201    0.34574  16.1%   211  256s
  1657  1368    0.36048   65 4546    0.41201    0.34578  16.1%   211  260s
  1661  1371    0.36824   37 4552    0.41201    0.34579  16.1%   210  265s
  1667  1376    0.34579   23 3036    0.41201    0.34579  16.1%   300  271s
  1668  1377    0.38718   62 2659    0.41201    0.34579  16.1%   300  277s
  1669  1378    0.34579   31 4145    0.41201    0.34579  16.1%   300  281s
  1671  1379    0.36768   53 4403    0.41201    0.34579  16.1%   299  287s
  1673  1380    0.38833   78 4297    0.41201    0.34590  16.0%   299  291s
  1675  1382    0.34626   37 4424    0.41201    0.34626  16.0%   299  295s

Cutting planes:
  Gomory: 8
  Cover: 5
  Implied bound: 29
  Clique: 12
  MIR: 74
  StrongCG: 11
  Flow cover: 634
  GUB cover: 17
  Zero half: 283

Explored 1676 nodes (558430 simplex iterations) in 300.09 seconds
Thread count was 8 (of 8 available processors)

Solution count 10: 0.412011 0.412011 0.412032 ... 0.479761

Time limit reached
Best objective 4.120110825055e-01, best bound 3.466809157559e-01, gap 15.8564%

Gurobi 8.1.1 (linux64) logging started Fri Apr 16 20:46:58 2021

Academic license - for non-commercial use only
Presolve added 14753 rows and 5204 columns
Presolve time: 0.22s
Optimize a model with 179 rows, 7224 columns and 7717 nonzeros
Model has 7128 general constraints
Variable types: 16 continuous, 7208 integer (7044 binary)
Coefficient statistics:
  Matrix range     [1e-07, 1e+00]
  Objective range  [1e+00, 1e+00]
  Bounds range     [3e-01, 5e+00]
  RHS range        [1e+00, 5e+00]
Presolve added 14753 rows and 5204 columns
Presolve time: 0.22s
Presolved: 14932 rows, 12428 columns, 51535 nonzeros
Variable types: 2 continuous, 12426 integer (9029 binary)
Found heuristic solution: objective 1.6633424
Found heuristic solution: objective 1.4054112
Found heuristic solution: objective 1.1518542
Found heuristic solution: objective 0.8583319

Root relaxation: objective 2.442595e-01, 7558 iterations, 1.13 seconds

    Nodes    |    Current Node    |     Objective Bounds      |     Work
 Expl Unexpl |  Obj  Depth IntInf | Incumbent    BestBd   Gap | It/Node Time

     0     0    0.24426    0 1830    0.85833    0.24426  71.5%     -    1s
H    0     0                       0.6826112    0.24426  64.2%     -    1s
H    0     0                       0.6050342    0.24426  59.6%     -    2s
     0     0    0.24473    0 1905    0.60503    0.24473  59.6%     -    2s
H    0     0                       0.6022655    0.24473  59.4%     -    3s
H    0     0                       0.4768998    0.24473  48.7%     -    3s
     0     0    0.24473    0 1942    0.47690    0.24473  48.7%     -    3s
H    0     0                       0.4737404    0.24473  48.3%     -    4s
     0     0    0.24488    0 1988    0.47374    0.24488  48.3%     -    4s
     0     0    0.24488    0 2099    0.47374    0.24488  48.3%     -    4s
     0     0    0.24489    0 3412    0.47374    0.24489  48.3%     -    5s
H    0     0                       0.4565469    0.24489  46.4%     -    5s
     0     0    0.24489    0 3278    0.45655    0.24489  46.4%     -    5s
H    0     0                       0.4562472    0.24489  46.3%     -    6s
H    0     0                       0.4124590    0.24489  40.6%     -    6s
H    0     0                       0.4124512    0.24489  40.6%     -    6s
     0     0    0.24506    0 3392    0.41245    0.24506  40.6%     -    6s
     0     0    0.24510    0 3334    0.41245    0.24510  40.6%     -    7s
     0     0    0.24517    0 3267    0.41245    0.24517  40.6%     -    8s
     0     0    0.24517    0 3132    0.41245    0.24517  40.6%     -    8s
     0     0    0.24519    0 3181    0.41245    0.24519  40.6%     -    9s
H    0     0                       0.4124510    0.24519  40.6%     -    9s
     0     0    0.24525    0 3177    0.41245    0.24525  40.5%     -    9s
     0     0    0.24528    0 1826    0.41245    0.24528  40.5%     -   11s
     0     0    0.24532    0 1848    0.41245    0.24532  40.5%     -   12s
     0     0    0.24532    0 2156    0.41245    0.24532  40.5%     -   13s
     0     0    0.24532    0 2217    0.41245    0.24532  40.5%     -   14s
H    0     0                       0.4041668    0.24532  39.3%     -   15s
     0     0    0.24535    0 2332    0.40417    0.24535  39.3%     -   15s
H    0     0                       0.3977749    0.24535  38.3%     -   15s
     0     0    0.24535    0 2274    0.39777    0.24535  38.3%     -   15s
     0     0    0.24535    0 2390    0.39777    0.24535  38.3%     -   16s
     0     0    0.24535    0 2472    0.39777    0.24535  38.3%     -   16s
     0     0    0.24535    0 2652    0.39777    0.24535  38.3%     -   17s
     0     0    0.24535    0 2544    0.39777    0.24535  38.3%     -   17s
     0     2    0.24535    0 2541    0.39777    0.24535  38.3%     -   20s
    80    80    0.25177   10 2487    0.39777    0.24535  38.3%   644   25s
H  259   260                       0.3955496    0.24535  38.0%   397   28s
   307   308    0.27608   35 2193    0.39555    0.24535  38.0%   354   32s
H  322   323                       0.3838627    0.24535  36.1%   345   32s
   365   366    0.27920   41 3109    0.38386    0.24535  36.1%   322   44s
H  368   370                       0.3677168    0.24535  33.3%   320   44s
H  371   372                       0.3674921    0.24535  33.2%   319   44s
H  372   373                       0.3609574    0.24535  32.0%   319   44s
   373   374    0.27922   42 3143    0.36096    0.24535  32.0%   320   45s
   945   924    0.32842  101 1023    0.36096    0.24535  32.0%   231   50s
  1467  1417    0.26780   28 2104    0.36096    0.24535  32.0%   220   55s
  1559  1498    0.29647   54 2113    0.36096    0.24535  32.0%   217   63s
  1560  1499    0.25674   16 2914    0.36096    0.24535  32.0%   217   65s
  1562  1500    0.30545   53 3402    0.36096    0.24535  32.0%   216   70s
  1564  1502    0.30038   31 3568    0.36096    0.24535  32.0%   216   77s
  1565  1502    0.25132   17 3688    0.36096    0.24535  32.0%   216   80s
  1567  1504    0.25127   15 3700    0.36096    0.24566  31.9%   216   88s
  1568  1504    0.34686   86 3382    0.36096    0.24593  31.9%   216   91s
  1570  1506    0.33380   65 3602    0.36096    0.24616  31.8%   215   98s
  1571  1506    0.25679   22 3705    0.36096    0.24621  31.8%   215  101s
  1573  1508    0.27982   32 3717    0.36096    0.24634  31.8%   215  107s
  1574  1508    0.31626   55 3699    0.36096    0.24711  31.5%   215  110s
  1577  1510    0.30981   43 3654    0.36096    0.24836  31.2%   214  115s
  1582  1514    0.27402   20 3953    0.36096    0.25597  29.1%   214  121s
  1585  1516    0.26211   60 4036    0.36096    0.25926  28.2%   213  126s
  1588  1518    0.27524   44 3919    0.36096    0.26283  27.2%   213  131s
  1591  1520    0.27056   25 4165    0.36096    0.26464  26.7%   213  135s
  1595  1522    0.31674   41 4272    0.36096    0.26697  26.0%   212  140s
  1599  1525    0.33335   98 4187    0.36096    0.26891  25.5%   211  145s
  1603  1528    0.27173   18 4207    0.36096    0.27001  25.2%   211  150s
  1607  1530    0.30125   32 4260    0.36096    0.27125  24.9%   210  155s
  1611  1533    0.31674   42 4320    0.36096    0.27238  24.5%   210  160s
  1614  1535    0.34425  111 4271    0.36096    0.27300  24.4%   209  165s
  1618  1538    0.27328    7 4323    0.36096    0.27328  24.3%   209  171s
  1621  1540    0.28887   55 4236    0.36096    0.27366  24.2%   209  175s
  1624  1542    0.32266   65 4372    0.36096    0.27402  24.1%   208  180s
  1626  1543    0.33545  116 4366    0.36096    0.27430  24.0%   208  185s
  1629  1545    0.35516  130 4395    0.36096    0.27467  23.9%   208  190s
  1633  1548    0.34478   83 4426    0.36096    0.27505  23.8%   207  195s
  1637  1550    0.27553   16 4436    0.36096    0.27553  23.7%   207  201s
  1640  1552    0.27591   35 4416    0.36096    0.27591  23.6%   206  205s
  1644  1555    0.35366   86 4425    0.36096    0.27612  23.5%   206  211s
H 1645  1476                       0.3609572    0.27614  23.5%   206  214s
  1647  1477    0.27623    7 4442    0.36096    0.27623  23.5%   205  215s
  1651  1480    0.32798   99 4462    0.36096    0.27643  23.4%   205  221s
H 1653  1406                       0.3609571    0.27648  23.4%   205  224s
  1655  1407    0.29604   33 4494    0.36096    0.27655  23.4%   204  226s
  1659  1410    0.29647   54 4342    0.36096    0.27665  23.4%   204  231s
  1662  1412    0.30545   53 4438    0.36096    0.27676  23.3%   203  236s
  1665  1414    0.27682   17 4459    0.36096    0.27682  23.3%   203  240s
  1670  1417    0.33380   65 4450    0.36096    0.27696  23.3%   202  245s
  1674  1420    0.31626   55 4413    0.36096    0.27708  23.2%   202  250s
  1678  1423    0.30493   73 4458    0.36096    0.27723  23.2%   202  256s
  1681  1425    0.27727    6 4420    0.36096    0.27727  23.2%   201  260s
  1684  1427    0.30324   59 4426    0.36096    0.27761  23.1%   201  266s
  1688  1429    0.27783   44 4452    0.36096    0.27783  23.0%   200  270s
  1692  1432    0.27806    5 4462    0.36096    0.27806  23.0%   200  275s
  1694  1433    0.32427  103 4274    0.36096    0.27812  22.9%   200  285s
  1696  1435    0.27856   41 4310    0.36096    0.27818  22.9%   199  296s

Cutting planes:
  Gomory: 4
  Cover: 12
  Implied bound: 19
  Clique: 4
  MIR: 47
  Flow cover: 571
  GUB cover: 32
  Zero half: 261

Explored 1696 nodes (553178 simplex iterations) in 300.06 seconds
Thread count was 8 (of 8 available processors)

Solution count 10: 0.360957 0.360957 0.360957 ... 0.412451

Time limit reached
Best objective 3.609570764625e-01, best bound 2.781791146268e-01, gap 22.9329%

Gurobi 8.1.1 (linux64) logging started Fri Apr 16 20:51:59 2021

Academic license - for non-commercial use only
Presolve added 17037 rows and 4629 columns
Presolve time: 0.30s
Optimize a model with 181 rows, 9674 columns and 10249 nonzeros
Model has 9576 general constraints
Variable types: 18 continuous, 9656 integer (9492 binary)
Coefficient statistics:
  Matrix range     [1e-07, 1e+00]
  Objective range  [1e+00, 1e+00]
  Bounds range     [3e-01, 6e+00]
  RHS range        [1e+00, 6e+00]
Presolve added 17037 rows and 4629 columns
Presolve time: 0.29s
Presolved: 17218 rows, 14303 columns, 62691 nonzeros
Variable types: 2 continuous, 14301 integer (10904 binary)
Found heuristic solution: objective 1.6093101
Found heuristic solution: objective 1.1085051
Found heuristic solution: objective 0.8583319

Root relaxation: objective 2.093791e-01, 7403 iterations, 0.90 seconds

    Nodes    |    Current Node    |     Objective Bounds      |     Work
 Expl Unexpl |  Obj  Depth IntInf | Incumbent    BestBd   Gap | It/Node Time

     0     0    0.20938    0 1446    0.85833    0.20938  75.6%     -    1s
H    0     0                       0.6176058    0.20938  66.1%     -    1s
H    0     0                       0.5583753    0.20938  62.5%     -    2s
H    0     0                       0.4933637    0.20938  57.6%     -    2s
H    0     0                       0.4876455    0.20938  57.1%     -    2s
     0     0    0.20966    0 1801    0.48765    0.20966  57.0%     -    3s
     0     0    0.20966    0 1743    0.48765    0.20966  57.0%     -    3s
     0     0    0.21001    0 2046    0.48765    0.21001  56.9%     -    4s
H    0     0                       0.4645690    0.21001  54.8%     -    4s
     0     0    0.21001    0 2038    0.46457    0.21001  54.8%     -    4s
H    0     0                       0.4578345    0.21001  54.1%     -    6s
H    0     0                       0.4512928    0.21001  53.5%     -    6s
     0     0    0.21001    0 2125    0.45129    0.21001  53.5%     -    6s
     0     0    0.21001    0 2017    0.45129    0.21001  53.5%     -    6s
H    0     0                       0.4430107    0.21001  52.6%     -    7s
     0     0    0.21001    0 2263    0.44301    0.21001  52.6%     -    8s
H    0     0                       0.4279822    0.21001  50.9%     -    8s
H    0     0                       0.4247863    0.21001  50.6%     -    8s
     0     0    0.21001    0 2055    0.42479    0.21001  50.6%     -    8s
H    0     0                       0.4157609    0.21001  49.5%     -    9s
     0     0    0.21026    0 2382    0.41576    0.21026  49.4%     -    9s
     0     0    0.21027    0 2541    0.41576    0.21027  49.4%     -   10s
H    0     0                       0.4088537    0.21027  48.6%     -   11s
     0     0    0.21034    0 2503    0.40885    0.21034  48.6%     -   11s
     0     0    0.21034    0 2466    0.40885    0.21034  48.6%     -   12s
     0     0    0.21047    0 2085    0.40885    0.21047  48.5%     -   13s
H    0     0                       0.4079307    0.21047  48.4%     -   13s
     0     0    0.21047    0 2146    0.40793    0.21047  48.4%     -   14s
H    0     0                       0.3966658    0.21047  46.9%     -   15s
     0     0    0.21047    0 2291    0.39667    0.21047  46.9%     -   15s
H    0     0                       0.3889792    0.21047  45.9%     -   16s
     0     0    0.21047    0 2560    0.38898    0.21047  45.9%     -   16s
     0     0    0.21047    0 2310    0.38898    0.21047  45.9%     -   17s
H    0     0                       0.3880562    0.21047  45.8%     -   19s
     0     0    0.21047    0 2493    0.38806    0.21047  45.8%     -   19s
     0     0    0.21048    0 2411    0.38806    0.21048  45.8%     -   20s
H    0     0                       0.3852921    0.21048  45.4%     -   21s
     0     0    0.21048    0 2517    0.38529    0.21048  45.4%     -   21s
     0     0    0.21048    0 2622    0.38529    0.21048  45.4%     -   21s
     0     0    0.21049    0 2454    0.38529    0.21049  45.4%     -   22s
     0     0    0.21049    0 2457    0.38529    0.21049  45.4%     -   23s
     0     0    0.21049    0 2584    0.38529    0.21049  45.4%     -   23s
     0     0    0.21050    0 3020    0.38529    0.21050  45.4%     -   24s
     0     0    0.21050    0 2991    0.38529    0.21050  45.4%     -   24s
     0     0    0.21050    0 2969    0.38529    0.21050  45.4%     -   26s
     0     0    0.21050    0 2942    0.38529    0.21050  45.4%     -   26s
     0     2    0.21050    0 2942    0.38529    0.21050  45.4%     -   27s
    39    41    0.21532    7 3130    0.38529    0.21050  45.4%   979   30s
H  128   129                       0.3763369    0.21050  44.1%   573   33s
H  172   168                       0.3730282    0.21050  43.6%   496   33s
H  180   179                       0.3683374    0.21050  42.9%   481   33s
   259   254    0.22316   25 2814    0.36834    0.21050  42.9%   394   35s
H  272   273                       0.3559756    0.21050  40.9%   386   35s
   304   305    0.22553   27 2550    0.35598    0.21050  40.9%   368   41s
H  305   305                       0.3554016    0.21050  40.8%   367   41s
H  310   311                       0.3530879    0.21050  40.4%   366   41s
   609   607    0.25754   69 1864    0.35309    0.21050  40.4%   279   45s
  1198  1192    0.30721  130 1016    0.35309    0.21050  40.4%   215   50s
  1380  1365    0.32646  152  675    0.35309    0.21050  40.4%   204   74s
H 1381  1339                       0.3455522    0.21050  39.1%   204   74s
H 1384  1336                       0.3410231    0.21050  38.3%   204   74s
  1388  1339    0.32648  153  556    0.34102    0.21050  38.3%   204   75s
  1777  1667    0.24970   24 2942    0.34102    0.21050  38.3%   202   81s
  1779  1668    0.26416   77 3114    0.34102    0.21050  38.3%   201   87s
  1780  1669    0.24455   38 3475    0.34102    0.21050  38.3%   201   91s
  1782  1670    0.24520   48 3131    0.34102    0.21050  38.3%   201   99s
  1783  1671    0.28066   67 3290    0.34102    0.21050  38.3%   201  103s
  1784  1672    0.27196   65 3565    0.34102    0.21070  38.2%   201  108s
  1785  1672    0.24881   30 3643    0.34102    0.21078  38.2%   201  111s
  1786  1673    0.25600   35 3816    0.34102    0.21086  38.2%   201  115s
  1788  1674    0.28911  102 3856    0.34102    0.21140  38.0%   200  147s
  1789  1675    0.32804  156 3742    0.34102    0.21141  38.0%   200  180s
  1790  1676    0.28066   67 3824    0.34102    0.21148  38.0%   200  192s
  1791  1676    0.25673   47 3820    0.34102    0.21150  38.0%   200  218s
H 1791  1591                       0.3401001    0.21150  37.8%   200  224s
  1792  1592    0.28295   96 3778    0.34010    0.21163  37.8%   200  225s
  1793  1593    0.26523   66 3794    0.34010    0.21201  37.7%   200  241s
  1794  1593    0.31336  101 3749    0.34010    0.21201  37.7%   200  270s
  1795  1594    0.25120   59 3734    0.34010    0.21204  37.7%   200  282s
  1796  1595    0.29766   51 3733    0.34010    0.21208  37.6%   200  295s

Cutting planes:
  Gomory: 6
  Cover: 25
  Implied bound: 149
  Clique: 42
  MIR: 301
  StrongCG: 21
  Flow cover: 313
  GUB cover: 40
  Zero half: 69

Explored 1796 nodes (480077 simplex iterations) in 300.15 seconds
Thread count was 8 (of 8 available processors)

Solution count 10: 0.3401 0.341023 0.345552 ... 0.385292

Time limit reached
Best objective 3.401000797371e-01, best bound 2.121032611097e-01, gap 37.6350%

Gurobi 8.1.1 (linux64) logging started Fri Apr 16 20:56:59 2021

Academic license - for non-commercial use only
Presolve added 19440 rows and 3838 columns
Presolve time: 0.34s
Optimize a model with 183 rows, 12488 columns and 13145 nonzeros
Model has 12388 general constraints
Variable types: 20 continuous, 12468 integer (12304 binary)
Coefficient statistics:
  Matrix range     [1e-07, 1e+00]
  Objective range  [1e+00, 1e+00]
  Bounds range     [3e-01, 7e+00]
  RHS range        [1e+00, 7e+00]
Presolve added 19440 rows and 3838 columns
Presolve time: 0.34s
Presolved: 19623 rows, 16326 columns, 63994 nonzeros
Variable types: 2 continuous, 16324 integer (12927 binary)
Found heuristic solution: objective 1.6001502

Root relaxation: objective 1.832189e-01, 5195 iterations, 0.69 seconds

    Nodes    |    Current Node    |     Objective Bounds      |     Work
 Expl Unexpl |  Obj  Depth IntInf | Incumbent    BestBd   Gap | It/Node Time

     0     0    0.18322    0 2123    1.60015    0.18322  88.5%     -    2s
H    0     0                       0.7914013    0.18322  76.8%     -    2s
     0     0    0.18351    0 2796    0.79140    0.18351  76.8%     -    3s
     0     0    0.18351    0 2729    0.79140    0.18351  76.8%     -    3s
H    0     0                       0.4317646    0.18351  57.5%     -    4s
     0     0    0.18385    0 2246    0.43176    0.18385  57.4%     -    4s
     0     0    0.18385    0 1764    0.43176    0.18385  57.4%     -    4s
     0     0    0.18385    0 1888    0.43176    0.18385  57.4%     -    5s
     0     0    0.18385    0 1751    0.43176    0.18385  57.4%     -    6s
H    0     0                       0.3992097    0.18385  53.9%     -    7s
H    0     0                       0.3960138    0.18385  53.6%     -    7s
     0     0    0.18385    0 2336    0.39601    0.18385  53.6%     -    7s
     0     0    0.18385    0 2294    0.39601    0.18385  53.6%     -    7s
H    0     0                       0.3944169    0.18385  53.4%     -    7s
H    0     0                       0.3914881    0.18385  53.0%     -    8s
H    0     0                       0.3895058    0.18385  52.8%     -    8s
     0     0    0.18385    0 2971    0.38951    0.18385  52.8%     -    9s
     0     0    0.18385    0 2991    0.38951    0.18385  52.8%     -    9s
     0     0    0.18385    0 3442    0.38951    0.18385  52.8%     -   10s
H    0     0                       0.3824325    0.18385  51.9%     -   10s
     0     0    0.18385    0 3541    0.38243    0.18385  51.9%     -   10s
     0     0    0.18402    0 3127    0.38243    0.18402  51.9%     -   12s
     0     0    0.18403    0 2991    0.38243    0.18403  51.9%     -   13s
     0     0    0.18403    0 2891    0.38243    0.18403  51.9%     -   14s
     0     0    0.18403    0 2897    0.38243    0.18403  51.9%     -   15s
     0     0    0.18408    0 2947    0.38243    0.18408  51.9%     -   16s
H    0     0                       0.3813990    0.18408  51.7%     -   16s
H    0     0                       0.3748377    0.18408  50.9%     -   16s
     0     0    0.18408    0 2709    0.37484    0.18408  50.9%     -   16s
     0     0    0.18419    0 3058    0.37484    0.18419  50.9%     -   18s
     0     0    0.18419    0 3064    0.37484    0.18419  50.9%     -   19s
     0     0    0.18426    0 3016    0.37484    0.18426  50.8%     -   20s
     0     0    0.18426    0 2874    0.37484    0.18426  50.8%     -   21s
     0     0    0.18429    0 2796    0.37484    0.18429  50.8%     -   22s
     0     0    0.18429    0 2795    0.37484    0.18429  50.8%     -   22s
     0     0    0.18429    0 2828    0.37484    0.18429  50.8%     -   23s
     0     0    0.18429    0 2742    0.37484    0.18429  50.8%     -   24s
H    0     0                       0.3704541    0.18429  50.3%     -   25s
     0     0    0.18429    0 2834    0.37045    0.18429  50.3%     -   25s
     0     0    0.18429    0 2640    0.37045    0.18429  50.3%     -   25s
     0     2    0.18429    0 2636    0.37045    0.18429  50.3%     -   26s
    23    32    0.18429    5 2237    0.37045    0.18429  50.3%  1217   31s
H   33    36                       0.3701801    0.18429  50.2%  1200   32s
    83    70    0.19367    9 2734    0.37018    0.18429  50.2%   799   35s
H  218   197                       0.3689086    0.18429  50.0%   598   38s
H  235   214                       0.3665676    0.18429  49.7%   586   38s
   271   253    0.23019   25 2199    0.36657    0.18429  49.7%   547   41s
H  273   254                       0.3617927    0.18429  49.1%   546   41s
   304   283    0.24000   29 2328    0.36179    0.18429  49.1%   526   51s
H  305   283                       0.3491113    0.18429  47.2%   525   51s
H  317   295                       0.3420004    0.18429  46.1%   513   51s
   592   544    0.26157   60 1416    0.34200    0.18429  46.1%   373   55s
  1143  1072    0.33122  139  674    0.34200    0.18429  46.1%   277   60s
  1655  1535    0.31994  108 2640    0.34200    0.18429  46.1%   244   67s
  1657  1536    0.33381  147 2970    0.34200    0.18429  46.1%   244   73s
  1658  1537    0.26696   66 3422    0.34200    0.18429  46.1%   244   80s
  1660  1538    0.20784   18 3798    0.34200    0.18429  46.1%   243   88s
  1661  1539    0.19013   11 3780    0.34200    0.18432  46.1%   243   92s
  1662  1540    0.32490  161 3786    0.34200    0.18432  46.1%   243  100s
  1664  1541    0.23445   22 3887    0.34200    0.18432  46.1%   243  109s
  1665  1542    0.23155   32 3885    0.34200    0.18432  46.1%   243  113s
  1666  1542    0.20140   10 3593    0.34200    0.18432  46.1%   243  117s
  1667  1543    0.27028   78 3590    0.34200    0.18432  46.1%   242  121s
  1669  1544    0.22277   27 3675    0.34200    0.18432  46.1%   242  125s
  1671  1546    0.19317    7 3382    0.34200    0.18439  46.1%   242  133s
  1672  1546    0.24186   42 3757    0.34200    0.18459  46.0%   242  191s
  1673  1547    0.23895   78 3723    0.34200    0.18459  46.0%   242  223s
H 1673  1469                       0.3416527    0.18459  46.0%   242  229s
  1674  1470    0.28618   73 3834    0.34165    0.18459  46.0%   241  231s
  1675  1470    0.32923  133 3786    0.34165    0.18462  46.0%   241  272s

Cutting planes:
  Gomory: 5
  Cover: 28
  Implied bound: 231
  Clique: 8
  MIR: 240
  StrongCG: 12
  Flow cover: 303
  GUB cover: 102
  Zero half: 167

Explored 1675 nodes (535397 simplex iterations) in 300.10 seconds
Thread count was 8 (of 8 available processors)

Solution count 10: 0.341653 0.342 0.349111 ... 0.381399

Time limit reached
Best objective 3.416526984319e-01, best bound 1.846533620485e-01, gap 45.9529%
