
Gurobi 8.1.1 (linux64) logging started Fri Apr 16 19:14:16 2021

Academic license - for non-commercial use only

Gurobi 8.1.1 (linux64) logging started Fri Apr 16 19:45:16 2021

Academic license - for non-commercial use only
Presolve added 1404 rows and 0 columns
Presolve removed 0 rows and 242 columns
Presolve time: 0.02s
Optimize a model with 262 rows, 904 columns and 1159 nonzeros
Model has 559 general constraints
Variable types: 54 continuous, 850 integer (802 binary)
Coefficient statistics:
  Matrix range     [1e-07, 1e+00]
  Objective range  [1e+00, 1e+00]
  Bounds range     [1e+00, 8e+01]
  RHS range        [1e+00, 2e+01]
Presolve added 1404 rows and 0 columns
Presolve removed 0 rows and 242 columns
Presolve time: 0.02s
Presolved: 1666 rows, 662 columns, 5367 nonzeros
Presolved model has 42 SOS constraint(s)
Variable types: 44 continuous, 618 integer (618 binary)

Root relaxation: objective 2.422054e-01, 744 iterations, 0.02 seconds

    Nodes    |    Current Node    |     Objective Bounds      |     Work
 Expl Unexpl |  Obj  Depth IntInf | Incumbent    BestBd   Gap | It/Node Time

     0     0    0.24221    0   97          -    0.24221      -     -    0s
H    0     0                       0.5950434    0.24221  59.3%     -    0s
H    0     0                       0.5216895    0.24221  53.6%     -    0s
     0     0    0.27622    0  111    0.52169    0.27622  47.1%     -    0s
H    0     0                       0.3839647    0.27622  28.1%     -    0s
     0     0    0.31070    0  152    0.38396    0.31070  19.1%     -    0s
H    0     0                       0.3785017    0.31070  17.9%     -    0s
     0     0    0.31173    0  175    0.37850    0.31173  17.6%     -    0s
H    0     0                       0.3463044    0.31173  10.0%     -    0s
H    0     0                       0.3461334    0.31173  9.94%     -    0s
     0     0    0.34299    0  138    0.34613    0.34299  0.91%     -    0s
H    0     0                       0.3461327    0.34299  0.91%     -    0s
     0     0    0.34299    0  138    0.34613    0.34299  0.91%     -    0s
     0     0    0.34299    0  152    0.34613    0.34299  0.91%     -    0s
     0     0    0.34299    0  146    0.34613    0.34299  0.91%     -    0s
     0     0    0.34299    0  158    0.34613    0.34299  0.91%     -    0s
     0     0    0.34299    0  155    0.34613    0.34299  0.91%     -    0s
     0     0    0.34299    0   56    0.34613    0.34299  0.91%     -    0s
     0     0    0.34299    0   46    0.34613    0.34299  0.91%     -    0s
     0     0    0.34299    0   60    0.34613    0.34299  0.91%     -    0s
     0     0    0.34299    0   51    0.34613    0.34299  0.91%     -    0s
     0     0    0.34299    0   51    0.34613    0.34299  0.91%     -    0s
     0     0    0.34299    0   47    0.34613    0.34299  0.91%     -    0s
     0     0    0.34299    0   57    0.34613    0.34299  0.91%     -    0s
     0     0    0.34299    0   57    0.34613    0.34299  0.91%     -    0s
     0     0    0.34299    0   43    0.34613    0.34299  0.91%     -    0s
     0     0    0.34299    0   43    0.34613    0.34299  0.91%     -    0s
     0     0    0.34299    0   47    0.34613    0.34299  0.91%     -    0s
     0     0    0.34299    0   43    0.34613    0.34299  0.91%     -    0s
     0     0    0.34299    0   17    0.34613    0.34299  0.91%     -    0s
     0     0    0.34299    0   17    0.34613    0.34299  0.91%     -    0s

Cutting planes:
  Clique: 3
  MIR: 4

Explored 1 nodes (1577 simplex iterations) in 0.26 seconds
Thread count was 8 (of 8 available processors)

Solution count 7: 0.346133 0.346133 0.346304 ... 0.595043

Optimal solution found (tolerance 1.00e-04)
Best objective 3.461327327341e-01, best bound 3.461327327341e-01, gap 0.0000%

Gurobi 8.1.1 (linux64) logging started Fri Apr 16 19:45:17 2021

Academic license - for non-commercial use only
Presolve added 1956 rows and 0 columns
Presolve removed 0 rows and 251 columns
Presolve time: 0.02s
Optimize a model with 266 rows, 1341 columns and 1685 nonzeros
Model has 949 general constraints
Variable types: 56 continuous, 1285 integer (1236 binary)
Coefficient statistics:
  Matrix range     [1e-07, 1e+00]
  Objective range  [1e+00, 1e+00]
  Bounds range     [1e+00, 8e+01]
  RHS range        [1e+00, 2e+01]
Presolve added 1956 rows and 0 columns
Presolve removed 0 rows and 251 columns
Presolve time: 0.02s
Presolved: 2222 rows, 1090 columns, 6248 nonzeros
Presolved model has 42 SOS constraint(s)
Variable types: 45 continuous, 1045 integer (1045 binary)

Root relaxation: objective 1.794517e-01, 1588 iterations, 0.04 seconds

    Nodes    |    Current Node    |     Objective Bounds      |     Work
 Expl Unexpl |  Obj  Depth IntInf | Incumbent    BestBd   Gap | It/Node Time

     0     0    0.17945    0  163          -    0.17945      -     -    0s
     0     0    0.18875    0  171          -    0.18875      -     -    0s
H    0     0                       0.4024972    0.18875  53.1%     -    0s
H    0     0                       0.3513875    0.18875  46.3%     -    0s
H    0     0                       0.3461635    0.18875  45.5%     -    0s
H    0     0                       0.3373791    0.18875  44.1%     -    0s
     0     0    0.19854    0  202    0.33738    0.19854  41.2%     -    0s
     0     0    0.20752    0  202    0.33738    0.20752  38.5%     -    0s
H    0     0                       0.3356636    0.20752  38.2%     -    0s
     0     0    0.20815    0  214    0.33566    0.20815  38.0%     -    0s
H    0     0                       0.3355983    0.20815  38.0%     -    0s
H    0     0                       0.3350025    0.20815  37.9%     -    0s
     0     0    0.21243    0  264    0.33500    0.21243  36.6%     -    0s
     0     0    0.21270    0  284    0.33500    0.21270  36.5%     -    0s
     0     0    0.21466    0  302    0.33500    0.21466  35.9%     -    0s
H    0     0                       0.3288702    0.21466  34.7%     -    0s
H    0     0                       0.3288698    0.21466  34.7%     -    0s
     0     0    0.21494    0  308    0.32887    0.21494  34.6%     -    0s
     0     0    0.21768    0  303    0.32887    0.21768  33.8%     -    0s
     0     0    0.21770    0  309    0.32887    0.21770  33.8%     -    0s
H    0     0                       0.3156199    0.21770  31.0%     -    0s
     0     0    0.22218    0  315    0.31562    0.22218  29.6%     -    0s
H    0     0                       0.2863631    0.22218  22.4%     -    0s
H    0     0                       0.2863628    0.22218  22.4%     -    0s
     0     0    0.22502    0  295    0.28636    0.22502  21.4%     -    0s
H    0     0                       0.2842609    0.22502  20.8%     -    0s
     0     0    0.22805    0  281    0.28426    0.22805  19.8%     -    0s
     0     0    0.23037    0  277    0.28426    0.23037  19.0%     -    0s
     0     0    0.23400    0  288    0.28426    0.23400  17.7%     -    0s
     0     0    0.23406    0  299    0.28426    0.23406  17.7%     -    0s
     0     0    0.23510    0  291    0.28426    0.23510  17.3%     -    0s
     0     0    0.23537    0  301    0.28426    0.23537  17.2%     -    0s
     0     0    0.23587    0  312    0.28426    0.23587  17.0%     -    0s
H    0     0                       0.2804324    0.23587  15.9%     -    0s
     0     0    0.23591    0  306    0.28043    0.23591  15.9%     -    0s
     0     0    0.23591    0  318    0.28043    0.23591  15.9%     -    0s
     0     0    0.23591    0  312    0.28043    0.23591  15.9%     -    0s
     0     2    0.23591    0  312    0.28043    0.23591  15.9%     -    0s
H   31    23                       0.2741921    0.25004  8.81%   100    0s
H   62    46                       0.2666291    0.25358  4.89%  68.1    0s
H   72    53                       0.2594848    0.25358  2.27%  66.4    0s
H  122    39                       0.2594836    0.25359  2.27%  53.9    0s
H  123    38                       0.2593213    0.25359  2.21%  54.0    0s
H  175    42                       0.2592914    0.25359  2.20%  50.1    0s
H  187    42                       0.2592906    0.25378  2.12%  48.4    0s
H  208    38                       0.2586837    0.25379  1.89%  47.0    0s
H  248    37                       0.2584910    0.25379  1.82%  44.3    0s
H  290    31                       0.2584906    0.25505  1.33%  42.9    0s

Cutting planes:
  Gomory: 1
  Implied bound: 140
  Clique: 49
  MIR: 111
  Zero half: 42

Explored 381 nodes (19947 simplex iterations) in 0.75 seconds
Thread count was 8 (of 8 available processors)

Solution count 10: 0.258491 0.258491 0.258684 ... 0.274192

Optimal solution found (tolerance 1.00e-04)
Best objective 2.584906073338e-01, best bound 2.584906073338e-01, gap 0.0000%

Gurobi 8.1.1 (linux64) logging started Fri Apr 16 19:45:18 2021

Academic license - for non-commercial use only
Presolve added 2578 rows and 0 columns
Presolve removed 0 rows and 333 columns
Presolve time: 0.02s
Optimize a model with 270 rows, 1934 columns and 2367 nonzeros
Model has 1495 general constraints
Variable types: 58 continuous, 1876 integer (1826 binary)
Coefficient statistics:
  Matrix range     [1e-07, 1e+00]
  Objective range  [1e+00, 1e+00]
  Bounds range     [1e+00, 8e+01]
  RHS range        [1e+00, 2e+01]
Presolve added 2578 rows and 0 columns
Presolve removed 0 rows and 333 columns
Presolve time: 0.02s
Presolved: 2848 rows, 1601 columns, 8171 nonzeros
Presolved model has 42 SOS constraint(s)
Variable types: 45 continuous, 1556 integer (1556 binary)

Root relaxation: objective 1.437704e-01, 1507 iterations, 0.06 seconds

    Nodes    |    Current Node    |     Objective Bounds      |     Work
 Expl Unexpl |  Obj  Depth IntInf | Incumbent    BestBd   Gap | It/Node Time

     0     0    0.14377    0  196          -    0.14377      -     -    0s
H    0     0                       0.3892761    0.14377  63.1%     -    0s
H    0     0                       0.2763654    0.14377  48.0%     -    0s
H    0     0                       0.2726262    0.14377  47.3%     -    0s
     0     0    0.16797    0  192    0.27263    0.16797  38.4%     -    0s
     0     0    0.16824    0  185    0.27263    0.16824  38.3%     -    0s
     0     0    0.16985    0  248    0.27263    0.16985  37.7%     -    0s
     0     0    0.17028    0  230    0.27263    0.17028  37.5%     -    0s
H    0     0                       0.2705462    0.17028  37.1%     -    0s
     0     0    0.17098    0  236    0.27055    0.17098  36.8%     -    0s
     0     0    0.17177    0  243    0.27055    0.17177  36.5%     -    0s
     0     0    0.17289    0  237    0.27055    0.17289  36.1%     -    0s
     0     0    0.17293    0  228    0.27055    0.17293  36.1%     -    0s
H    0     0                       0.2545573    0.17293  32.1%     -    0s
H    0     0                       0.2520667    0.17293  31.4%     -    0s
H    0     0                       0.2520659    0.17293  31.4%     -    0s
     0     0    0.17625    0  233    0.25207    0.17625  30.1%     -    0s
     0     0    0.17639    0  254    0.25207    0.17639  30.0%     -    0s
H    0     0                       0.2423273    0.17639  27.2%     -    0s
H    0     0                       0.2244479    0.17639  21.4%     -    0s
     0     0    0.17711    0  255    0.22445    0.17711  21.1%     -    0s
     0     0    0.17778    0  260    0.22445    0.17778  20.8%     -    0s
     0     0    0.17959    0  310    0.22445    0.17959  20.0%     -    0s
     0     0    0.17965    0  309    0.22445    0.17965  20.0%     -    0s
     0     0    0.18021    0  300    0.22445    0.18021  19.7%     -    0s
     0     0    0.18032    0  319    0.22445    0.18032  19.7%     -    0s
     0     0    0.18068    0  324    0.22445    0.18068  19.5%     -    0s
     0     0    0.18068    0  333    0.22445    0.18068  19.5%     -    0s
     0     0    0.18072    0  333    0.22445    0.18072  19.5%     -    0s
     0     0    0.18072    0  329    0.22445    0.18072  19.5%     -    0s
     0     2    0.18072    0  328    0.22445    0.18072  19.5%     -    0s
H   75    47                       0.2237884    0.19133  14.5%   149    0s
H   78    47                       0.2168648    0.19133  11.8%   146    0s
H   82    49                       0.2139538    0.19133  10.6%   147    0s
H   85    51                       0.2136882    0.19133  10.5%   149    0s
H  124    74                       0.2106076    0.19133  9.15%   126    1s
H  127    72                       0.2073651    0.19133  7.73%   125    1s
H  167    80                       0.2063705    0.19301  6.48%   113    1s
H  168    70                       0.2042659    0.19301  5.51%   112    1s
H  341   134                       0.2040696    0.19582  4.04%  86.5    1s
H  432   163                       0.2040691    0.19591  4.00%  84.7    1s
H  439   163                       0.2035808    0.19591  3.77%  84.4    1s
H 1036   328                       0.2035805    0.19761  2.93%  75.6    1s

Cutting planes:
  Gomory: 8
  Cover: 18
  Implied bound: 290
  Clique: 61
  MIR: 138
  Inf proof: 6
  Zero half: 69

Explored 6253 nodes (460668 simplex iterations) in 4.69 seconds
Thread count was 8 (of 8 available processors)

Solution count 10: 0.20358 0.203581 0.204069 ... 0.213954

Optimal solution found (tolerance 1.00e-04)
Best objective 2.035804942666e-01, best bound 2.035804942666e-01, gap 0.0000%

Gurobi 8.1.1 (linux64) logging started Fri Apr 16 19:45:23 2021

Academic license - for non-commercial use only
Presolve added 3328 rows and 0 columns
Presolve removed 0 rows and 443 columns
Presolve time: 0.02s
Optimize a model with 274 rows, 2683 columns and 3205 nonzeros
Model has 2197 general constraints
Variable types: 60 continuous, 2623 integer (2572 binary)
Coefficient statistics:
  Matrix range     [1e-07, 1e+00]
  Objective range  [1e+00, 1e+00]
  Bounds range     [1e+00, 8e+01]
  RHS range        [1e+00, 2e+01]
Presolve added 3328 rows and 0 columns
Presolve removed 0 rows and 443 columns
Presolve time: 0.02s
Presolved: 3602 rows, 2240 columns, 10480 nonzeros
Presolved model has 42 SOS constraint(s)
Variable types: 45 continuous, 2195 integer (2195 binary)

Root relaxation: objective 1.199400e-01, 1686 iterations, 0.05 seconds

    Nodes    |    Current Node    |     Objective Bounds      |     Work
 Expl Unexpl |  Obj  Depth IntInf | Incumbent    BestBd   Gap | It/Node Time

     0     0    0.11994    0  186          -    0.11994      -     -    0s
H    0     0                       0.3129597    0.11994  61.7%     -    0s
H    0     0                       0.3129588    0.11994  61.7%     -    0s
H    0     0                       0.2980750    0.11994  59.8%     -    0s
H    0     0                       0.2980742    0.11994  59.8%     -    0s
     0     0    0.13050    0  197    0.29807    0.13050  56.2%     -    0s
     0     0    0.13050    0  200    0.29807    0.13050  56.2%     -    0s
H    0     0                       0.2075057    0.13050  37.1%     -    0s
     0     0    0.13566    0  219    0.20751    0.13566  34.6%     -    0s
H    0     0                       0.2075054    0.13566  34.6%     -    0s
H    0     0                       0.1845437    0.13566  26.5%     -    0s
     0     0    0.13992    0  239    0.18454    0.13992  24.2%     -    0s
     0     0    0.14065    0  263    0.18454    0.14065  23.8%     -    0s
H    0     0                       0.1845433    0.14065  23.8%     -    0s
     0     0    0.14067    0  254    0.18454    0.14067  23.8%     -    0s
     0     0    0.14214    0  241    0.18454    0.14214  23.0%     -    0s
     0     0    0.14214    0  239    0.18454    0.14214  23.0%     -    0s
     0     0    0.14259    0  248    0.18454    0.14259  22.7%     -    0s
     0     0    0.14259    0  248    0.18454    0.14259  22.7%     -    0s
     0     0    0.14324    0  265    0.18454    0.14324  22.4%     -    0s
     0     0    0.14327    0  257    0.18454    0.14327  22.4%     -    0s
     0     0    0.14332    0  258    0.18454    0.14332  22.3%     -    0s
     0     0    0.14333    0  237    0.18454    0.14333  22.3%     -    0s
     0     0    0.14339    0  234    0.18454    0.14339  22.3%     -    0s
     0     0    0.14339    0  226    0.18454    0.14339  22.3%     -    0s
     0     0    0.14339    0  236    0.18454    0.14339  22.3%     -    0s
     0     0    0.14339    0  232    0.18454    0.14339  22.3%     -    0s
     0     0    0.14340    0  236    0.18454    0.14340  22.3%     -    0s
     0     0    0.14340    0  214    0.18454    0.14340  22.3%     -    0s
     0     2    0.14340    0  214    0.18454    0.14340  22.3%     -    0s
H   80    68                       0.1833048    0.14834  19.1%   201    1s
H   81    69                       0.1795824    0.14834  17.4%   205    1s
H  118    79                       0.1795770    0.14834  17.4%   181    1s
H  154    96                       0.1795770    0.14834  17.4%   177    1s
H  156    96                       0.1795767    0.14834  17.4%   178    1s
H  199   118                       0.1778039    0.14834  16.6%   167    1s
H  308   188                       0.1778034    0.15168  14.7%   162    1s
H  312   176                       0.1766782    0.15168  14.2%   161    1s
H  602   268                       0.1763443    0.15395  12.7%   164    2s
H 1019   422                       0.1763440    0.15791  10.5%   170    2s
H 1106   427                       0.1747415    0.15841  9.34%   171    3s
H 1474   540                       0.1746426    0.15970  8.56%   174    4s
H 1587   559                       0.1742802    0.16055  7.88%   174    4s
  1865   631    0.17357   16  228    0.17428    0.16122  7.49%   182    5s
H 2129   644                       0.1737534    0.16175  6.91%   182    5s
H 2670   745                       0.1736886    0.16266  6.35%   187    6s
H 2700   739                       0.1734606    0.16266  6.23%   187    6s
  4192   950 infeasible   18         0.17346    0.16503  4.86%   196   10s
H 4194   951                       0.1734602    0.16503  4.86%   196   10s
H 4231   932                       0.1731670    0.16503  4.70%   197   10s
H 4964   980                       0.1728775    0.16616  3.88%   200   13s
H 5055   982                       0.1728773    0.16629  3.81%   201   14s
  5342   982    0.17073   21  182    0.17288    0.16659  3.64%   202   15s
  6184  1116    0.17184   39   67    0.17288    0.16694  3.43%   8.9   20s
H 6899   920                       0.1717637    0.16872  1.77%  16.0   21s
H 6999   807                       0.1717346    0.16873  1.75%  16.8   21s
H 7552   451                       0.1717342    0.17058  0.67%  21.6   21s

Cutting planes:
  Gomory: 16
  Cover: 1
  Implied bound: 65
  Clique: 4
  MIR: 29
  Flow cover: 171
  Inf proof: 23
  Zero half: 81

Explored 7773 nodes (1360796 simplex iterations) in 21.58 seconds
Thread count was 8 (of 8 available processors)

Solution count 10: 0.171734 0.171735 0.171764 ... 0.173753

Optimal solution found (tolerance 1.00e-04)
Best objective 1.717341525127e-01, best bound 1.717341525127e-01, gap 0.0000%

Gurobi 8.1.1 (linux64) logging started Fri Apr 16 19:45:44 2021

Academic license - for non-commercial use only
Presolve added 4208 rows and 0 columns
Presolve removed 0 rows and 579 columns
Presolve time: 0.03s
Optimize a model with 278 rows, 3588 columns and 4199 nonzeros
Model has 3055 general constraints
Variable types: 62 continuous, 3526 integer (3474 binary)
Coefficient statistics:
  Matrix range     [1e-07, 1e+00]
  Objective range  [1e+00, 1e+00]
  Bounds range     [1e+00, 8e+01]
  RHS range        [1e+00, 2e+01]
Presolve added 4208 rows and 0 columns
Presolve removed 0 rows and 579 columns
Presolve time: 0.03s
Presolved: 4486 rows, 3009 columns, 13179 nonzeros
Presolved model has 42 SOS constraint(s)
Variable types: 45 continuous, 2964 integer (2964 binary)

Root relaxation: objective 1.033311e-01, 1924 iterations, 0.07 seconds

    Nodes    |    Current Node    |     Objective Bounds      |     Work
 Expl Unexpl |  Obj  Depth IntInf | Incumbent    BestBd   Gap | It/Node Time

     0     0    0.10333    0  202          -    0.10333      -     -    0s
H    0     0                       0.2268352    0.10333  54.4%     -    0s
H    0     0                       0.2260182    0.10333  54.3%     -    0s
     0     0    0.11734    0  184    0.22602    0.11734  48.1%     -    0s
H    0     0                       0.2258256    0.11734  48.0%     -    0s
     0     0    0.11786    0  204    0.22583    0.11786  47.8%     -    0s
     0     0    0.11786    0  187    0.22583    0.11786  47.8%     -    0s
     0     0    0.11786    0  140    0.22583    0.11786  47.8%     -    0s
     0     0    0.11845    0  173    0.22583    0.11845  47.5%     -    0s
H    0     0                       0.2113948    0.11845  44.0%     -    0s
     0     0    0.11890    0  207    0.21139    0.11890  43.8%     -    0s
     0     0    0.11913    0  215    0.21139    0.11913  43.6%     -    0s
H    0     0                       0.1813781    0.11913  34.3%     -    0s
     0     0    0.12042    0  217    0.18138    0.12042  33.6%     -    0s
H    0     0                       0.1805362    0.12042  33.3%     -    0s
     0     0    0.12091    0  221    0.18054    0.12091  33.0%     -    0s
H    0     0                       0.1786093    0.12091  32.3%     -    0s
     0     0    0.12241    0  199    0.17861    0.12241  31.5%     -    0s
H    0     0                       0.1693756    0.12241  27.7%     -    0s
H    0     0                       0.1693755    0.12241  27.7%     -    0s
H    0     0                       0.1693748    0.12241  27.7%     -    0s
     0     0    0.12244    0  225    0.16937    0.12244  27.7%     -    0s
     0     0    0.12275    0  237    0.16937    0.12275  27.5%     -    0s
     0     0    0.12275    0  222    0.16937    0.12275  27.5%     -    0s
     0     0    0.12293    0  226    0.16937    0.12293  27.4%     -    0s
     0     0    0.12297    0  223    0.16937    0.12297  27.4%     -    0s
     0     0    0.12305    0  234    0.16937    0.12305  27.3%     -    1s
     0     0    0.12305    0  229    0.16937    0.12305  27.3%     -    1s
     0     0    0.12563    0  241    0.16937    0.12563  25.8%     -    1s
     0     0    0.12583    0  225    0.16937    0.12583  25.7%     -    1s
     0     0    0.12583    0  250    0.16937    0.12583  25.7%     -    1s
     0     0    0.12583    0  248    0.16937    0.12583  25.7%     -    1s
     0     2    0.12583    0  247    0.16937    0.12583  25.7%     -    1s
H   29    36                       0.1679647    0.12891  23.3%   249    1s
H   65    63                       0.1664063    0.12891  22.5%   226    1s
H   70    65                       0.1664061    0.12891  22.5%   221    1s
H  105    94                       0.1664027    0.12891  22.5%   199    2s
H  142   118                       0.1664021    0.12891  22.5%   185    2s
H  147   125                       0.1662826    0.12891  22.5%   186    2s
H  183   154                       0.1662824    0.12897  22.4%   177    2s
H  185   156                       0.1652027    0.12897  21.9%   178    2s
H  188   159                       0.1652024    0.12897  21.9%   178    2s
H  271   203                       0.1560650    0.12897  17.4%   176    2s
H  452   301                       0.1555435    0.13020  16.3%   175    3s
H  456   302                       0.1552802    0.13020  16.2%   175    3s
H  457   302                       0.1552795    0.13020  16.1%   175    3s
  1359   795 infeasible   21         0.15528    0.13653  12.1%   147    5s
H 1574   833                       0.1552794    0.13653  12.1%   154    7s
H 1618   817                       0.1552794    0.13653  12.1%   154    7s
H 1889   823                       0.1552793    0.13653  12.1%   151    9s
  2417   880    0.14564   24  128    0.15528    0.13935  10.3%   143   10s
  5298  1802    0.15518   35  118    0.15528    0.14265  8.13%   124   15s
H 5322  1744                       0.1541578    0.14265  7.47%   124   15s
  9392  2800    0.14620   31  121    0.15416    0.14465  6.17%   126   20s
 13732  3465     cutoff   43         0.15416    0.14618  5.17%   132   25s
H14366  3532                       0.1540325    0.14638  4.97%   132   26s
H18167  3898                       0.1540016    0.14727  4.37%   135   29s
 18656  3911     cutoff   37         0.15400    0.14751  4.22%   135   30s
H20457  4236                       0.1540011    0.14804  3.87%   135   34s
H20458  4237                       0.1540009    0.14804  3.87%   135   34s
H20550  4128                       0.1536237    0.14804  3.64%   135   34s
 20667  4004     cutoff   43         0.15362    0.14807  3.62%   136   35s
 27037  5216    0.15171   40  123    0.15362    0.14908  2.96%   132   40s
 29902  5701    0.15117   33  141    0.15362    0.14944  2.72%   130   53s
 32451  5868    0.15352   35  135    0.15362    0.14978  2.50%   131   55s
 37048  5769     cutoff   29         0.15362    0.15043  2.08%   134   60s
H38012  5719                       0.1534589    0.15052  1.91%   135   61s
H40213  5528                       0.1533980    0.15080  1.70%   136   63s
H40357  5489                       0.1533252    0.15089  1.59%   136   63s
 41850  4943     cutoff   38         0.15333    0.15115  1.42%   138   65s
 46141  3784    0.15242   43  107    0.15333    0.15173  1.04%   140   70s
 50637  1808     cutoff   36         0.15333    0.15242  0.59%   143   75s

Cutting planes:
  Gomory: 8
  Cover: 3
  Implied bound: 50
  Clique: 2
  MIR: 23
  Flow cover: 272
  Inf proof: 4
  Zero half: 58

Explored 53353 nodes (7641284 simplex iterations) in 77.70 seconds
Thread count was 8 (of 8 available processors)

Solution count 10: 0.153325 0.153398 0.153459 ... 0.155279

Optimal solution found (tolerance 1.00e-04)
Best objective 1.533252455714e-01, best bound 1.533252455714e-01, gap 0.0000%

Gurobi 8.1.1 (linux64) logging started Fri Apr 16 19:47:02 2021

Academic license - for non-commercial use only
Presolve added 5218 rows and 0 columns
Presolve removed 0 rows and 741 columns
Presolve time: 0.04s
Optimize a model with 282 rows, 4649 columns and 5349 nonzeros
Model has 4069 general constraints
Variable types: 64 continuous, 4585 integer (4532 binary)
Coefficient statistics:
  Matrix range     [1e-07, 1e+00]
  Objective range  [1e+00, 1e+00]
  Bounds range     [1e+00, 8e+01]
  RHS range        [1e+00, 2e+01]
Presolve added 5218 rows and 0 columns
Presolve removed 0 rows and 741 columns
Presolve time: 0.04s
Presolved: 5500 rows, 3908 columns, 16268 nonzeros
Presolved model has 42 SOS constraint(s)
Variable types: 45 continuous, 3863 integer (3863 binary)

Root relaxation: objective 9.076539e-02, 2005 iterations, 0.11 seconds

    Nodes    |    Current Node    |     Objective Bounds      |     Work
 Expl Unexpl |  Obj  Depth IntInf | Incumbent    BestBd   Gap | It/Node Time

     0     0    0.09077    0  205          -    0.09077      -     -    0s
H    0     0                       0.3316508    0.09077  72.6%     -    0s
H    0     0                       0.2577754    0.09077  64.8%     -    0s
     0     0    0.09903    0  229    0.25778    0.09903  61.6%     -    0s
H    0     0                       0.2401455    0.09903  58.8%     -    0s
     0     0    0.09903    0  244    0.24015    0.09903  58.8%     -    0s
H    0     0                       0.2400740    0.09903  58.7%     -    0s
     0     0    0.10051    0  220    0.24007    0.10051  58.1%     -    0s
     0     0    0.10063    0  225    0.24007    0.10063  58.1%     -    0s
H    0     0                       0.2209273    0.10063  54.5%     -    0s
     0     0    0.10252    0  183    0.22093    0.10252  53.6%     -    0s
     0     0    0.10277    0  191    0.22093    0.10277  53.5%     -    0s
H    0     0                       0.2010526    0.10277  48.9%     -    0s
     0     0    0.10375    0  235    0.20105    0.10375  48.4%     -    0s
     0     0    0.10376    0  235    0.20105    0.10376  48.4%     -    0s
H    0     0                       0.1839515    0.10376  43.6%     -    0s
H    0     0                       0.1833388    0.10376  43.4%     -    0s
     0     0    0.10385    0  237    0.18334    0.10385  43.4%     -    0s
     0     0    0.10385    0  240    0.18334    0.10385  43.4%     -    0s
     0     0    0.10391    0  218    0.18334    0.10391  43.3%     -    0s
     0     0    0.10395    0  222    0.18334    0.10395  43.3%     -    0s
H    0     0                       0.1786055    0.10395  41.8%     -    0s
     0     0    0.10396    0  241    0.17861    0.10396  41.8%     -    0s
     0     0    0.10396    0  234    0.17861    0.10396  41.8%     -    0s
H    0     0                       0.1649350    0.10396  37.0%     -    0s
H    0     0                       0.1560072    0.10396  33.4%     -    0s
     0     0    0.10396    0  280    0.15601    0.10396  33.4%     -    0s
     0     0    0.10396    0  275    0.15601    0.10396  33.4%     -    0s
     0     0    0.10396    0  265    0.15601    0.10396  33.4%     -    0s
     0     0    0.10396    0  261    0.15601    0.10396  33.4%     -    0s
     0     0    0.10396    0  271    0.15601    0.10396  33.4%     -    0s
     0     0    0.10396    0  236    0.15601    0.10396  33.4%     -    1s
     0     2    0.10396    0  236    0.15601    0.10396  33.4%     -    1s
H   68    58                       0.1560070    0.10895  30.2%   214    1s
H  310   280                       0.1546774    0.10895  29.6%   146    2s
H  501   405                       0.1516701    0.10968  27.7%   123    4s
H  502   400                       0.1498235    0.10968  26.8%   123    4s
  1001   752    0.14742   39  175    0.14982    0.11187  25.3%   110    5s
  1477  1094    0.11740   17  272    0.14982    0.11509  23.2%   9.5   10s
H 1969  1270                       0.1489460    0.12503  16.1%  45.1   11s
H 1994  1228                       0.1489457    0.12503  16.1%  45.6   12s
H 2071  1157                       0.1466578    0.12503  14.7%  47.2   12s
H 2174  1135                       0.1466576    0.12503  14.7%  50.5   12s
H 2235  1102                       0.1466575    0.12503  14.7%  53.4   12s
H 2296  1077                       0.1466569    0.12520  14.6%  56.6   12s
  2885  1234    0.13551   29  166    0.14666    0.12892  12.1%  73.9   15s
H 3557  1266                       0.1458497    0.13093  10.2%  90.1   19s
H 3559  1187                       0.1453916    0.13093  9.95%  90.1   19s
H 3565  1164                       0.1453915    0.13093  9.95%  90.5   19s
  3918  1324    0.14345   36  216    0.14539    0.13143  9.61%  96.1   20s
  6511  2265    0.14085   34  194    0.14539    0.13517  7.03%   123   25s
  9306  3244     cutoff   50         0.14539    0.13689  5.85%   132   30s
 11877  3915 infeasible   38         0.14539    0.13797  5.11%   138   35s
 15040  4664    0.14493   45  197    0.14539    0.13882  4.52%   142   40s
H16824  5142                       0.1452867    0.13919  4.20%   143   44s
 16825  5074    0.14499   30  153    0.14529    0.13920  4.19%   143   45s
H17741  5215                       0.1449935    0.13938  3.87%   143   46s
H17782  4625                       0.1441769    0.13938  3.33%   143   46s
 19755  4827    0.14241   38  165    0.14418    0.13993  2.94%   146   50s
 22763  5086     cutoff   39         0.14418    0.14074  2.38%   149   56s
H22768  4383                       0.1436569    0.14074  2.03%   149   56s
H23058  4456                       0.1436568    0.14078  2.00%   149   56s
 25087  4466    0.14136   45   81    0.14366    0.14101  1.84%   148   60s
H27262  4857                       0.1435461    0.14124  1.61%   145   62s
 28815  4682    0.14238   38  147    0.14355    0.14150  1.42%   146   65s
 31712  4520     cutoff   32         0.14355    0.14183  1.20%   147   70s
 35608  4350     cutoff   36         0.14355    0.14211  1.00%   144   75s
 39360  3762     cutoff   45         0.14355    0.14238  0.81%   141   80s
 43393  2925     cutoff   29         0.14355    0.14268  0.60%   139   85s
 47478  1245     cutoff   34         0.14355    0.14305  0.35%   137   90s

Cutting planes:
  Gomory: 3
  Cover: 1
  Implied bound: 240
  Clique: 3
  MIR: 29
  Flow cover: 358
  Inf proof: 313
  Zero half: 200

Explored 49280 nodes (6962266 simplex iterations) in 92.55 seconds
Thread count was 8 (of 8 available processors)

Solution count 10: 0.143546 0.143657 0.143657 ... 0.146657

Optimal solution found (tolerance 1.00e-04)
Best objective 1.435460661000e-01, best bound 1.435460661000e-01, gap 0.0000%

Gurobi 8.1.1 (linux64) logging started Fri Apr 16 19:48:35 2021

Academic license - for non-commercial use only
Presolve added 6358 rows and 0 columns
Presolve removed 0 rows and 929 columns
Presolve time: 0.04s
Optimize a model with 286 rows, 5866 columns and 6655 nonzeros
Model has 5239 general constraints
Variable types: 66 continuous, 5800 integer (5746 binary)
Coefficient statistics:
  Matrix range     [1e-07, 1e+00]
  Objective range  [1e+00, 1e+00]
  Bounds range     [1e+00, 8e+01]
  RHS range        [1e+00, 2e+01]
Presolve added 6358 rows and 0 columns
Presolve removed 0 rows and 929 columns
Presolve time: 0.04s
Presolved: 6644 rows, 4937 columns, 19747 nonzeros
Presolved model has 42 SOS constraint(s)
Variable types: 45 continuous, 4892 integer (4892 binary)

Root relaxation: objective 8.092458e-02, 2471 iterations, 0.12 seconds

    Nodes    |    Current Node    |     Objective Bounds      |     Work
 Expl Unexpl |  Obj  Depth IntInf | Incumbent    BestBd   Gap | It/Node Time

     0     0    0.08092    0  220          -    0.08092      -     -    0s
H    0     0                       0.2518799    0.08092  67.9%     -    0s
     0     0    0.08740    0  217    0.25188    0.08740  65.3%     -    0s
H    0     0                       0.2175839    0.08740  59.8%     -    0s
H    0     0                       0.1912808    0.08740  54.3%     -    0s
     0     0    0.08924    0  220    0.19128    0.08924  53.3%     -    0s
     0     0    0.08938    0  216    0.19128    0.08938  53.3%     -    0s
H    0     0                       0.1834175    0.08938  51.3%     -    0s
H    0     0                       0.1826383    0.08938  51.1%     -    0s
     0     0    0.09043    0  244    0.18264    0.09043  50.5%     -    0s
     0     0    0.09043    0  244    0.18264    0.09043  50.5%     -    0s
H    0     0                       0.1709663    0.09043  47.1%     -    0s
     0     0    0.09121    0  261    0.17097    0.09121  46.7%     -    0s
     0     0    0.09137    0  233    0.17097    0.09137  46.6%     -    0s
H    0     0                       0.1635328    0.09137  44.1%     -    0s
     0     0    0.09147    0  193    0.16353    0.09147  44.1%     -    0s
     0     0    0.09147    0  190    0.16353    0.09147  44.1%     -    0s
H    0     0                       0.1462546    0.09147  37.5%     -    0s
H    0     0                       0.1442349    0.09147  36.6%     -    0s
H    0     0                       0.1442346    0.09147  36.6%     -    0s
H    0     0                       0.1442343    0.09147  36.6%     -    0s
     0     0    0.09152    0  216    0.14423    0.09152  36.6%     -    0s
     0     0    0.09152    0  186    0.14423    0.09152  36.5%     -    0s
     0     0    0.09153    0  188    0.14423    0.09153  36.5%     -    0s
     0     0    0.09153    0  183    0.14423    0.09153  36.5%     -    0s
     0     0    0.09153    0  216    0.14423    0.09153  36.5%     -    0s
     0     0    0.09153    0  214    0.14423    0.09153  36.5%     -    0s
     0     0    0.09153    0  227    0.14423    0.09153  36.5%     -    0s
     0     0    0.09153    0  213    0.14423    0.09153  36.5%     -    1s
     0     0    0.09153    0  219    0.14423    0.09153  36.5%     -    1s
     0     0    0.09153    0  207    0.14423    0.09153  36.5%     -    1s
     0     2    0.09153    0  205    0.14423    0.09153  36.5%     -    1s
H   71    68                       0.1442342    0.09447  34.5%   147    2s
H  196   181                       0.1442340    0.09497  34.2%   132    2s
H  605   544                       0.1442199    0.09497  34.1%   122    3s
H 1376  1211                       0.1439384    0.09505  34.0%   113    4s
H 1379  1213                       0.1439015    0.09505  33.9%   112    4s
H 1382  1205                       0.1431587    0.09505  33.6%   113    4s
  1384  1209    0.13293   71  166    0.14316    0.09505  33.6%   113    5s
  1915  1483    0.13332   36  187    0.14316    0.09940  30.6%  50.9   10s
  4363  2649    0.12034   23  191    0.14316    0.10604  25.9%  95.9   15s
  5879  3518    0.12903   22  206    0.14316    0.10818  24.4%   104   21s
  8057  5192    0.12782   20  213    0.14316    0.11168  22.0%   113   25s
 10461  7027    0.13520   36  177    0.14316    0.11289  21.1%   120   30s
 13848  9589    0.12886   24  140    0.14316    0.11433  20.1%   122   35s
 16575 11667    0.12562   28  180    0.14316    0.11557  19.3%   124   40s
 19230 13647    0.12800   38  133    0.14316    0.11629  18.8%   126   45s
 22311 15942    0.13258   36  211    0.14316    0.11744  18.0%   128   50s
 25368 18187    0.13375   47  158    0.14316    0.11831  17.4%   132   56s
 27605 19864    0.12529   22  176    0.14316    0.11867  17.1%   132   60s
 29365 21187    0.13526   41  148    0.14316    0.11897  16.9%   133   75s
H31892 22722                       0.1429834    0.11937  16.5%   135   79s
 32334 23122    0.12388   26  189    0.14298    0.11953  16.4%   135   81s
H32544 23233                       0.1429829    0.11957  16.4%   135   81s
H33085 23610                       0.1429822    0.11968  16.3%   136   82s
 34068 24135    0.12656   23  217    0.14298    0.11982  16.2%   137   85s
 35668 24948    0.13871   51  156    0.14298    0.12010  16.0%   140   90s
H36229 24802                       0.1425934    0.12021  15.7%   141   92s
H36315 24846                       0.1425921    0.12021  15.7%   141   94s
 36581 24978    0.13133   49  170    0.14259    0.12022  15.7%   142   95s
 38511 26095    0.14008   45  130    0.14259    0.12055  15.5%   143  101s
 40712 27321 infeasible   69         0.14259    0.12089  15.2%   146  106s
 42116 28105     cutoff   32         0.14259    0.12110  15.1%   148  110s
 44178 29213    0.12550   24  189    0.14259    0.12148  14.8%   151  115s
 46601 30619     cutoff   49         0.14259    0.12168  14.7%   153  121s
 48129 31455    0.12762   25  267    0.14259    0.12180  14.6%   154  125s
H49132 29513                       0.1411432    0.12190  13.6%   156  130s
H49138 29515                       0.1411425    0.12190  13.6%   156  130s
H49142 29516                       0.1411424    0.12190  13.6%   156  137s
H49144 29518                       0.1411422    0.12190  13.6%   156  137s
 49299 29543    0.13701   37  202    0.14114    0.12190  13.6%   156  140s
 51532 30738    0.13028   27  205    0.14114    0.12208  13.5%   159  146s
 52968 31523    0.12562   30  178    0.14114    0.12219  13.4%   160  151s
 54723 32505    0.13917   37  120    0.14114    0.12235  13.3%   161  156s
 56161 33206    0.13571   27  159    0.14114    0.12248  13.2%   163  160s
H57309 32922                       0.1406708    0.12255  12.9%   163  162s
 58512 33526    0.13483   40  158    0.14067    0.12263  12.8%   165  167s
 60091 34369     cutoff   41         0.14067    0.12275  12.7%   166  171s
 61363 34940    0.13081   31  206    0.14067    0.12287  12.7%   167  175s
 62720 35687     cutoff   41         0.14067    0.12296  12.6%   168  180s
 64305 36575    0.13677   41  133    0.14067    0.12303  12.5%   169  185s
 66765 37763    0.13830   41  139    0.14067    0.12317  12.4%   171  192s
 68468 38730    0.13721   75  165    0.14067    0.12324  12.4%   172  196s
 70234 39687    0.13254   35  199    0.14067    0.12334  12.3%   173  200s
 71988 40649    0.13608   30  267    0.14067    0.12341  12.3%   174  205s
 73328 41409    0.13745   24  175    0.14067    0.12347  12.2%   174  210s
 74899 42201     cutoff   44         0.14067    0.12356  12.2%   175  215s
 76538 43093    0.13265   29  228    0.14067    0.12366  12.1%   176  220s
 77883 43759    0.14017   39  138    0.14067    0.12373  12.0%   177  225s
 80218 44817    0.13832   36  170    0.14067    0.12385  12.0%   179  232s
 81758 45558    0.14010   46  122    0.14067    0.12395  11.9%   180  236s
 83488 46394    0.13446   33  191    0.14067    0.12403  11.8%   181  240s
 86018 47576    0.13782   48  181    0.14067    0.12417  11.7%   182  246s
 87547 48283    0.13939   63   57    0.14067    0.12426  11.7%   183  251s
 89131 49072    0.13491   33  190    0.14067    0.12431  11.6%   183  255s
 90894 50002    0.13917   52  120    0.14067    0.12440  11.6%   184  260s
 92443 50688    0.14046   53  141    0.14067    0.12447  11.5%   184  265s
 93870 51338    0.13206   35  175    0.14067    0.12455  11.5%   185  270s
 96218 52469    0.13823   36  160    0.14067    0.12466  11.4%   186  276s
 97861 53346    0.13694   35  231    0.14067    0.12477  11.3%   187  281s
 99494 54124    0.12900   28  316    0.14067    0.12485  11.2%   187  285s
 102144 55448    0.13608   48  169    0.14067    0.12495  11.2%   188  292s
H102971 55474                       0.1405220    0.12498  11.1%   188  294s
 103755 55923    0.13326   50  200    0.14052    0.12502  11.0%   189  300s
H103759 55924                       0.1405213    0.12502  11.0%   189  300s

Cutting planes:
  Gomory: 25
  Cover: 23
  Implied bound: 267
  Clique: 3
  MIR: 33
  StrongCG: 1
  Flow cover: 444
  GUB cover: 1
  Inf proof: 115
  Zero half: 339

Explored 103825 nodes (19746945 simplex iterations) in 300.02 seconds
Thread count was 8 (of 8 available processors)

Solution count 10: 0.140521 0.140522 0.140671 ... 0.142982

Time limit reached
Best objective 1.405213425687e-01, best bound 1.250189966686e-01, gap 11.0320%

Gurobi 8.1.1 (linux64) logging started Fri Apr 16 19:53:35 2021

Academic license - for non-commercial use only
Presolve added 7628 rows and 0 columns
Presolve removed 0 rows and 1143 columns
Presolve time: 0.05s
Optimize a model with 290 rows, 7239 columns and 8117 nonzeros
Model has 6565 general constraints
Variable types: 68 continuous, 7171 integer (7116 binary)
Coefficient statistics:
  Matrix range     [1e-07, 1e+00]
  Objective range  [1e+00, 1e+00]
  Bounds range     [1e+00, 8e+01]
  RHS range        [1e+00, 2e+01]
Presolve added 7628 rows and 0 columns
Presolve removed 0 rows and 1143 columns
Presolve time: 0.05s
Presolved: 7918 rows, 6096 columns, 23616 nonzeros
Presolved model has 42 SOS constraint(s)
Variable types: 45 continuous, 6051 integer (6051 binary)

Root relaxation: objective 7.300995e-02, 3213 iterations, 0.19 seconds

    Nodes    |    Current Node    |     Objective Bounds      |     Work
 Expl Unexpl |  Obj  Depth IntInf | Incumbent    BestBd   Gap | It/Node Time

     0     0    0.07301    0  204          -    0.07301      -     -    0s
H    0     0                       0.2149513    0.07301  66.0%     -    0s
H    0     0                       0.2095072    0.07301  65.2%     -    0s
     0     0    0.07908    0  212    0.20951    0.07908  62.3%     -    0s
     0     0    0.07918    0  184    0.20951    0.07918  62.2%     -    0s
     0     0    0.07961    0  225    0.20951    0.07961  62.0%     -    0s
     0     0    0.07961    0  202    0.20951    0.07961  62.0%     -    0s
H    0     0                       0.1952002    0.07961  59.2%     -    0s
     0     0    0.07967    0  201    0.19520    0.07967  59.2%     -    1s
     0     0    0.07970    0  207    0.19520    0.07970  59.2%     -    1s
     0     0    0.07977    0  202    0.19520    0.07977  59.1%     -    1s
     0     0    0.07977    0  194    0.19520    0.07977  59.1%     -    1s
     0     0    0.08017    0  222    0.19520    0.08017  58.9%     -    1s
     0     0    0.08035    0  214    0.19520    0.08035  58.8%     -    1s
     0     0    0.08130    0  210    0.19520    0.08130  58.4%     -    1s
     0     0    0.08135    0  185    0.19520    0.08135  58.3%     -    1s
     0     0    0.08163    0  206    0.19520    0.08163  58.2%     -    1s
     0     0    0.08163    0  203    0.19520    0.08163  58.2%     -    1s
     0     0    0.08163    0  217    0.19520    0.08163  58.2%     -    1s
H    0     0                       0.1924312    0.08163  57.6%     -    1s
     0     0    0.08163    0  215    0.19243    0.08163  57.6%     -    1s
     0     0    0.08163    0  208    0.19243    0.08163  57.6%     -    1s
     0     0    0.08163    0  210    0.19243    0.08163  57.6%     -    1s
     0     0    0.08163    0  207    0.19243    0.08163  57.6%     -    1s
     0     0    0.08163    0  200    0.19243    0.08163  57.6%     -    1s
     0     0    0.08163    0  204    0.19243    0.08163  57.6%     -    1s
     0     0    0.08163    0  204    0.19243    0.08163  57.6%     -    1s
     0     2    0.08163    0  204    0.19243    0.08163  57.6%     -    1s
H   33    30                       0.1912705    0.08232  57.0%   164    2s
H   63    47                       0.1912704    0.08232  57.0%   120    2s
H   67    52                       0.1845562    0.08232  55.4%   126    2s
H   97    72                       0.1827879    0.08232  55.0%   113    2s
H  101    69                       0.1680588    0.08232  51.0%   111    2s
H  145    75                       0.1671367    0.08232  50.7%   110    3s
H  148    71                       0.1658098    0.08232  50.4%   109    3s
H  181    90                       0.1644516    0.08232  49.9%   113    3s
H  182    90                       0.1625997    0.08232  49.4%   114    3s
H  683   562                       0.1603628    0.08430  47.4%  72.3    4s
H  688   567                       0.1600641    0.08430  47.3%  72.1    4s
H  720   573                       0.1566979    0.08430  46.2%  72.2    4s
H  761   591                       0.1564040    0.08430  46.1%  72.6    4s
H  765   591                       0.1563985    0.08430  46.1%  72.3    4s
H  868   565                       0.1404362    0.08825  37.2%  74.5    4s
  1038   696    0.12882  101  149    0.14044    0.08825  37.2%  77.9    5s
H 1071   723                       0.1401771    0.08825  37.0%  77.5    5s
H 1076   720                       0.1399846    0.08825  37.0%  77.1    5s
H 1080   713                       0.1398873    0.08825  36.9%  76.9    5s
H 1488   980                       0.1398872    0.09415  32.7%  78.7    7s
H 1500   938                       0.1398870    0.09415  32.7%  78.1    8s
  1510   954    0.09415   14  178    0.13989    0.09415  32.7%  84.7   10s
H 1613   940                       0.1396028    0.09420  32.5%  94.4   11s
H 1968   985                       0.1358530    0.09576  29.5%   106   14s
  2206  1078    0.12731   53  206    0.13585    0.09576  29.5%   110   15s
H 3345  1408                       0.1356385    0.09812  27.7%   124   18s
  3574  1490    0.11182   29  204    0.13564    0.10022  26.1%   124   20s
H 3578  1452                       0.1356285    0.10022  26.1%   124   20s
  4904  2321    0.12399   30  201    0.13563    0.10159  25.1%   127   25s
H 4936  2279                       0.1343404    0.10159  24.4%   127   25s
  6579  3375    0.11545   28  178    0.13434    0.10237  23.8%   130   30s
  6795  3502    0.12192   37  210    0.13434    0.10237  23.8%   132   37s
H 6806  3519                       0.1343403    0.10237  23.8%   132   37s
H 6819  3477                       0.1337710    0.10237  23.5%   132   37s
H 6820  3093                       0.1308261    0.10237  21.8%   132   37s
  7606  3505    0.12281   34  168    0.13083    0.10333  21.0%   133   40s
  8027  3683    0.11980   35  142    0.13083    0.10358  20.8%   136   45s
  9773  4591    0.11775   28  187    0.13083    0.10483  19.9%   143   50s
 11379  5317    0.11002   33  166    0.13083    0.10591  19.0%   147   55s
 13455  6457    0.12079   44  177    0.13083    0.10681  18.4%   149   60s
 15892  7639    0.11295   32  192    0.13083    0.10788  17.5%   151   65s
 17744  8583 infeasible   66         0.13083    0.10822  17.3%   151   70s
 20176  9890    0.12608   38  173    0.13083    0.10889  16.8%   151   76s
 20963 10267    0.10986   30  173    0.13083    0.10933  16.4%   151   80s
 23553 11595    0.12377   30  230    0.13083    0.10989  16.0%   153   86s
 26434 13007    0.11456   27  188    0.13083    0.11052  15.5%   153   92s
 28027 13878    0.12498   42  127    0.13083    0.11073  15.4%   153   96s
 29544 14683     cutoff   42         0.13083    0.11104  15.1%   153  113s
 30453 15171    0.13074   57  140    0.13083    0.11104  15.1%   153  115s
 32774 16367    0.12398   42  246    0.13083    0.11150  14.8%   154  120s
 35125 17497    0.12639   36  158    0.13083    0.11172  14.6%   156  126s
 37517 18781    0.11662   27  199    0.13083    0.11198  14.4%   157  131s
 38901 19454    0.12735   28  200    0.13083    0.11212  14.3%   158  135s
 40907 20488    0.12057   34  194    0.13083    0.11233  14.1%   159  141s
 42359 21162    0.12920   36  158    0.13083    0.11251  14.0%   161  146s
 43896 21862 infeasible   40         0.13083    0.11267  13.9%   161  151s
 45444 22639    0.12145   46  146    0.13083    0.11281  13.8%   162  157s
 46178 22942    0.12897   31  191    0.13083    0.11286  13.7%   163  160s
 47851 23807 infeasible   58         0.13083    0.11306  13.6%   164  166s
 48706 24243    0.12248   32  190    0.13083    0.11314  13.5%   164  170s
 50353 25013     cutoff   39         0.13083    0.11325  13.4%   165  176s
 51927 25741    0.12452   45  192    0.13083    0.11341  13.3%   166  182s
 53362 26489    0.12630   40  176    0.13083    0.11359  13.2%   166  187s
 54181 26931    0.12258   37  187    0.13083    0.11367  13.1%   167  190s
 55689 27665    0.11784   27  244    0.13083    0.11380  13.0%   167  196s
 57252 28388    0.12556   39  167    0.13083    0.11392  12.9%   168  201s
 58908 29152 infeasible   37         0.13083    0.11400  12.9%   168  206s
 60617 29974    0.11544   30  204    0.13083    0.11410  12.8%   169  211s
 62345 30796    0.12340   33  170    0.13083    0.11421  12.7%   169  216s
 63979 31636     cutoff   33         0.13083    0.11428  12.6%   170  221s
 65659 32415    0.12900   42  170    0.13083    0.11438  12.6%   170  226s
 66879 32995    0.12300   60  146    0.13083    0.11446  12.5%   171  231s
 68491 33757     cutoff   67         0.13083    0.11455  12.4%   171  237s
 70170 34520     cutoff   45         0.13083    0.11465  12.4%   172  242s
 70967 34913    0.12296   33  141    0.13083    0.11470  12.3%   172  245s
 72546 35604    0.12439   52  183    0.13083    0.11476  12.3%   173  250s
 74060 36284    0.11921   34  241    0.13083    0.11486  12.2%   173  257s
 75725 37104     cutoff   45         0.13083    0.11493  12.1%   173  262s
 77304 37799    0.11856   43  150    0.13083    0.11502  12.1%   174  268s
 77529 37857    0.12955   40  147    0.13083    0.11503  12.1%   174  270s
 79228 38574    0.12090   34  196    0.13083    0.11511  12.0%   175  275s
 80832 39186    0.12193   43  148    0.13083    0.11520  11.9%   175  281s
 82480 39915    0.12559   35  156    0.13083    0.11531  11.9%   176  286s
 83861 40556    0.12133   34  210    0.13083    0.11537  11.8%   176  292s
 84696 40885    0.12714   45  199    0.13083    0.11542  11.8%   176  295s
 86375 41643    0.12788   40  115    0.13083    0.11549  11.7%   177  300s

Cutting planes:
  Gomory: 12
  Cover: 1
  Implied bound: 51
  Clique: 2
  MIR: 6
  StrongCG: 1
  Flow cover: 393
  Inf proof: 3
  Zero half: 168

Explored 86867 nodes (15378330 simplex iterations) in 300.05 seconds
Thread count was 8 (of 8 available processors)

Solution count 10: 0.130826 0.133771 0.13434 ... 0.139887

Time limit reached
Best objective 1.308260795850e-01, best bound 1.154975270086e-01, gap 11.7167%
